=== Starting fine-tune job on node: d1010 ===
Sun Nov 30 19:29:20 2025       
+---------------------------------------------------------------------------------------+
| NVIDIA-SMI 545.23.08              Driver Version: 545.23.08    CUDA Version: 12.3     |
|-----------------------------------------+----------------------+----------------------+
| GPU  Name                 Persistence-M | Bus-Id        Disp.A | Volatile Uncorr. ECC |
| Fan  Temp   Perf          Pwr:Usage/Cap |         Memory-Usage | GPU-Util  Compute M. |
|                                         |                      |               MIG M. |
|=========================================+======================+======================|
|   0  Tesla V100-SXM2-32GB           On  | 00000000:3B:00.0 Off |                    0 |
| N/A   35C    P0              43W / 300W |      0MiB / 32768MiB |      0%      Default |
|                                         |                      |                  N/A |
+-----------------------------------------+----------------------+----------------------+
                                                                                         
+---------------------------------------------------------------------------------------+
| Processes:                                                                            |
|  GPU   GI   CI        PID   Type   Process name                            GPU Memory |
|        ID   ID                                                             Usage      |
|=======================================================================================|
|  No running processes found                                                           |
+---------------------------------------------------------------------------------------+
[Device] Using cuda
[Class Weights] Loaded from class_freqs.npy
[SURREAL] Scanning: /home/channagiri.b/SmallData_Project/Dataset/SURREAL/data/cmu/train
[SURREAL] [train] Total samples indexed: 250000
[SURREAL] Scanning: /home/channagiri.b/SmallData_Project/Dataset/SURREAL/data/cmu/val
[SURREAL] [val] Total samples indexed: 10000
[Resume] Loaded from /home/channagiri.b/SmallData_Project/Output_Sanity/segformer_b2_epoch_6.pth (epoch 6)
[Fine-tune] Resuming from epoch 7
[Epoch 7] Step 50/31250 Loss: 0.0263 | 0.19s/step | ETA 01:41m
[Epoch 7] Step 100/31250 Loss: 0.0251 | 0.07s/step | ETA 00:36m
[Epoch 7] Step 150/31250 Loss: 0.0261 | 0.07s/step | ETA 00:36m
[Epoch 7] Step 200/31250 Loss: 0.0249 | 0.07s/step | ETA 00:36m
[Epoch 7] Step 250/31250 Loss: 0.0243 | 0.07s/step | ETA 00:36m
[Epoch 7] Step 300/31250 Loss: 0.0245 | 0.07s/step | ETA 00:35m
[Epoch 7] Step 350/31250 Loss: 0.0244 | 0.07s/step | ETA 00:35m
[Epoch 7] Step 400/31250 Loss: 0.0233 | 0.07s/step | ETA 00:35m
[Epoch 7] Step 450/31250 Loss: 0.0253 | 0.07s/step | ETA 00:35m
[Epoch 7] Step 500/31250 Loss: 0.0261 | 0.07s/step | ETA 00:35m
[Epoch 7] Step 550/31250 Loss: 0.0253 | 0.07s/step | ETA 00:35m
[Epoch 7] Step 600/31250 Loss: 0.0251 | 0.07s/step | ETA 00:35m
[Epoch 7] Step 650/31250 Loss: 0.0252 | 0.07s/step | ETA 00:35m
[Epoch 7] Step 700/31250 Loss: 0.0248 | 0.07s/step | ETA 00:35m
[Epoch 7] Step 750/31250 Loss: 0.0262 | 0.07s/step | ETA 00:35m
[Epoch 7] Step 800/31250 Loss: 0.0248 | 0.07s/step | ETA 00:35m
[Epoch 7] Step 850/31250 Loss: 0.0243 | 0.07s/step | ETA 00:35m
[Epoch 7] Step 900/31250 Loss: 0.0259 | 0.07s/step | ETA 00:35m
[Epoch 7] Step 950/31250 Loss: 0.0241 | 0.07s/step | ETA 00:37m
[Epoch 7] Step 1000/31250 Loss: 0.0243 | 0.07s/step | ETA 00:35m
[Epoch 7] Step 1050/31250 Loss: 0.0253 | 0.07s/step | ETA 00:34m
[Epoch 7] Step 1100/31250 Loss: 0.0240 | 0.07s/step | ETA 00:34m
[Epoch 7] Step 1150/31250 Loss: 0.0254 | 0.07s/step | ETA 00:34m
[Epoch 7] Step 1200/31250 Loss: 0.0263 | 0.07s/step | ETA 00:34m
[Epoch 7] Step 1250/31250 Loss: 0.0254 | 0.07s/step | ETA 00:34m
[Epoch 7] Step 1300/31250 Loss: 0.0254 | 0.07s/step | ETA 00:34m
[Epoch 7] Step 1350/31250 Loss: 0.0267 | 0.07s/step | ETA 00:34m
[Epoch 7] Step 1400/31250 Loss: 0.0251 | 0.07s/step | ETA 00:34m
[Epoch 7] Step 1450/31250 Loss: 0.0241 | 0.07s/step | ETA 00:34m
[Epoch 7] Step 1500/31250 Loss: 0.0255 | 0.07s/step | ETA 00:34m
[Epoch 7] Step 1550/31250 Loss: 0.0257 | 0.07s/step | ETA 00:34m
[Epoch 7] Step 1600/31250 Loss: 0.0245 | 0.07s/step | ETA 00:34m
[Epoch 7] Step 1650/31250 Loss: 0.0272 | 0.07s/step | ETA 00:34m
[Epoch 7] Step 1700/31250 Loss: 0.0246 | 0.07s/step | ETA 00:34m
[Epoch 7] Step 1750/31250 Loss: 0.0260 | 0.07s/step | ETA 00:34m
[Epoch 7] Step 1800/31250 Loss: 0.0238 | 0.07s/step | ETA 00:34m
[Epoch 7] Step 1850/31250 Loss: 0.0245 | 0.07s/step | ETA 00:34m
[Epoch 7] Step 1900/31250 Loss: 0.0251 | 0.07s/step | ETA 00:33m
[Epoch 7] Step 1950/31250 Loss: 0.0259 | 0.07s/step | ETA 00:34m
[Epoch 7] Step 2000/31250 Loss: 0.0246 | 0.07s/step | ETA 00:34m
[Epoch 7] Step 2050/31250 Loss: 0.0249 | 0.07s/step | ETA 00:34m
[Epoch 7] Step 2100/31250 Loss: 0.0242 | 0.07s/step | ETA 00:34m
[Epoch 7] Step 2150/31250 Loss: 0.0249 | 0.07s/step | ETA 00:35m
[Epoch 7] Step 2200/31250 Loss: 0.0260 | 0.07s/step | ETA 00:33m
[Epoch 7] Step 2250/31250 Loss: 0.0247 | 0.07s/step | ETA 00:33m
[Epoch 7] Step 2300/31250 Loss: 0.0253 | 0.07s/step | ETA 00:33m
[Epoch 7] Step 2350/31250 Loss: 0.0238 | 0.07s/step | ETA 00:33m
[Epoch 7] Step 2400/31250 Loss: 0.0233 | 0.07s/step | ETA 00:33m
[Epoch 7] Step 2450/31250 Loss: 0.0239 | 0.07s/step | ETA 00:33m
[Epoch 7] Step 2500/31250 Loss: 0.0238 | 0.07s/step | ETA 00:33m
[Epoch 7] Step 2550/31250 Loss: 0.0245 | 0.07s/step | ETA 00:33m
[Epoch 7] Step 2600/31250 Loss: 0.0255 | 0.07s/step | ETA 00:33m
[Epoch 7] Step 2650/31250 Loss: 0.0244 | 0.07s/step | ETA 00:33m
[Epoch 7] Step 2700/31250 Loss: 0.0248 | 0.07s/step | ETA 00:33m
[Epoch 7] Step 2750/31250 Loss: 0.0245 | 0.07s/step | ETA 00:33m
[Epoch 7] Step 2800/31250 Loss: 0.0251 | 0.07s/step | ETA 00:32m
[Epoch 7] Step 2850/31250 Loss: 0.0249 | 0.07s/step | ETA 00:33m
[Epoch 7] Step 2900/31250 Loss: 0.0240 | 0.07s/step | ETA 00:33m
[Epoch 7] Step 2950/31250 Loss: 0.0246 | 0.07s/step | ETA 00:33m
[Epoch 7] Step 3000/31250 Loss: 0.0246 | 0.07s/step | ETA 00:32m
[Epoch 7] Step 3050/31250 Loss: 0.0232 | 0.07s/step | ETA 00:32m
[Epoch 7] Step 3100/31250 Loss: 0.0238 | 0.07s/step | ETA 00:32m
[Epoch 7] Step 3150/31250 Loss: 0.0241 | 0.07s/step | ETA 00:32m
[Epoch 7] Step 3200/31250 Loss: 0.0231 | 0.07s/step | ETA 00:32m
[Epoch 7] Step 3250/31250 Loss: 0.0250 | 0.07s/step | ETA 00:32m
[Epoch 7] Step 3300/31250 Loss: 0.0273 | 0.07s/step | ETA 00:34m
[Epoch 7] Step 3350/31250 Loss: 0.0252 | 0.07s/step | ETA 00:32m
[Epoch 7] Step 3400/31250 Loss: 0.0255 | 0.07s/step | ETA 00:32m
[Epoch 7] Step 3450/31250 Loss: 0.0265 | 0.07s/step | ETA 00:32m
[Epoch 7] Step 3500/31250 Loss: 0.0270 | 0.07s/step | ETA 00:31m
[Epoch 7] Step 3550/31250 Loss: 0.0239 | 0.07s/step | ETA 00:31m
[Epoch 7] Step 3600/31250 Loss: 0.0254 | 0.07s/step | ETA 00:31m
[Epoch 7] Step 3650/31250 Loss: 0.0254 | 0.07s/step | ETA 00:31m
[Epoch 7] Step 3700/31250 Loss: 0.0247 | 0.07s/step | ETA 00:31m
[Epoch 7] Step 3750/31250 Loss: 0.0255 | 0.07s/step | ETA 00:31m
[Epoch 7] Step 3800/31250 Loss: 0.0241 | 0.07s/step | ETA 00:31m
[Epoch 7] Step 3850/31250 Loss: 0.0243 | 0.07s/step | ETA 00:31m
[Epoch 7] Step 3900/31250 Loss: 0.0243 | 0.07s/step | ETA 00:31m
[Epoch 7] Step 3950/31250 Loss: 0.0247 | 0.07s/step | ETA 00:31m
[Epoch 7] Step 4000/31250 Loss: 0.0242 | 0.07s/step | ETA 00:31m
[Epoch 7] Step 4050/31250 Loss: 0.0247 | 0.07s/step | ETA 00:31m
[Epoch 7] Step 4100/31250 Loss: 0.0239 | 0.07s/step | ETA 00:31m
[Epoch 7] Step 4150/31250 Loss: 0.0242 | 0.07s/step | ETA 00:31m
[Epoch 7] Step 4200/31250 Loss: 0.0238 | 0.07s/step | ETA 00:31m
[Epoch 7] Step 4250/31250 Loss: 0.0231 | 0.07s/step | ETA 00:31m
[Epoch 7] Step 4300/31250 Loss: 0.0234 | 0.07s/step | ETA 00:31m
[Epoch 7] Step 4350/31250 Loss: 0.0250 | 0.07s/step | ETA 00:31m
[Epoch 7] Step 4400/31250 Loss: 0.0254 | 0.07s/step | ETA 00:31m
[Epoch 7] Step 4450/31250 Loss: 0.0253 | 0.07s/step | ETA 00:32m
[Epoch 7] Step 4500/31250 Loss: 0.0245 | 0.07s/step | ETA 00:30m
[Epoch 7] Step 4550/31250 Loss: 0.0245 | 0.07s/step | ETA 00:30m
[Epoch 7] Step 4600/31250 Loss: 0.0243 | 0.07s/step | ETA 00:30m
[Epoch 7] Step 4650/31250 Loss: 0.0237 | 0.07s/step | ETA 00:30m
[Epoch 7] Step 4700/31250 Loss: 0.0246 | 0.07s/step | ETA 00:30m
[Epoch 7] Step 4750/31250 Loss: 0.0238 | 0.07s/step | ETA 00:30m
[Epoch 7] Step 4800/31250 Loss: 0.0256 | 0.07s/step | ETA 00:30m
[Epoch 7] Step 4850/31250 Loss: 0.0252 | 0.07s/step | ETA 00:30m
[Epoch 7] Step 4900/31250 Loss: 0.0261 | 0.07s/step | ETA 00:30m
[Epoch 7] Step 4950/31250 Loss: 0.0272 | 0.07s/step | ETA 00:30m
[Epoch 7] Step 5000/31250 Loss: 0.0256 | 0.07s/step | ETA 00:30m
[Epoch 7] Step 5050/31250 Loss: 0.0253 | 0.07s/step | ETA 00:30m
[Epoch 7] Step 5100/31250 Loss: 0.0239 | 0.07s/step | ETA 00:29m
[Epoch 7] Step 5150/31250 Loss: 0.0242 | 0.07s/step | ETA 00:29m
[Epoch 7] Step 5200/31250 Loss: 0.0261 | 0.07s/step | ETA 00:30m
[Epoch 7] Step 5250/31250 Loss: 0.0271 | 0.07s/step | ETA 00:30m
[Epoch 7] Step 5300/31250 Loss: 0.0251 | 0.07s/step | ETA 00:30m
[Epoch 7] Step 5350/31250 Loss: 0.0242 | 0.07s/step | ETA 00:30m
[Epoch 7] Step 5400/31250 Loss: 0.0245 | 0.07s/step | ETA 00:29m
[Epoch 7] Step 5450/31250 Loss: 0.0266 | 0.07s/step | ETA 00:29m
[Epoch 7] Step 5500/31250 Loss: 0.0251 | 0.07s/step | ETA 00:29m
[Epoch 7] Step 5550/31250 Loss: 0.0242 | 0.07s/step | ETA 00:29m
[Epoch 7] Step 5600/31250 Loss: 0.0247 | 0.07s/step | ETA 00:29m
[Epoch 7] Step 5650/31250 Loss: 0.0239 | 0.07s/step | ETA 00:30m
[Epoch 7] Step 5700/31250 Loss: 0.0246 | 0.07s/step | ETA 00:29m
[Epoch 7] Step 5750/31250 Loss: 0.0234 | 0.07s/step | ETA 00:29m
[Epoch 7] Step 5800/31250 Loss: 0.0244 | 0.07s/step | ETA 00:29m
[Epoch 7] Step 5850/31250 Loss: 0.0239 | 0.07s/step | ETA 00:29m
[Epoch 7] Step 5900/31250 Loss: 0.0238 | 0.07s/step | ETA 00:29m
[Epoch 7] Step 5950/31250 Loss: 0.0228 | 0.07s/step | ETA 00:29m
[Epoch 7] Step 6000/31250 Loss: 0.0235 | 0.07s/step | ETA 00:29m
[Epoch 7] Step 6050/31250 Loss: 0.0233 | 0.07s/step | ETA 00:28m
[Epoch 7] Step 6100/31250 Loss: 0.0252 | 0.07s/step | ETA 00:29m
[Epoch 7] Step 6150/31250 Loss: 0.0233 | 0.07s/step | ETA 00:28m
[Epoch 7] Step 6200/31250 Loss: 0.0242 | 0.07s/step | ETA 00:28m
[Epoch 7] Step 6250/31250 Loss: 0.0237 | 0.07s/step | ETA 00:29m
[Epoch 7] Step 6300/31250 Loss: 0.0236 | 0.07s/step | ETA 00:28m
[Epoch 7] Step 6350/31250 Loss: 0.0243 | 0.07s/step | ETA 00:28m
[Epoch 7] Step 6400/31250 Loss: 0.0258 | 0.07s/step | ETA 00:28m
[Epoch 7] Step 6450/31250 Loss: 0.0251 | 0.07s/step | ETA 00:28m
[Epoch 7] Step 6500/31250 Loss: 0.0243 | 0.07s/step | ETA 00:28m
[Epoch 7] Step 6550/31250 Loss: 0.0241 | 0.07s/step | ETA 00:28m
[Epoch 7] Step 6600/31250 Loss: 0.0261 | 0.07s/step | ETA 00:28m
[Epoch 7] Step 6650/31250 Loss: 0.0257 | 0.07s/step | ETA 00:28m
[Epoch 7] Step 6700/31250 Loss: 0.0250 | 0.07s/step | ETA 00:28m
[Epoch 7] Step 6750/31250 Loss: 0.0238 | 0.07s/step | ETA 00:28m
[Epoch 7] Step 6800/31250 Loss: 0.0237 | 0.07s/step | ETA 00:29m
[Epoch 7] Step 6850/31250 Loss: 0.0238 | 0.07s/step | ETA 00:28m
[Epoch 7] Step 6900/31250 Loss: 0.0243 | 0.07s/step | ETA 00:28m
[Epoch 7] Step 6950/31250 Loss: 0.0233 | 0.07s/step | ETA 00:28m
[Epoch 7] Step 7000/31250 Loss: 0.0233 | 0.07s/step | ETA 00:28m
[Epoch 7] Step 7050/31250 Loss: 0.0237 | 0.07s/step | ETA 00:28m
[Epoch 7] Step 7100/31250 Loss: 0.0244 | 0.07s/step | ETA 00:28m
[Epoch 7] Step 7150/31250 Loss: 0.0241 | 0.07s/step | ETA 00:27m
[Epoch 7] Step 7200/31250 Loss: 0.0240 | 0.07s/step | ETA 00:27m
[Epoch 7] Step 7250/31250 Loss: 0.0241 | 0.07s/step | ETA 00:27m
[Epoch 7] Step 7300/31250 Loss: 0.0260 | 0.07s/step | ETA 00:27m
[Epoch 7] Step 7350/31250 Loss: 0.0249 | 0.07s/step | ETA 00:27m
[Epoch 7] Step 7400/31250 Loss: 0.0251 | 0.07s/step | ETA 00:27m
[Epoch 7] Step 7450/31250 Loss: 0.0241 | 0.07s/step | ETA 00:27m
[Epoch 7] Step 7500/31250 Loss: 0.0241 | 0.07s/step | ETA 00:27m
[Epoch 7] Step 7550/31250 Loss: 0.0244 | 0.07s/step | ETA 00:27m
[Epoch 7] Step 7600/31250 Loss: 0.0240 | 0.07s/step | ETA 00:27m
[Epoch 7] Step 7650/31250 Loss: 0.0229 | 0.07s/step | ETA 00:27m
[Epoch 7] Step 7700/31250 Loss: 0.0225 | 0.07s/step | ETA 00:27m
[Epoch 7] Step 7750/31250 Loss: 0.0243 | 0.07s/step | ETA 00:27m
[Epoch 7] Step 7800/31250 Loss: 0.0248 | 0.07s/step | ETA 00:26m
[Epoch 7] Step 7850/31250 Loss: 0.0236 | 0.07s/step | ETA 00:26m
[Epoch 7] Step 7900/31250 Loss: 0.0237 | 0.07s/step | ETA 00:26m
[Epoch 7] Step 7950/31250 Loss: 0.0231 | 0.07s/step | ETA 00:28m
[Epoch 7] Step 8000/31250 Loss: 0.0236 | 0.07s/step | ETA 00:26m
[Epoch 7] Step 8050/31250 Loss: 0.0236 | 0.07s/step | ETA 00:26m
[Epoch 7] Step 8100/31250 Loss: 0.0229 | 0.07s/step | ETA 00:26m
[Epoch 7] Step 8150/31250 Loss: 0.0251 | 0.07s/step | ETA 00:26m
[Epoch 7] Step 8200/31250 Loss: 0.0258 | 0.07s/step | ETA 00:26m
[Epoch 7] Step 8250/31250 Loss: 0.0258 | 0.07s/step | ETA 00:26m
[Epoch 7] Step 8300/31250 Loss: 0.0263 | 0.07s/step | ETA 00:26m
[Epoch 7] Step 8350/31250 Loss: 0.0303 | 0.07s/step | ETA 00:26m
[Epoch 7] Step 8400/31250 Loss: 0.0332 | 0.07s/step | ETA 00:26m
[Epoch 7] Step 8450/31250 Loss: 0.0276 | 0.07s/step | ETA 00:26m
[Epoch 7] Step 8500/31250 Loss: 0.0262 | 0.07s/step | ETA 00:26m
[Epoch 7] Step 8550/31250 Loss: 0.0252 | 0.07s/step | ETA 00:26m
[Epoch 7] Step 8600/31250 Loss: 0.0250 | 0.07s/step | ETA 00:26m
[Epoch 7] Step 8650/31250 Loss: 0.0247 | 0.07s/step | ETA 00:26m
[Epoch 7] Step 8700/31250 Loss: 0.0254 | 0.07s/step | ETA 00:26m
[Epoch 7] Step 8750/31250 Loss: 0.0250 | 0.07s/step | ETA 00:26m
[Epoch 7] Step 8800/31250 Loss: 0.0243 | 0.07s/step | ETA 00:25m
[Epoch 7] Step 8850/31250 Loss: 0.0246 | 0.07s/step | ETA 00:25m
[Epoch 7] Step 8900/31250 Loss: 0.0242 | 0.07s/step | ETA 00:25m
[Epoch 7] Step 8950/31250 Loss: 0.0238 | 0.07s/step | ETA 00:25m
[Epoch 7] Step 9000/31250 Loss: 0.0243 | 0.07s/step | ETA 00:25m
[Epoch 7] Step 9050/31250 Loss: 0.0245 | 0.07s/step | ETA 00:25m
[Epoch 7] Step 9100/31250 Loss: 0.0235 | 0.07s/step | ETA 00:25m
[Epoch 7] Step 9150/31250 Loss: 0.0248 | 0.07s/step | ETA 00:26m
[Epoch 7] Step 9200/31250 Loss: 0.0237 | 0.07s/step | ETA 00:25m
[Epoch 7] Step 9250/31250 Loss: 0.0232 | 0.07s/step | ETA 00:25m
[Epoch 7] Step 9300/31250 Loss: 0.0241 | 0.07s/step | ETA 00:25m
[Epoch 7] Step 9350/31250 Loss: 0.0242 | 0.07s/step | ETA 00:25m
[Epoch 7] Step 9400/31250 Loss: 0.0244 | 0.07s/step | ETA 00:25m
[Epoch 7] Step 9450/31250 Loss: 0.0243 | 0.07s/step | ETA 00:25m
[Epoch 7] Step 9500/31250 Loss: 0.0234 | 0.07s/step | ETA 00:25m
[Epoch 7] Step 9550/31250 Loss: 0.0234 | 0.07s/step | ETA 00:25m
[Epoch 7] Step 9600/31250 Loss: 0.0231 | 0.07s/step | ETA 00:25m
[Epoch 7] Step 9650/31250 Loss: 0.0239 | 0.07s/step | ETA 00:25m
[Epoch 7] Step 9700/31250 Loss: 0.0244 | 0.07s/step | ETA 00:24m
[Epoch 7] Step 9750/31250 Loss: 0.0236 | 0.07s/step | ETA 00:24m
[Epoch 7] Step 9800/31250 Loss: 0.0231 | 0.07s/step | ETA 00:24m
[Epoch 7] Step 9850/31250 Loss: 0.0234 | 0.07s/step | ETA 00:24m
[Epoch 7] Step 9900/31250 Loss: 0.0234 | 0.07s/step | ETA 00:24m
[Epoch 7] Step 9950/31250 Loss: 0.0249 | 0.07s/step | ETA 00:24m
[Epoch 7] Step 10000/31250 Loss: 0.0251 | 0.07s/step | ETA 00:24m
[Epoch 7] Step 10050/31250 Loss: 0.0232 | 0.07s/step | ETA 00:24m
[Epoch 7] Step 10100/31250 Loss: 0.0251 | 0.07s/step | ETA 00:24m
[Epoch 7] Step 10150/31250 Loss: 0.0229 | 0.07s/step | ETA 00:24m
[Epoch 7] Step 10200/31250 Loss: 0.0245 | 0.07s/step | ETA 00:24m
[Epoch 7] Step 10250/31250 Loss: 0.0260 | 0.07s/step | ETA 00:24m
[Epoch 7] Step 10300/31250 Loss: 0.0246 | 0.07s/step | ETA 00:25m
[Epoch 7] Step 10350/31250 Loss: 0.0238 | 0.07s/step | ETA 00:24m
[Epoch 7] Step 10400/31250 Loss: 0.0233 | 0.07s/step | ETA 00:24m
[Epoch 7] Step 10450/31250 Loss: 0.0234 | 0.07s/step | ETA 00:24m
[Epoch 7] Step 10500/31250 Loss: 0.0232 | 0.07s/step | ETA 00:23m
[Epoch 7] Step 10550/31250 Loss: 0.0230 | 0.07s/step | ETA 00:23m
[Epoch 7] Step 10600/31250 Loss: 0.0227 | 0.07s/step | ETA 00:23m
[Epoch 7] Step 10650/31250 Loss: 0.0235 | 0.07s/step | ETA 00:23m
[Epoch 7] Step 10700/31250 Loss: 0.0234 | 0.07s/step | ETA 00:23m
[Epoch 7] Step 10750/31250 Loss: 0.0241 | 0.07s/step | ETA 00:23m
[Epoch 7] Step 10800/31250 Loss: 0.0233 | 0.07s/step | ETA 00:23m
[Epoch 7] Step 10850/31250 Loss: 0.0242 | 0.07s/step | ETA 00:23m
[Epoch 7] Step 10900/31250 Loss: 0.0236 | 0.07s/step | ETA 00:23m
[Epoch 7] Step 10950/31250 Loss: 0.0226 | 0.07s/step | ETA 00:23m
[Epoch 7] Step 11000/31250 Loss: 0.0232 | 0.07s/step | ETA 00:23m
[Epoch 7] Step 11050/31250 Loss: 0.0232 | 0.07s/step | ETA 00:23m
[Epoch 7] Step 11100/31250 Loss: 0.0262 | 0.07s/step | ETA 00:23m
[Epoch 7] Step 11150/31250 Loss: 0.0245 | 0.07s/step | ETA 00:23m
[Epoch 7] Step 11200/31250 Loss: 0.0246 | 0.07s/step | ETA 00:23m
[Epoch 7] Step 11250/31250 Loss: 0.0243 | 0.07s/step | ETA 00:23m
[Epoch 7] Step 11300/31250 Loss: 0.0242 | 0.07s/step | ETA 00:23m
[Epoch 7] Step 11350/31250 Loss: 0.0238 | 0.07s/step | ETA 00:22m
[Epoch 7] Step 11400/31250 Loss: 0.0239 | 0.07s/step | ETA 00:22m
[Epoch 7] Step 11450/31250 Loss: 0.0236 | 0.07s/step | ETA 00:24m
[Epoch 7] Step 11500/31250 Loss: 0.0259 | 0.07s/step | ETA 00:22m
[Epoch 7] Step 11550/31250 Loss: 0.0241 | 0.07s/step | ETA 00:22m
[Epoch 7] Step 11600/31250 Loss: 0.0228 | 0.07s/step | ETA 00:22m
[Epoch 7] Step 11650/31250 Loss: 0.0235 | 0.07s/step | ETA 00:22m
[Epoch 7] Step 11700/31250 Loss: 0.0228 | 0.07s/step | ETA 00:22m
[Epoch 7] Step 11750/31250 Loss: 0.0233 | 0.07s/step | ETA 00:22m
[Epoch 7] Step 11800/31250 Loss: 0.0235 | 0.07s/step | ETA 00:22m
[Epoch 7] Step 11850/31250 Loss: 0.0245 | 0.07s/step | ETA 00:22m
[Epoch 7] Step 11900/31250 Loss: 0.0251 | 0.07s/step | ETA 00:22m
[Epoch 7] Step 11950/31250 Loss: 0.0248 | 0.07s/step | ETA 00:22m
[Epoch 7] Step 12000/31250 Loss: 0.0246 | 0.07s/step | ETA 00:22m
[Epoch 7] Step 12050/31250 Loss: 0.0246 | 0.07s/step | ETA 00:21m
[Epoch 7] Step 12100/31250 Loss: 0.0241 | 0.07s/step | ETA 00:21m
[Epoch 7] Step 12150/31250 Loss: 0.0247 | 0.07s/step | ETA 00:21m
[Epoch 7] Step 12200/31250 Loss: 0.0248 | 0.07s/step | ETA 00:21m
[Epoch 7] Step 12250/31250 Loss: 0.0242 | 0.07s/step | ETA 00:21m
[Epoch 7] Step 12300/31250 Loss: 0.0246 | 0.07s/step | ETA 00:21m
[Epoch 7] Step 12350/31250 Loss: 0.0247 | 0.07s/step | ETA 00:21m
[Epoch 7] Step 12400/31250 Loss: 0.0244 | 0.07s/step | ETA 00:21m
[Epoch 7] Step 12450/31250 Loss: 0.0239 | 0.07s/step | ETA 00:21m
[Epoch 7] Step 12500/31250 Loss: 0.0237 | 0.07s/step | ETA 00:21m
[Epoch 7] Step 12550/31250 Loss: 0.0243 | 0.07s/step | ETA 00:21m
[Epoch 7] Step 12600/31250 Loss: 0.0233 | 0.07s/step | ETA 00:21m
[Epoch 7] Step 12650/31250 Loss: 0.0235 | 0.07s/step | ETA 00:22m
[Epoch 7] Step 12700/31250 Loss: 0.0235 | 0.07s/step | ETA 00:21m
[Epoch 7] Step 12750/31250 Loss: 0.0245 | 0.07s/step | ETA 00:21m
[Epoch 7] Step 12800/31250 Loss: 0.0231 | 0.07s/step | ETA 00:20m
[Epoch 7] Step 12850/31250 Loss: 0.0256 | 0.07s/step | ETA 00:20m
[Epoch 7] Step 12900/31250 Loss: 0.0241 | 0.07s/step | ETA 00:21m
[Epoch 7] Step 12950/31250 Loss: 0.0240 | 0.07s/step | ETA 00:20m
[Epoch 7] Step 13000/31250 Loss: 0.0230 | 0.07s/step | ETA 00:20m
[Epoch 7] Step 13050/31250 Loss: 0.0257 | 0.07s/step | ETA 00:20m
[Epoch 7] Step 13100/31250 Loss: 0.0243 | 0.07s/step | ETA 00:21m
[Epoch 7] Step 13150/31250 Loss: 0.0239 | 0.07s/step | ETA 00:20m
[Epoch 7] Step 13200/31250 Loss: 0.0246 | 0.07s/step | ETA 00:20m
[Epoch 7] Step 13250/31250 Loss: 0.0248 | 0.07s/step | ETA 00:20m
[Epoch 7] Step 13300/31250 Loss: 0.0246 | 0.07s/step | ETA 00:20m
[Epoch 7] Step 13350/31250 Loss: 0.0239 | 0.07s/step | ETA 00:20m
[Epoch 7] Step 13400/31250 Loss: 0.0239 | 0.07s/step | ETA 00:20m
[Epoch 7] Step 13450/31250 Loss: 0.0255 | 0.07s/step | ETA 00:20m
[Epoch 7] Step 13500/31250 Loss: 0.0243 | 0.07s/step | ETA 00:20m
[Epoch 7] Step 13550/31250 Loss: 0.0233 | 0.07s/step | ETA 00:20m
[Epoch 7] Step 13600/31250 Loss: 0.0238 | 0.07s/step | ETA 00:20m
[Epoch 7] Step 13650/31250 Loss: 0.0231 | 0.07s/step | ETA 00:20m
[Epoch 7] Step 13700/31250 Loss: 0.0232 | 0.07s/step | ETA 00:19m
[Epoch 7] Step 13750/31250 Loss: 0.0245 | 0.07s/step | ETA 00:19m
[Epoch 7] Step 13800/31250 Loss: 0.0242 | 0.07s/step | ETA 00:20m
[Epoch 7] Step 13850/31250 Loss: 0.0238 | 0.07s/step | ETA 00:19m
[Epoch 7] Step 13900/31250 Loss: 0.0245 | 0.07s/step | ETA 00:19m
[Epoch 7] Step 13950/31250 Loss: 0.0239 | 0.07s/step | ETA 00:19m
[Epoch 7] Step 14000/31250 Loss: 0.0248 | 0.07s/step | ETA 00:19m
[Epoch 7] Step 14050/31250 Loss: 0.0245 | 0.07s/step | ETA 00:19m
[Epoch 7] Step 14100/31250 Loss: 0.0235 | 0.07s/step | ETA 00:19m
[Epoch 7] Step 14150/31250 Loss: 0.0239 | 0.07s/step | ETA 00:19m
[Epoch 7] Step 14200/31250 Loss: 0.0235 | 0.07s/step | ETA 00:19m
[Epoch 7] Step 14250/31250 Loss: 0.0246 | 0.07s/step | ETA 00:19m
[Epoch 7] Step 14300/31250 Loss: 0.0238 | 0.07s/step | ETA 00:19m
[Epoch 7] Step 14350/31250 Loss: 0.0249 | 0.07s/step | ETA 00:19m
[Epoch 7] Step 14400/31250 Loss: 0.0231 | 0.07s/step | ETA 00:19m
[Epoch 7] Step 14450/31250 Loss: 0.0239 | 0.07s/step | ETA 00:19m
[Epoch 7] Step 14500/31250 Loss: 0.0238 | 0.07s/step | ETA 00:19m
[Epoch 7] Step 14550/31250 Loss: 0.0242 | 0.07s/step | ETA 00:18m
[Epoch 7] Step 14600/31250 Loss: 0.0241 | 0.07s/step | ETA 00:18m
[Epoch 7] Step 14650/31250 Loss: 0.0226 | 0.07s/step | ETA 00:18m
[Epoch 7] Step 14700/31250 Loss: 0.0227 | 0.07s/step | ETA 00:18m
[Epoch 7] Step 14750/31250 Loss: 0.0226 | 0.07s/step | ETA 00:18m
[Epoch 7] Step 14800/31250 Loss: 0.0221 | 0.07s/step | ETA 00:18m
[Epoch 7] Step 14850/31250 Loss: 0.0224 | 0.07s/step | ETA 00:18m
[Epoch 7] Step 14900/31250 Loss: 0.0236 | 0.07s/step | ETA 00:18m
[Epoch 7] Step 14950/31250 Loss: 0.0231 | 0.07s/step | ETA 00:19m
[Epoch 7] Step 15000/31250 Loss: 0.0229 | 0.07s/step | ETA 00:18m
[Epoch 7] Step 15050/31250 Loss: 0.0234 | 0.07s/step | ETA 00:18m
[Epoch 7] Step 15100/31250 Loss: 0.0237 | 0.07s/step | ETA 00:18m
[Epoch 7] Step 15150/31250 Loss: 0.0239 | 0.07s/step | ETA 00:18m
[Epoch 7] Step 15200/31250 Loss: 0.0232 | 0.07s/step | ETA 00:18m
[Epoch 7] Step 15250/31250 Loss: 0.0234 | 0.07s/step | ETA 00:18m
[Epoch 7] Step 15300/31250 Loss: 0.0238 | 0.07s/step | ETA 00:18m
[Epoch 7] Step 15350/31250 Loss: 0.0239 | 0.07s/step | ETA 00:18m
[Epoch 7] Step 15400/31250 Loss: 0.0251 | 0.07s/step | ETA 00:17m
[Epoch 7] Step 15450/31250 Loss: 0.0251 | 0.07s/step | ETA 00:17m
[Epoch 7] Step 15500/31250 Loss: 0.0231 | 0.07s/step | ETA 00:17m
[Epoch 7] Step 15550/31250 Loss: 0.0227 | 0.07s/step | ETA 00:17m
[Epoch 7] Step 15600/31250 Loss: 0.0238 | 0.07s/step | ETA 00:17m
[Epoch 7] Step 15650/31250 Loss: 0.0236 | 0.07s/step | ETA 00:17m
[Epoch 7] Step 15700/31250 Loss: 0.0234 | 0.07s/step | ETA 00:17m
[Epoch 7] Step 15750/31250 Loss: 0.0229 | 0.07s/step | ETA 00:17m
[Epoch 7] Step 15800/31250 Loss: 0.0232 | 0.07s/step | ETA 00:17m
[Epoch 7] Step 15850/31250 Loss: 0.0235 | 0.07s/step | ETA 00:17m
[Epoch 7] Step 15900/31250 Loss: 0.0236 | 0.07s/step | ETA 00:17m
[Epoch 7] Step 15950/31250 Loss: 0.0231 | 0.07s/step | ETA 00:17m
[Epoch 7] Step 16000/31250 Loss: 0.0227 | 0.07s/step | ETA 00:17m
[Epoch 7] Step 16050/31250 Loss: 0.0228 | 0.07s/step | ETA 00:17m
[Epoch 7] Step 16100/31250 Loss: 0.0234 | 0.07s/step | ETA 00:17m
[Epoch 7] Step 16150/31250 Loss: 0.0227 | 0.07s/step | ETA 00:18m
[Epoch 7] Step 16200/31250 Loss: 0.0246 | 0.07s/step | ETA 00:17m
[Epoch 7] Step 16250/31250 Loss: 0.0242 | 0.07s/step | ETA 00:16m
[Epoch 7] Step 16300/31250 Loss: 0.0234 | 0.07s/step | ETA 00:16m
[Epoch 7] Step 16350/31250 Loss: 0.0231 | 0.07s/step | ETA 00:16m
[Epoch 7] Step 16400/31250 Loss: 0.0224 | 0.07s/step | ETA 00:16m
[Epoch 7] Step 16450/31250 Loss: 0.0237 | 0.07s/step | ETA 00:16m
[Epoch 7] Step 16500/31250 Loss: 0.0233 | 0.07s/step | ETA 00:16m
[Epoch 7] Step 16550/31250 Loss: 0.0235 | 0.07s/step | ETA 00:16m
[Epoch 7] Step 16600/31250 Loss: 0.0244 | 0.07s/step | ETA 00:16m
[Epoch 7] Step 16650/31250 Loss: 0.0236 | 0.07s/step | ETA 00:16m
[Epoch 7] Step 16700/31250 Loss: 0.0237 | 0.07s/step | ETA 00:16m
[Epoch 7] Step 16750/31250 Loss: 0.0242 | 0.07s/step | ETA 00:16m
[Epoch 7] Step 16800/31250 Loss: 0.0237 | 0.07s/step | ETA 00:16m
[Epoch 7] Step 16850/31250 Loss: 0.0228 | 0.07s/step | ETA 00:16m
[Epoch 7] Step 16900/31250 Loss: 0.0241 | 0.07s/step | ETA 00:16m
[Epoch 7] Step 16950/31250 Loss: 0.0235 | 0.07s/step | ETA 00:16m
[Epoch 7] Step 17000/31250 Loss: 0.0231 | 0.07s/step | ETA 00:16m
[Epoch 7] Step 17050/31250 Loss: 0.0235 | 0.07s/step | ETA 00:16m
[Epoch 7] Step 17100/31250 Loss: 0.0242 | 0.07s/step | ETA 00:15m
[Epoch 7] Step 17150/31250 Loss: 0.0236 | 0.07s/step | ETA 00:15m
[Epoch 7] Step 17200/31250 Loss: 0.0230 | 0.07s/step | ETA 00:15m
[Epoch 7] Step 17250/31250 Loss: 0.0237 | 0.07s/step | ETA 00:15m
[Epoch 7] Step 17300/31250 Loss: 0.0233 | 0.07s/step | ETA 00:16m
[Epoch 7] Step 17350/31250 Loss: 0.0226 | 0.07s/step | ETA 00:15m
[Epoch 7] Step 17400/31250 Loss: 0.0244 | 0.07s/step | ETA 00:15m
[Epoch 7] Step 17450/31250 Loss: 0.0267 | 0.07s/step | ETA 00:15m
[Epoch 7] Step 17500/31250 Loss: 0.0259 | 0.07s/step | ETA 00:15m
[Epoch 7] Step 17550/31250 Loss: 0.0261 | 0.07s/step | ETA 00:15m
[Epoch 7] Step 17600/31250 Loss: 0.0243 | 0.07s/step | ETA 00:15m
[Epoch 7] Step 17650/31250 Loss: 0.0241 | 0.07s/step | ETA 00:15m
[Epoch 7] Step 17700/31250 Loss: 0.0236 | 0.07s/step | ETA 00:15m
[Epoch 7] Step 17750/31250 Loss: 0.0233 | 0.07s/step | ETA 00:15m
[Epoch 7] Step 17800/31250 Loss: 0.0245 | 0.07s/step | ETA 00:15m
[Epoch 7] Step 17850/31250 Loss: 0.0238 | 0.07s/step | ETA 00:15m
[Epoch 7] Step 17900/31250 Loss: 0.0246 | 0.07s/step | ETA 00:14m
[Epoch 7] Step 17950/31250 Loss: 0.0238 | 0.07s/step | ETA 00:15m
[Epoch 7] Step 18000/31250 Loss: 0.0235 | 0.07s/step | ETA 00:14m
[Epoch 7] Step 18050/31250 Loss: 0.0232 | 0.07s/step | ETA 00:14m
[Epoch 7] Step 18100/31250 Loss: 0.0236 | 0.07s/step | ETA 00:14m
[Epoch 7] Step 18150/31250 Loss: 0.0231 | 0.07s/step | ETA 00:14m
[Epoch 7] Step 18200/31250 Loss: 0.0227 | 0.07s/step | ETA 00:14m
[Epoch 7] Step 18250/31250 Loss: 0.0231 | 0.07s/step | ETA 00:14m
[Epoch 7] Step 18300/31250 Loss: 0.0231 | 0.07s/step | ETA 00:14m
[Epoch 7] Step 18350/31250 Loss: 0.0222 | 0.07s/step | ETA 00:14m
[Epoch 7] Step 18400/31250 Loss: 0.0233 | 0.07s/step | ETA 00:14m
[Epoch 7] Step 18450/31250 Loss: 0.0235 | 0.07s/step | ETA 00:15m
[Epoch 7] Step 18500/31250 Loss: 0.0230 | 0.07s/step | ETA 00:14m
[Epoch 7] Step 18550/31250 Loss: 0.0252 | 0.07s/step | ETA 00:14m
[Epoch 7] Step 18600/31250 Loss: 0.0231 | 0.07s/step | ETA 00:14m
[Epoch 7] Step 18650/31250 Loss: 0.0250 | 0.07s/step | ETA 00:14m
[Epoch 7] Step 18700/31250 Loss: 0.0240 | 0.07s/step | ETA 00:14m
[Epoch 7] Step 18750/31250 Loss: 0.0237 | 0.07s/step | ETA 00:14m
[Epoch 7] Step 18800/31250 Loss: 0.0262 | 0.07s/step | ETA 00:14m
[Epoch 7] Step 18850/31250 Loss: 0.0248 | 0.07s/step | ETA 00:13m
[Epoch 7] Step 18900/31250 Loss: 0.0235 | 0.07s/step | ETA 00:13m
[Epoch 7] Step 18950/31250 Loss: 0.0233 | 0.07s/step | ETA 00:13m
[Epoch 7] Step 19000/31250 Loss: 0.0241 | 0.07s/step | ETA 00:13m
[Epoch 7] Step 19050/31250 Loss: 0.0226 | 0.07s/step | ETA 00:13m
[Epoch 7] Step 19100/31250 Loss: 0.0226 | 0.07s/step | ETA 00:13m
[Epoch 7] Step 19150/31250 Loss: 0.0233 | 0.07s/step | ETA 00:13m
[Epoch 7] Step 19200/31250 Loss: 0.0238 | 0.07s/step | ETA 00:13m
[Epoch 7] Step 19250/31250 Loss: 0.0220 | 0.07s/step | ETA 00:13m
[Epoch 7] Step 19300/31250 Loss: 0.0248 | 0.07s/step | ETA 00:13m
[Epoch 7] Step 19350/31250 Loss: 0.0228 | 0.07s/step | ETA 00:13m
[Epoch 7] Step 19400/31250 Loss: 0.0226 | 0.07s/step | ETA 00:13m
[Epoch 7] Step 19450/31250 Loss: 0.0233 | 0.07s/step | ETA 00:13m
[Epoch 7] Step 19500/31250 Loss: 0.0236 | 0.07s/step | ETA 00:13m
[Epoch 7] Step 19550/31250 Loss: 0.0265 | 0.07s/step | ETA 00:13m
[Epoch 7] Step 19600/31250 Loss: 0.0254 | 0.07s/step | ETA 00:13m
[Epoch 7] Step 19650/31250 Loss: 0.0240 | 0.07s/step | ETA 00:13m
[Epoch 7] Step 19700/31250 Loss: 0.0237 | 0.07s/step | ETA 00:13m
[Epoch 7] Step 19750/31250 Loss: 0.0239 | 0.07s/step | ETA 00:12m
[Epoch 7] Step 19800/31250 Loss: 0.0231 | 0.07s/step | ETA 00:12m
[Epoch 7] Step 19850/31250 Loss: 0.0236 | 0.07s/step | ETA 00:12m
[Epoch 7] Step 19900/31250 Loss: 0.0239 | 0.07s/step | ETA 00:12m
[Epoch 7] Step 19950/31250 Loss: 0.0228 | 0.07s/step | ETA 00:12m
[Epoch 7] Step 20000/31250 Loss: 0.0227 | 0.07s/step | ETA 00:12m
[Epoch 7] Step 20050/31250 Loss: 0.0231 | 0.07s/step | ETA 00:12m
[Epoch 7] Step 20100/31250 Loss: 0.0236 | 0.07s/step | ETA 00:12m
[Epoch 7] Step 20150/31250 Loss: 0.0224 | 0.07s/step | ETA 00:12m
[Epoch 7] Step 20200/31250 Loss: 0.0238 | 0.07s/step | ETA 00:12m
[Epoch 7] Step 20250/31250 Loss: 0.0220 | 0.07s/step | ETA 00:12m
[Epoch 7] Step 20300/31250 Loss: 0.0224 | 0.07s/step | ETA 00:12m
[Epoch 7] Step 20350/31250 Loss: 0.0229 | 0.07s/step | ETA 00:12m
[Epoch 7] Step 20400/31250 Loss: 0.0227 | 0.07s/step | ETA 00:12m
[Epoch 7] Step 20450/31250 Loss: 0.0243 | 0.07s/step | ETA 00:12m
[Epoch 7] Step 20500/31250 Loss: 0.0237 | 0.07s/step | ETA 00:12m
[Epoch 7] Step 20550/31250 Loss: 0.0229 | 0.07s/step | ETA 00:12m
[Epoch 7] Step 20600/31250 Loss: 0.0239 | 0.07s/step | ETA 00:12m
[Epoch 7] Step 20650/31250 Loss: 0.0240 | 0.07s/step | ETA 00:12m
[Epoch 7] Step 20700/31250 Loss: 0.0233 | 0.07s/step | ETA 00:11m
[Epoch 7] Step 20750/31250 Loss: 0.0234 | 0.07s/step | ETA 00:11m
[Epoch 7] Step 20800/31250 Loss: 0.0236 | 0.07s/step | ETA 00:12m
[Epoch 7] Step 20850/31250 Loss: 0.0242 | 0.07s/step | ETA 00:11m
[Epoch 7] Step 20900/31250 Loss: 0.0227 | 0.07s/step | ETA 00:11m
[Epoch 7] Step 20950/31250 Loss: 0.0230 | 0.07s/step | ETA 00:11m
[Epoch 7] Step 21000/31250 Loss: 0.0238 | 0.07s/step | ETA 00:11m
[Epoch 7] Step 21050/31250 Loss: 0.0242 | 0.07s/step | ETA 00:11m
[Epoch 7] Step 21100/31250 Loss: 0.0228 | 0.07s/step | ETA 00:11m
[Epoch 7] Step 21150/31250 Loss: 0.0223 | 0.07s/step | ETA 00:11m
[Epoch 7] Step 21200/31250 Loss: 0.0233 | 0.07s/step | ETA 00:11m
[Epoch 7] Step 21250/31250 Loss: 0.0231 | 0.07s/step | ETA 00:11m
[Epoch 7] Step 21300/31250 Loss: 0.0233 | 0.07s/step | ETA 00:11m
[Epoch 7] Step 21350/31250 Loss: 0.0236 | 0.07s/step | ETA 00:11m
[Epoch 7] Step 21400/31250 Loss: 0.0232 | 0.07s/step | ETA 00:11m
[Epoch 7] Step 21450/31250 Loss: 0.0242 | 0.07s/step | ETA 00:11m
[Epoch 7] Step 21500/31250 Loss: 0.0238 | 0.07s/step | ETA 00:11m
[Epoch 7] Step 21550/31250 Loss: 0.0223 | 0.07s/step | ETA 00:10m
[Epoch 7] Step 21600/31250 Loss: 0.0230 | 0.07s/step | ETA 00:10m
[Epoch 7] Step 21650/31250 Loss: 0.0232 | 0.07s/step | ETA 00:10m
[Epoch 7] Step 21700/31250 Loss: 0.0231 | 0.07s/step | ETA 00:10m
[Epoch 7] Step 21750/31250 Loss: 0.0227 | 0.07s/step | ETA 00:10m
[Epoch 7] Step 21800/31250 Loss: 0.0230 | 0.07s/step | ETA 00:10m
[Epoch 7] Step 21850/31250 Loss: 0.0229 | 0.07s/step | ETA 00:10m
[Epoch 7] Step 21900/31250 Loss: 0.0224 | 0.07s/step | ETA 00:10m
[Epoch 7] Step 21950/31250 Loss: 0.0326 | 0.07s/step | ETA 00:11m
[Epoch 7] Step 22000/31250 Loss: 0.0310 | 0.07s/step | ETA 00:10m
[Epoch 7] Step 22050/31250 Loss: 0.0271 | 0.07s/step | ETA 00:10m
[Epoch 7] Step 22100/31250 Loss: 0.0239 | 0.07s/step | ETA 00:10m
[Epoch 7] Step 22150/31250 Loss: 0.0248 | 0.07s/step | ETA 00:10m
[Epoch 7] Step 22200/31250 Loss: 0.0245 | 0.07s/step | ETA 00:10m
[Epoch 7] Step 22250/31250 Loss: 0.0238 | 0.07s/step | ETA 00:10m
[Epoch 7] Step 22300/31250 Loss: 0.0230 | 0.07s/step | ETA 00:10m
[Epoch 7] Step 22350/31250 Loss: 0.0231 | 0.07s/step | ETA 00:10m
[Epoch 7] Step 22400/31250 Loss: 0.0240 | 0.07s/step | ETA 00:09m
[Epoch 7] Step 22450/31250 Loss: 0.0235 | 0.07s/step | ETA 00:09m
[Epoch 7] Step 22500/31250 Loss: 0.0230 | 0.07s/step | ETA 00:09m
[Epoch 7] Step 22550/31250 Loss: 0.0236 | 0.07s/step | ETA 00:09m
[Epoch 7] Step 22600/31250 Loss: 0.0229 | 0.07s/step | ETA 00:09m
[Epoch 7] Step 22650/31250 Loss: 0.0231 | 0.07s/step | ETA 00:09m
[Epoch 7] Step 22700/31250 Loss: 0.0238 | 0.07s/step | ETA 00:09m
[Epoch 7] Step 22750/31250 Loss: 0.0228 | 0.07s/step | ETA 00:09m
[Epoch 7] Step 22800/31250 Loss: 0.0241 | 0.07s/step | ETA 00:09m
[Epoch 7] Step 22850/31250 Loss: 0.0234 | 0.07s/step | ETA 00:09m
[Epoch 7] Step 22900/31250 Loss: 0.0228 | 0.07s/step | ETA 00:09m
[Epoch 7] Step 22950/31250 Loss: 0.0231 | 0.07s/step | ETA 00:09m
[Epoch 7] Step 23000/31250 Loss: 0.0231 | 0.07s/step | ETA 00:09m
[Epoch 7] Step 23050/31250 Loss: 0.0229 | 0.07s/step | ETA 00:09m
[Epoch 7] Step 23100/31250 Loss: 0.0232 | 0.07s/step | ETA 00:09m
[Epoch 7] Step 23150/31250 Loss: 0.0227 | 0.07s/step | ETA 00:09m
[Epoch 7] Step 23200/31250 Loss: 0.0243 | 0.07s/step | ETA 00:09m
[Epoch 7] Step 23250/31250 Loss: 0.0226 | 0.07s/step | ETA 00:09m
[Epoch 7] Step 23300/31250 Loss: 0.0225 | 0.07s/step | ETA 00:08m
[Epoch 7] Step 23350/31250 Loss: 0.0229 | 0.07s/step | ETA 00:09m
[Epoch 7] Step 23400/31250 Loss: 0.0231 | 0.07s/step | ETA 00:08m
[Epoch 7] Step 23450/31250 Loss: 0.0225 | 0.07s/step | ETA 00:08m
[Epoch 7] Step 23500/31250 Loss: 0.0225 | 0.07s/step | ETA 00:08m
[Epoch 7] Step 23550/31250 Loss: 0.0220 | 0.07s/step | ETA 00:08m
[Epoch 7] Step 23600/31250 Loss: 0.0227 | 0.07s/step | ETA 00:08m
[Epoch 7] Step 23650/31250 Loss: 0.0226 | 0.07s/step | ETA 00:08m
[Epoch 7] Step 23700/31250 Loss: 0.0232 | 0.07s/step | ETA 00:08m
[Epoch 7] Step 23750/31250 Loss: 0.0221 | 0.07s/step | ETA 00:08m
[Epoch 7] Step 23800/31250 Loss: 0.0224 | 0.07s/step | ETA 00:08m
[Epoch 7] Step 23850/31250 Loss: 0.0221 | 0.07s/step | ETA 00:08m
[Epoch 7] Step 23900/31250 Loss: 0.0227 | 0.07s/step | ETA 00:08m
[Epoch 7] Step 23950/31250 Loss: 0.0225 | 0.07s/step | ETA 00:08m
[Epoch 7] Step 24000/31250 Loss: 0.0224 | 0.07s/step | ETA 00:08m
[Epoch 7] Step 24050/31250 Loss: 0.0222 | 0.07s/step | ETA 00:08m
[Epoch 7] Step 24100/31250 Loss: 0.0226 | 0.07s/step | ETA 00:08m
[Epoch 7] Step 24150/31250 Loss: 0.0227 | 0.07s/step | ETA 00:08m
[Epoch 7] Step 24200/31250 Loss: 0.0231 | 0.07s/step | ETA 00:08m
[Epoch 7] Step 24250/31250 Loss: 0.0227 | 0.07s/step | ETA 00:07m
[Epoch 7] Step 24300/31250 Loss: 0.0242 | 0.07s/step | ETA 00:08m
[Epoch 7] Step 24350/31250 Loss: 0.0219 | 0.07s/step | ETA 00:07m
[Epoch 7] Step 24400/31250 Loss: 0.0223 | 0.07s/step | ETA 00:07m
[Epoch 7] Step 24450/31250 Loss: 0.0230 | 0.07s/step | ETA 00:07m
[Epoch 7] Step 24500/31250 Loss: 0.0228 | 0.07s/step | ETA 00:07m
[Epoch 7] Step 24550/31250 Loss: 0.0220 | 0.07s/step | ETA 00:07m
[Epoch 7] Step 24600/31250 Loss: 0.0227 | 0.07s/step | ETA 00:07m
[Epoch 7] Step 24650/31250 Loss: 0.0227 | 0.07s/step | ETA 00:07m
[Epoch 7] Step 24700/31250 Loss: 0.0223 | 0.07s/step | ETA 00:07m
[Epoch 7] Step 24750/31250 Loss: 0.0222 | 0.07s/step | ETA 00:07m
[Epoch 7] Step 24800/31250 Loss: 0.0221 | 0.07s/step | ETA 00:07m
[Epoch 7] Step 24850/31250 Loss: 0.0224 | 0.07s/step | ETA 00:07m
[Epoch 7] Step 24900/31250 Loss: 0.0222 | 0.07s/step | ETA 00:07m
[Epoch 7] Step 24950/31250 Loss: 0.0222 | 0.07s/step | ETA 00:07m
[Epoch 7] Step 25000/31250 Loss: 0.0223 | 0.07s/step | ETA 00:07m
[Epoch 7] Step 25050/31250 Loss: 0.0250 | 0.07s/step | ETA 00:07m
[Epoch 7] Step 25100/31250 Loss: 0.0279 | 0.07s/step | ETA 00:06m
[Epoch 7] Step 25150/31250 Loss: 0.0249 | 0.07s/step | ETA 00:06m
[Epoch 7] Step 25200/31250 Loss: 0.0231 | 0.07s/step | ETA 00:06m
[Epoch 7] Step 25250/31250 Loss: 0.0232 | 0.07s/step | ETA 00:06m
[Epoch 7] Step 25300/31250 Loss: 0.0265 | 0.07s/step | ETA 00:06m
[Epoch 7] Step 25350/31250 Loss: 0.0260 | 0.07s/step | ETA 00:06m
[Epoch 7] Step 25400/31250 Loss: 0.0250 | 0.07s/step | ETA 00:06m
[Epoch 7] Step 25450/31250 Loss: 0.0241 | 0.07s/step | ETA 00:06m
[Epoch 7] Step 25500/31250 Loss: 0.0232 | 0.07s/step | ETA 00:06m
[Epoch 7] Step 25550/31250 Loss: 0.0233 | 0.07s/step | ETA 00:06m
[Epoch 7] Step 25600/31250 Loss: 0.0240 | 0.07s/step | ETA 00:06m
[Epoch 7] Step 25650/31250 Loss: 0.0242 | 0.07s/step | ETA 00:06m
[Epoch 7] Step 25700/31250 Loss: 0.0231 | 0.07s/step | ETA 00:06m
[Epoch 7] Step 25750/31250 Loss: 0.0231 | 0.07s/step | ETA 00:06m
[Epoch 7] Step 25800/31250 Loss: 0.0239 | 0.07s/step | ETA 00:06m
[Epoch 7] Step 25850/31250 Loss: 0.0240 | 0.07s/step | ETA 00:06m
[Epoch 7] Step 25900/31250 Loss: 0.0229 | 0.07s/step | ETA 00:06m
[Epoch 7] Step 25950/31250 Loss: 0.0232 | 0.07s/step | ETA 00:05m
[Epoch 7] Step 26000/31250 Loss: 0.0227 | 0.07s/step | ETA 00:05m
[Epoch 7] Step 26050/31250 Loss: 0.0230 | 0.07s/step | ETA 00:05m
[Epoch 7] Step 26100/31250 Loss: 0.0231 | 0.07s/step | ETA 00:05m
[Epoch 7] Step 26150/31250 Loss: 0.0236 | 0.07s/step | ETA 00:05m
[Epoch 7] Step 26200/31250 Loss: 0.0228 | 0.07s/step | ETA 00:05m
[Epoch 7] Step 26250/31250 Loss: 0.0222 | 0.07s/step | ETA 00:05m
[Epoch 7] Step 26300/31250 Loss: 0.0229 | 0.07s/step | ETA 00:05m
[Epoch 7] Step 26350/31250 Loss: 0.0228 | 0.07s/step | ETA 00:05m
[Epoch 7] Step 26400/31250 Loss: 0.0231 | 0.07s/step | ETA 00:05m
[Epoch 7] Step 26450/31250 Loss: 0.0227 | 0.07s/step | ETA 00:05m
[Epoch 7] Step 26500/31250 Loss: 0.0226 | 0.07s/step | ETA 00:05m
[Epoch 7] Step 26550/31250 Loss: 0.0221 | 0.07s/step | ETA 00:05m
[Epoch 7] Step 26600/31250 Loss: 0.0228 | 0.07s/step | ETA 00:05m
[Epoch 7] Step 26650/31250 Loss: 0.0221 | 0.07s/step | ETA 00:05m
[Epoch 7] Step 26700/31250 Loss: 0.0224 | 0.07s/step | ETA 00:05m
[Epoch 7] Step 26750/31250 Loss: 0.0231 | 0.07s/step | ETA 00:05m
[Epoch 7] Step 26800/31250 Loss: 0.0234 | 0.07s/step | ETA 00:05m
[Epoch 7] Step 26850/31250 Loss: 0.0231 | 0.07s/step | ETA 00:04m
[Epoch 7] Step 26900/31250 Loss: 0.0230 | 0.07s/step | ETA 00:04m
[Epoch 7] Step 26950/31250 Loss: 0.0223 | 0.07s/step | ETA 00:04m
[Epoch 7] Step 27000/31250 Loss: 0.0235 | 0.07s/step | ETA 00:04m
[Epoch 7] Step 27050/31250 Loss: 0.0239 | 0.07s/step | ETA 00:04m
[Epoch 7] Step 27100/31250 Loss: 0.0237 | 0.07s/step | ETA 00:04m
[Epoch 7] Step 27150/31250 Loss: 0.0227 | 0.07s/step | ETA 00:04m
[Epoch 7] Step 27200/31250 Loss: 0.0228 | 0.07s/step | ETA 00:04m
[Epoch 7] Step 27250/31250 Loss: 0.0236 | 0.07s/step | ETA 00:04m
[Epoch 7] Step 27300/31250 Loss: 0.0243 | 0.07s/step | ETA 00:04m
[Epoch 7] Step 27350/31250 Loss: 0.0246 | 0.07s/step | ETA 00:04m
[Epoch 7] Step 27400/31250 Loss: 0.0233 | 0.07s/step | ETA 00:04m
[Epoch 7] Step 27450/31250 Loss: 0.0230 | 0.07s/step | ETA 00:04m
[Epoch 7] Step 27500/31250 Loss: 0.0243 | 0.07s/step | ETA 00:04m
[Epoch 7] Step 27550/31250 Loss: 0.0237 | 0.07s/step | ETA 00:04m
[Epoch 7] Step 27600/31250 Loss: 0.0225 | 0.07s/step | ETA 00:04m
[Epoch 7] Step 27650/31250 Loss: 0.0224 | 0.07s/step | ETA 00:04m
[Epoch 7] Step 27700/31250 Loss: 0.0228 | 0.07s/step | ETA 00:04m
[Epoch 7] Step 27750/31250 Loss: 0.0234 | 0.07s/step | ETA 00:03m
[Epoch 7] Step 27800/31250 Loss: 0.0234 | 0.07s/step | ETA 00:04m
[Epoch 7] Step 27850/31250 Loss: 0.0228 | 0.07s/step | ETA 00:03m
[Epoch 7] Step 27900/31250 Loss: 0.0221 | 0.07s/step | ETA 00:03m
[Epoch 7] Step 27950/31250 Loss: 0.0227 | 0.07s/step | ETA 00:03m
[Epoch 7] Step 28000/31250 Loss: 0.0221 | 0.07s/step | ETA 00:03m
[Epoch 7] Step 28050/31250 Loss: 0.0234 | 0.07s/step | ETA 00:03m
[Epoch 7] Step 28100/31250 Loss: 0.0216 | 0.07s/step | ETA 00:03m
[Epoch 7] Step 28150/31250 Loss: 0.0236 | 0.07s/step | ETA 00:03m
[Epoch 7] Step 28200/31250 Loss: 0.0235 | 0.07s/step | ETA 00:03m
[Epoch 7] Step 28250/31250 Loss: 0.0231 | 0.07s/step | ETA 00:03m
[Epoch 7] Step 28300/31250 Loss: 0.0229 | 0.07s/step | ETA 00:03m
[Epoch 7] Step 28350/31250 Loss: 0.0223 | 0.07s/step | ETA 00:03m
[Epoch 7] Step 28400/31250 Loss: 0.0226 | 0.07s/step | ETA 00:03m
[Epoch 7] Step 28450/31250 Loss: 0.0241 | 0.07s/step | ETA 00:03m
[Epoch 7] Step 28500/31250 Loss: 0.0224 | 0.07s/step | ETA 00:03m
[Epoch 7] Step 28550/31250 Loss: 0.0226 | 0.07s/step | ETA 00:03m
[Epoch 7] Step 28600/31250 Loss: 0.0229 | 0.07s/step | ETA 00:02m
[Epoch 7] Step 28650/31250 Loss: 0.0225 | 0.07s/step | ETA 00:02m
[Epoch 7] Step 28700/31250 Loss: 0.0230 | 0.07s/step | ETA 00:02m
[Epoch 7] Step 28750/31250 Loss: 0.0234 | 0.07s/step | ETA 00:02m
[Epoch 7] Step 28800/31250 Loss: 0.0237 | 0.07s/step | ETA 00:02m
[Epoch 7] Step 28850/31250 Loss: 0.0226 | 0.07s/step | ETA 00:02m
[Epoch 7] Step 28900/31250 Loss: 0.0228 | 0.07s/step | ETA 00:02m
[Epoch 7] Step 28950/31250 Loss: 0.0229 | 0.07s/step | ETA 00:02m
[Epoch 7] Step 29000/31250 Loss: 0.0228 | 0.07s/step | ETA 00:02m
[Epoch 7] Step 29050/31250 Loss: 0.0229 | 0.07s/step | ETA 00:02m
[Epoch 7] Step 29100/31250 Loss: 0.0229 | 0.07s/step | ETA 00:02m
[Epoch 7] Step 29150/31250 Loss: 0.0224 | 0.07s/step | ETA 00:02m
[Epoch 7] Step 29200/31250 Loss: 0.0226 | 0.07s/step | ETA 00:02m
[Epoch 7] Step 29250/31250 Loss: 0.0223 | 0.07s/step | ETA 00:02m
[Epoch 7] Step 29300/31250 Loss: 0.0224 | 0.07s/step | ETA 00:02m
[Epoch 7] Step 29350/31250 Loss: 0.0222 | 0.07s/step | ETA 00:02m
[Epoch 7] Step 29400/31250 Loss: 0.0234 | 0.07s/step | ETA 00:02m
[Epoch 7] Step 29450/31250 Loss: 0.0244 | 0.07s/step | ETA 00:02m
[Epoch 7] Step 29500/31250 Loss: 0.0245 | 0.07s/step | ETA 00:01m
[Epoch 7] Step 29550/31250 Loss: 0.0246 | 0.07s/step | ETA 00:01m
[Epoch 7] Step 29600/31250 Loss: 0.0244 | 0.07s/step | ETA 00:01m
[Epoch 7] Step 29650/31250 Loss: 0.0247 | 0.07s/step | ETA 00:01m
[Epoch 7] Step 29700/31250 Loss: 0.0233 | 0.07s/step | ETA 00:01m
[Epoch 7] Step 29750/31250 Loss: 0.0238 | 0.07s/step | ETA 00:01m
[Epoch 7] Step 29800/31250 Loss: 0.0229 | 0.07s/step | ETA 00:01m
[Epoch 7] Step 29850/31250 Loss: 0.0235 | 0.07s/step | ETA 00:01m
[Epoch 7] Step 29900/31250 Loss: 0.0242 | 0.07s/step | ETA 00:01m
[Epoch 7] Step 29950/31250 Loss: 0.0227 | 0.07s/step | ETA 00:01m
[Epoch 7] Step 30000/31250 Loss: 0.0235 | 0.07s/step | ETA 00:01m
[Epoch 7] Step 30050/31250 Loss: 0.0241 | 0.07s/step | ETA 00:01m
[Epoch 7] Step 30100/31250 Loss: 0.0242 | 0.07s/step | ETA 00:01m
[Epoch 7] Step 30150/31250 Loss: 0.0234 | 0.07s/step | ETA 00:01m
[Epoch 7] Step 30200/31250 Loss: 0.0238 | 0.07s/step | ETA 00:01m
[Epoch 7] Step 30250/31250 Loss: 0.0226 | 0.07s/step | ETA 00:01m
[Epoch 7] Step 30300/31250 Loss: 0.0243 | 0.07s/step | ETA 00:01m
[Epoch 7] Step 30350/31250 Loss: 0.0230 | 0.07s/step | ETA 00:01m
[Epoch 7] Step 30400/31250 Loss: 0.0227 | 0.07s/step | ETA 00:00m
[Epoch 7] Step 30450/31250 Loss: 0.0217 | 0.07s/step | ETA 00:00m
[Epoch 7] Step 30500/31250 Loss: 0.0233 | 0.07s/step | ETA 00:00m
[Epoch 7] Step 30550/31250 Loss: 0.0226 | 0.07s/step | ETA 00:00m
[Epoch 7] Step 30600/31250 Loss: 0.0225 | 0.07s/step | ETA 00:00m
[Epoch 7] Step 30650/31250 Loss: 0.0234 | 0.07s/step | ETA 00:00m
[Epoch 7] Step 30700/31250 Loss: 0.0240 | 0.07s/step | ETA 00:00m
[Epoch 7] Step 30750/31250 Loss: 0.0237 | 0.07s/step | ETA 00:00m
[Epoch 7] Step 30800/31250 Loss: 0.0235 | 0.07s/step | ETA 00:00m
[Epoch 7] Step 30850/31250 Loss: 0.0226 | 0.07s/step | ETA 00:00m
[Epoch 7] Step 30900/31250 Loss: 0.0229 | 0.07s/step | ETA 00:00m
[Epoch 7] Step 30950/31250 Loss: 0.0234 | 0.07s/step | ETA 00:00m
[Epoch 7] Step 31000/31250 Loss: 0.0225 | 0.07s/step | ETA 00:00m
[Epoch 7] Step 31050/31250 Loss: 0.0231 | 0.07s/step | ETA 00:00m
[Epoch 7] Step 31100/31250 Loss: 0.0224 | 0.07s/step | ETA 00:00m
[Epoch 7] Step 31150/31250 Loss: 0.0225 | 0.07s/step | ETA 00:00m
[Epoch 7] Step 31200/31250 Loss: 0.0222 | 0.07s/step | ETA 00:00m
[Epoch 7] Step 31250/31250 Loss: 0.0220 | 0.07s/step | ETA 00:00m
[Fine-tune] Ep7: ValLoss=0.0961 | Acc=0.983 | mIoU=0.443 | 36.8 min
[Checkpoint] Saved to /home/channagiri.b/SmallData_Project/Output_FineTune/segformer_b2_weighted_epoch_7.pth
[Epoch 8] Step 50/31250 Loss: 0.0230 | 0.09s/step | ETA 00:44m
[Epoch 8] Step 100/31250 Loss: 0.0246 | 0.07s/step | ETA 00:35m
[Epoch 8] Step 150/31250 Loss: 0.0238 | 0.07s/step | ETA 00:36m
[Epoch 8] Step 200/31250 Loss: 0.0236 | 0.07s/step | ETA 00:36m
[Epoch 8] Step 250/31250 Loss: 0.0227 | 0.07s/step | ETA 00:36m
[Epoch 8] Step 300/31250 Loss: 0.0232 | 0.07s/step | ETA 00:35m
[Epoch 8] Step 350/31250 Loss: 0.0220 | 0.07s/step | ETA 00:35m
[Epoch 8] Step 400/31250 Loss: 0.0221 | 0.07s/step | ETA 00:36m
[Epoch 8] Step 450/31250 Loss: 0.0220 | 0.07s/step | ETA 00:35m
[Epoch 8] Step 500/31250 Loss: 0.0223 | 0.07s/step | ETA 00:35m
[Epoch 8] Step 550/31250 Loss: 0.0215 | 0.07s/step | ETA 00:35m
[Epoch 8] Step 600/31250 Loss: 0.0225 | 0.07s/step | ETA 00:35m
[Epoch 8] Step 650/31250 Loss: 0.0216 | 0.07s/step | ETA 00:35m
[Epoch 8] Step 700/31250 Loss: 0.0238 | 0.07s/step | ETA 00:35m
[Epoch 8] Step 750/31250 Loss: 0.0223 | 0.07s/step | ETA 00:35m
[Epoch 8] Step 800/31250 Loss: 0.0233 | 0.07s/step | ETA 00:35m
[Epoch 8] Step 850/31250 Loss: 0.0225 | 0.07s/step | ETA 00:34m
[Epoch 8] Step 900/31250 Loss: 0.0233 | 0.07s/step | ETA 00:34m
[Epoch 8] Step 950/31250 Loss: 0.0231 | 0.07s/step | ETA 00:35m
[Epoch 8] Step 1000/31250 Loss: 0.0231 | 0.07s/step | ETA 00:35m
[Epoch 8] Step 1050/31250 Loss: 0.0223 | 0.07s/step | ETA 00:34m
[Epoch 8] Step 1100/31250 Loss: 0.0217 | 0.07s/step | ETA 00:34m
[Epoch 8] Step 1150/31250 Loss: 0.0217 | 0.07s/step | ETA 00:34m
[Epoch 8] Step 1200/31250 Loss: 0.0230 | 0.07s/step | ETA 00:36m
[Epoch 8] Step 1250/31250 Loss: 0.0224 | 0.07s/step | ETA 00:34m
[Epoch 8] Step 1300/31250 Loss: 0.0235 | 0.07s/step | ETA 00:34m
[Epoch 8] Step 1350/31250 Loss: 0.0226 | 0.07s/step | ETA 00:34m
[Epoch 8] Step 1400/31250 Loss: 0.0221 | 0.07s/step | ETA 00:34m
[Epoch 8] Step 1450/31250 Loss: 0.0225 | 0.07s/step | ETA 00:34m
[Epoch 8] Step 1500/31250 Loss: 0.0229 | 0.07s/step | ETA 00:34m
[Epoch 8] Step 1550/31250 Loss: 0.0238 | 0.07s/step | ETA 00:34m
[Epoch 8] Step 1600/31250 Loss: 0.0241 | 0.07s/step | ETA 00:34m
[Epoch 8] Step 1650/31250 Loss: 0.0240 | 0.07s/step | ETA 00:33m
[Epoch 8] Step 1700/31250 Loss: 0.0240 | 0.07s/step | ETA 00:33m
[Epoch 8] Step 1750/31250 Loss: 0.0239 | 0.07s/step | ETA 00:33m
[Epoch 8] Step 1800/31250 Loss: 0.0247 | 0.07s/step | ETA 00:34m
[Epoch 8] Step 1850/31250 Loss: 0.0228 | 0.07s/step | ETA 00:34m
[Epoch 8] Step 1900/31250 Loss: 0.0229 | 0.07s/step | ETA 00:33m
[Epoch 8] Step 1950/31250 Loss: 0.0228 | 0.07s/step | ETA 00:33m
[Epoch 8] Step 2000/31250 Loss: 0.0223 | 0.07s/step | ETA 00:33m
[Epoch 8] Step 2050/31250 Loss: 0.0229 | 0.07s/step | ETA 00:34m
[Epoch 8] Step 2100/31250 Loss: 0.0226 | 0.07s/step | ETA 00:33m
[Epoch 8] Step 2150/31250 Loss: 0.0230 | 0.07s/step | ETA 00:33m
[Epoch 8] Step 2200/31250 Loss: 0.0220 | 0.07s/step | ETA 00:33m
[Epoch 8] Step 2250/31250 Loss: 0.0227 | 0.07s/step | ETA 00:33m
[Epoch 8] Step 2300/31250 Loss: 0.0242 | 0.07s/step | ETA 00:33m
[Epoch 8] Step 2350/31250 Loss: 0.0234 | 0.07s/step | ETA 00:35m
[Epoch 8] Step 2400/31250 Loss: 0.0228 | 0.07s/step | ETA 00:32m
[Epoch 8] Step 2450/31250 Loss: 0.0232 | 0.07s/step | ETA 00:32m
[Epoch 8] Step 2500/31250 Loss: 0.0225 | 0.07s/step | ETA 00:33m
[Epoch 8] Step 2550/31250 Loss: 0.0213 | 0.07s/step | ETA 00:33m
[Epoch 8] Step 2600/31250 Loss: 0.0220 | 0.07s/step | ETA 00:32m
[Epoch 8] Step 2650/31250 Loss: 0.0228 | 0.07s/step | ETA 00:32m
[Epoch 8] Step 2700/31250 Loss: 0.0230 | 0.07s/step | ETA 00:32m
[Epoch 8] Step 2750/31250 Loss: 0.0237 | 0.07s/step | ETA 00:32m
[Epoch 8] Step 2800/31250 Loss: 0.0252 | 0.07s/step | ETA 00:32m
[Epoch 8] Step 2850/31250 Loss: 0.0246 | 0.07s/step | ETA 00:32m
[Epoch 8] Step 2900/31250 Loss: 0.0235 | 0.07s/step | ETA 00:32m
[Epoch 8] Step 2950/31250 Loss: 0.0241 | 0.07s/step | ETA 00:32m
[Epoch 8] Step 3000/31250 Loss: 0.0239 | 0.07s/step | ETA 00:32m
[Epoch 8] Step 3050/31250 Loss: 0.0222 | 0.07s/step | ETA 00:32m
[Epoch 8] Step 3100/31250 Loss: 0.0224 | 0.07s/step | ETA 00:32m
[Epoch 8] Step 3150/31250 Loss: 0.0227 | 0.07s/step | ETA 00:32m
[Epoch 8] Step 3200/31250 Loss: 0.0226 | 0.07s/step | ETA 00:32m
[Epoch 8] Step 3250/31250 Loss: 0.0226 | 0.07s/step | ETA 00:32m
[Epoch 8] Step 3300/31250 Loss: 0.0224 | 0.07s/step | ETA 00:31m
[Epoch 8] Step 3350/31250 Loss: 0.0217 | 0.07s/step | ETA 00:32m
[Epoch 8] Step 3400/31250 Loss: 0.0219 | 0.07s/step | ETA 00:31m
[Epoch 8] Step 3450/31250 Loss: 0.0223 | 0.07s/step | ETA 00:31m
[Epoch 8] Step 3500/31250 Loss: 0.0223 | 0.07s/step | ETA 00:31m
[Epoch 8] Step 3550/31250 Loss: 0.0232 | 0.07s/step | ETA 00:33m
[Epoch 8] Step 3600/31250 Loss: 0.0236 | 0.07s/step | ETA 00:32m
[Epoch 8] Step 3650/31250 Loss: 0.0226 | 0.07s/step | ETA 00:31m
[Epoch 8] Step 3700/31250 Loss: 0.0213 | 0.07s/step | ETA 00:31m
[Epoch 8] Step 3750/31250 Loss: 0.0213 | 0.07s/step | ETA 00:31m
[Epoch 8] Step 3800/31250 Loss: 0.0218 | 0.07s/step | ETA 00:31m
[Epoch 8] Step 3850/31250 Loss: 0.0250 | 0.07s/step | ETA 00:31m
[Epoch 8] Step 3900/31250 Loss: 0.0245 | 0.07s/step | ETA 00:31m
[Epoch 8] Step 3950/31250 Loss: 0.0275 | 0.07s/step | ETA 00:31m
[Epoch 8] Step 4000/31250 Loss: 0.0243 | 0.07s/step | ETA 00:31m
[Epoch 8] Step 4050/31250 Loss: 0.0227 | 0.07s/step | ETA 00:31m
[Epoch 8] Step 4100/31250 Loss: 0.0231 | 0.07s/step | ETA 00:31m
[Epoch 8] Step 4150/31250 Loss: 0.0231 | 0.07s/step | ETA 00:31m
[Epoch 8] Step 4200/31250 Loss: 0.0223 | 0.07s/step | ETA 00:30m
[Epoch 8] Step 4250/31250 Loss: 0.0222 | 0.07s/step | ETA 00:31m
[Epoch 8] Step 4300/31250 Loss: 0.0230 | 0.07s/step | ETA 00:30m
[Epoch 8] Step 4350/31250 Loss: 0.0221 | 0.07s/step | ETA 00:31m
[Epoch 8] Step 4400/31250 Loss: 0.0227 | 0.07s/step | ETA 00:30m
[Epoch 8] Step 4450/31250 Loss: 0.0222 | 0.07s/step | ETA 00:30m
[Epoch 8] Step 4500/31250 Loss: 0.0225 | 0.07s/step | ETA 00:30m
[Epoch 8] Step 4550/31250 Loss: 0.0223 | 0.07s/step | ETA 00:30m
[Epoch 8] Step 4600/31250 Loss: 0.0222 | 0.07s/step | ETA 00:30m
[Epoch 8] Step 4650/31250 Loss: 0.0221 | 0.07s/step | ETA 00:30m
[Epoch 8] Step 4700/31250 Loss: 0.0219 | 0.07s/step | ETA 00:31m
[Epoch 8] Step 4750/31250 Loss: 0.0217 | 0.07s/step | ETA 00:30m
[Epoch 8] Step 4800/31250 Loss: 0.0218 | 0.07s/step | ETA 00:30m
[Epoch 8] Step 4850/31250 Loss: 0.0226 | 0.07s/step | ETA 00:30m
[Epoch 8] Step 4900/31250 Loss: 0.0232 | 0.07s/step | ETA 00:30m
[Epoch 8] Step 4950/31250 Loss: 0.0240 | 0.07s/step | ETA 00:30m
[Epoch 8] Step 5000/31250 Loss: 0.0245 | 0.07s/step | ETA 00:30m
[Epoch 8] Step 5050/31250 Loss: 0.0235 | 0.07s/step | ETA 00:30m
[Epoch 8] Step 5100/31250 Loss: 0.0219 | 0.07s/step | ETA 00:30m
[Epoch 8] Step 5150/31250 Loss: 0.0231 | 0.07s/step | ETA 00:30m
[Epoch 8] Step 5200/31250 Loss: 0.0255 | 0.07s/step | ETA 00:29m
[Epoch 8] Step 5250/31250 Loss: 0.0245 | 0.07s/step | ETA 00:29m
[Epoch 8] Step 5300/31250 Loss: 0.0235 | 0.07s/step | ETA 00:30m
[Epoch 8] Step 5350/31250 Loss: 0.0233 | 0.07s/step | ETA 00:30m
[Epoch 8] Step 5400/31250 Loss: 0.0227 | 0.07s/step | ETA 00:29m
[Epoch 8] Step 5450/31250 Loss: 0.0235 | 0.07s/step | ETA 00:29m
[Epoch 8] Step 5500/31250 Loss: 0.0227 | 0.07s/step | ETA 00:29m
[Epoch 8] Step 5550/31250 Loss: 0.0233 | 0.07s/step | ETA 00:29m
[Epoch 8] Step 5600/31250 Loss: 0.0247 | 0.07s/step | ETA 00:29m
[Epoch 8] Step 5650/31250 Loss: 0.0244 | 0.07s/step | ETA 00:29m
[Epoch 8] Step 5700/31250 Loss: 0.0242 | 0.07s/step | ETA 00:29m
[Epoch 8] Step 5750/31250 Loss: 0.0225 | 0.07s/step | ETA 00:29m
[Epoch 8] Step 5800/31250 Loss: 0.0228 | 0.07s/step | ETA 00:29m
[Epoch 8] Step 5850/31250 Loss: 0.0241 | 0.07s/step | ETA 00:30m
[Epoch 8] Step 5900/31250 Loss: 0.0217 | 0.07s/step | ETA 00:29m
[Epoch 8] Step 5950/31250 Loss: 0.0228 | 0.07s/step | ETA 00:29m
[Epoch 8] Step 6000/31250 Loss: 0.0230 | 0.07s/step | ETA 00:29m
[Epoch 8] Step 6050/31250 Loss: 0.0224 | 0.07s/step | ETA 00:29m
[Epoch 8] Step 6100/31250 Loss: 0.0234 | 0.07s/step | ETA 00:29m
[Epoch 8] Step 6150/31250 Loss: 0.0236 | 0.07s/step | ETA 00:28m
[Epoch 8] Step 6200/31250 Loss: 0.0227 | 0.07s/step | ETA 00:28m
[Epoch 8] Step 6250/31250 Loss: 0.0230 | 0.07s/step | ETA 00:28m
[Epoch 8] Step 6300/31250 Loss: 0.0221 | 0.07s/step | ETA 00:28m
[Epoch 8] Step 6350/31250 Loss: 0.0232 | 0.07s/step | ETA 00:28m
[Epoch 8] Step 6400/31250 Loss: 0.0222 | 0.07s/step | ETA 00:29m
[Epoch 8] Step 6450/31250 Loss: 0.0225 | 0.07s/step | ETA 00:28m
[Epoch 8] Step 6500/31250 Loss: 0.0214 | 0.07s/step | ETA 00:28m
[Epoch 8] Step 6550/31250 Loss: 0.0225 | 0.07s/step | ETA 00:28m
[Epoch 8] Step 6600/31250 Loss: 0.0220 | 0.07s/step | ETA 00:28m
[Epoch 8] Step 6650/31250 Loss: 0.0221 | 0.07s/step | ETA 00:28m
[Epoch 8] Step 6700/31250 Loss: 0.0220 | 0.07s/step | ETA 00:28m
[Epoch 8] Step 6750/31250 Loss: 0.0216 | 0.07s/step | ETA 00:28m
[Epoch 8] Step 6800/31250 Loss: 0.0227 | 0.07s/step | ETA 00:28m
[Epoch 8] Step 6850/31250 Loss: 0.0232 | 0.07s/step | ETA 00:27m
[Epoch 8] Step 6900/31250 Loss: 0.0221 | 0.07s/step | ETA 00:27m
[Epoch 8] Step 6950/31250 Loss: 0.0223 | 0.07s/step | ETA 00:27m
[Epoch 8] Step 7000/31250 Loss: 0.0224 | 0.07s/step | ETA 00:28m
[Epoch 8] Step 7050/31250 Loss: 0.0222 | 0.07s/step | ETA 00:29m
[Epoch 8] Step 7100/31250 Loss: 0.0226 | 0.07s/step | ETA 00:27m
[Epoch 8] Step 7150/31250 Loss: 0.0226 | 0.07s/step | ETA 00:27m
[Epoch 8] Step 7200/31250 Loss: 0.0218 | 0.07s/step | ETA 00:27m
[Epoch 8] Step 7250/31250 Loss: 0.0221 | 0.07s/step | ETA 00:27m
[Epoch 8] Step 7300/31250 Loss: 0.0227 | 0.07s/step | ETA 00:27m
[Epoch 8] Step 7350/31250 Loss: 0.0240 | 0.07s/step | ETA 00:27m
[Epoch 8] Step 7400/31250 Loss: 0.0231 | 0.07s/step | ETA 00:27m
[Epoch 8] Step 7450/31250 Loss: 0.0267 | 0.07s/step | ETA 00:27m
[Epoch 8] Step 7500/31250 Loss: 0.0271 | 0.07s/step | ETA 00:27m
[Epoch 8] Step 7550/31250 Loss: 0.0254 | 0.07s/step | ETA 00:27m
[Epoch 8] Step 7600/31250 Loss: 0.0238 | 0.07s/step | ETA 00:27m
[Epoch 8] Step 7650/31250 Loss: 0.0237 | 0.07s/step | ETA 00:27m
[Epoch 8] Step 7700/31250 Loss: 0.0230 | 0.07s/step | ETA 00:26m
[Epoch 8] Step 7750/31250 Loss: 0.0225 | 0.07s/step | ETA 00:26m
[Epoch 8] Step 7800/31250 Loss: 0.0252 | 0.07s/step | ETA 00:26m
[Epoch 8] Step 7850/31250 Loss: 0.0232 | 0.07s/step | ETA 00:26m
[Epoch 8] Step 7900/31250 Loss: 0.0224 | 0.07s/step | ETA 00:27m
[Epoch 8] Step 7950/31250 Loss: 0.0224 | 0.07s/step | ETA 00:26m
[Epoch 8] Step 8000/31250 Loss: 0.0221 | 0.07s/step | ETA 00:26m
[Epoch 8] Step 8050/31250 Loss: 0.0241 | 0.07s/step | ETA 00:26m
[Epoch 8] Step 8100/31250 Loss: 0.0219 | 0.07s/step | ETA 00:26m
[Epoch 8] Step 8150/31250 Loss: 0.0221 | 0.07s/step | ETA 00:26m
[Epoch 8] Step 8200/31250 Loss: 0.0222 | 0.07s/step | ETA 00:27m
[Epoch 8] Step 8250/31250 Loss: 0.0228 | 0.07s/step | ETA 00:26m
[Epoch 8] Step 8300/31250 Loss: 0.0226 | 0.07s/step | ETA 00:26m
[Epoch 8] Step 8350/31250 Loss: 0.0221 | 0.07s/step | ETA 00:26m
[Epoch 8] Step 8400/31250 Loss: 0.0221 | 0.07s/step | ETA 00:26m
[Epoch 8] Step 8450/31250 Loss: 0.0229 | 0.07s/step | ETA 00:26m
[Epoch 8] Step 8500/31250 Loss: 0.0220 | 0.07s/step | ETA 00:26m
[Epoch 8] Step 8550/31250 Loss: 0.0214 | 0.07s/step | ETA 00:26m
[Epoch 8] Step 8600/31250 Loss: 0.0212 | 0.07s/step | ETA 00:25m
[Epoch 8] Step 8650/31250 Loss: 0.0228 | 0.07s/step | ETA 00:25m
[Epoch 8] Step 8700/31250 Loss: 0.0228 | 0.07s/step | ETA 00:25m
[Epoch 8] Step 8750/31250 Loss: 0.0230 | 0.07s/step | ETA 00:26m
[Epoch 8] Step 8800/31250 Loss: 0.0241 | 0.07s/step | ETA 00:25m
[Epoch 8] Step 8850/31250 Loss: 0.0224 | 0.07s/step | ETA 00:25m
[Epoch 8] Step 8900/31250 Loss: 0.0223 | 0.07s/step | ETA 00:25m
[Epoch 8] Step 8950/31250 Loss: 0.0233 | 0.07s/step | ETA 00:26m
[Epoch 8] Step 9000/31250 Loss: 0.0225 | 0.07s/step | ETA 00:25m
[Epoch 8] Step 9050/31250 Loss: 0.0222 | 0.07s/step | ETA 00:25m
[Epoch 8] Step 9100/31250 Loss: 0.0218 | 0.07s/step | ETA 00:26m
[Epoch 8] Step 9150/31250 Loss: 0.0217 | 0.07s/step | ETA 00:26m
[Epoch 8] Step 9200/31250 Loss: 0.0219 | 0.07s/step | ETA 00:25m
[Epoch 8] Step 9250/31250 Loss: 0.0222 | 0.07s/step | ETA 00:25m
[Epoch 8] Step 9300/31250 Loss: 0.0227 | 0.07s/step | ETA 00:25m
[Epoch 8] Step 9350/31250 Loss: 0.0225 | 0.07s/step | ETA 00:26m
[Epoch 8] Step 9400/31250 Loss: 0.0218 | 0.07s/step | ETA 00:25m
[Epoch 8] Step 9450/31250 Loss: 0.0212 | 0.07s/step | ETA 00:25m
[Epoch 8] Step 9500/31250 Loss: 0.0226 | 0.07s/step | ETA 00:25m
[Epoch 8] Step 9550/31250 Loss: 0.0217 | 0.07s/step | ETA 00:25m
[Epoch 8] Step 9600/31250 Loss: 0.0219 | 0.07s/step | ETA 00:25m
[Epoch 8] Step 9650/31250 Loss: 0.0223 | 0.07s/step | ETA 00:25m
[Epoch 8] Step 9700/31250 Loss: 0.0213 | 0.07s/step | ETA 00:24m
[Epoch 8] Step 9750/31250 Loss: 0.0241 | 0.07s/step | ETA 00:24m
[Epoch 8] Step 9800/31250 Loss: 0.0235 | 0.07s/step | ETA 00:24m
[Epoch 8] Step 9850/31250 Loss: 0.0228 | 0.07s/step | ETA 00:24m
[Epoch 8] Step 9900/31250 Loss: 0.0223 | 0.07s/step | ETA 00:24m
[Epoch 8] Step 9950/31250 Loss: 0.0220 | 0.07s/step | ETA 00:24m
[Epoch 8] Step 10000/31250 Loss: 0.0226 | 0.07s/step | ETA 00:24m
[Epoch 8] Step 10050/31250 Loss: 0.0223 | 0.07s/step | ETA 00:24m
[Epoch 8] Step 10100/31250 Loss: 0.0222 | 0.07s/step | ETA 00:24m
[Epoch 8] Step 10150/31250 Loss: 0.0229 | 0.07s/step | ETA 00:24m
[Epoch 8] Step 10200/31250 Loss: 0.0230 | 0.07s/step | ETA 00:24m
[Epoch 8] Step 10250/31250 Loss: 0.0216 | 0.07s/step | ETA 00:24m
[Epoch 8] Step 10300/31250 Loss: 0.0237 | 0.07s/step | ETA 00:24m
[Epoch 8] Step 10350/31250 Loss: 0.0228 | 0.07s/step | ETA 00:24m
[Epoch 8] Step 10400/31250 Loss: 0.0213 | 0.07s/step | ETA 00:23m
[Epoch 8] Step 10450/31250 Loss: 0.0219 | 0.07s/step | ETA 00:23m
[Epoch 8] Step 10500/31250 Loss: 0.0226 | 0.07s/step | ETA 00:23m
[Epoch 8] Step 10550/31250 Loss: 0.0218 | 0.07s/step | ETA 00:25m
[Epoch 8] Step 10600/31250 Loss: 0.0220 | 0.07s/step | ETA 00:23m
[Epoch 8] Step 10650/31250 Loss: 0.0232 | 0.07s/step | ETA 00:23m
[Epoch 8] Step 10700/31250 Loss: 0.0232 | 0.07s/step | ETA 00:23m
[Epoch 8] Step 10750/31250 Loss: 0.0230 | 0.07s/step | ETA 00:23m
[Epoch 8] Step 10800/31250 Loss: 0.0239 | 0.07s/step | ETA 00:23m
[Epoch 8] Step 10850/31250 Loss: 0.0242 | 0.07s/step | ETA 00:23m
[Epoch 8] Step 10900/31250 Loss: 0.0241 | 0.07s/step | ETA 00:23m
[Epoch 8] Step 10950/31250 Loss: 0.0230 | 0.07s/step | ETA 00:23m
[Epoch 8] Step 11000/31250 Loss: 0.0228 | 0.07s/step | ETA 00:23m
[Epoch 8] Step 11050/31250 Loss: 0.0221 | 0.07s/step | ETA 00:23m
[Epoch 8] Step 11100/31250 Loss: 0.0220 | 0.07s/step | ETA 00:23m
[Epoch 8] Step 11150/31250 Loss: 0.0230 | 0.07s/step | ETA 00:23m
[Epoch 8] Step 11200/31250 Loss: 0.0220 | 0.07s/step | ETA 00:23m
[Epoch 8] Step 11250/31250 Loss: 0.0226 | 0.07s/step | ETA 00:23m
[Epoch 8] Step 11300/31250 Loss: 0.0231 | 0.07s/step | ETA 00:23m
[Epoch 8] Step 11350/31250 Loss: 0.0216 | 0.07s/step | ETA 00:23m
[Epoch 8] Step 11400/31250 Loss: 0.0208 | 0.07s/step | ETA 00:22m
[Epoch 8] Step 11450/31250 Loss: 0.0219 | 0.07s/step | ETA 00:22m
[Epoch 8] Step 11500/31250 Loss: 0.0215 | 0.07s/step | ETA 00:22m
[Epoch 8] Step 11550/31250 Loss: 0.0222 | 0.07s/step | ETA 00:22m
[Epoch 8] Step 11600/31250 Loss: 0.0220 | 0.07s/step | ETA 00:22m
[Epoch 8] Step 11650/31250 Loss: 0.0232 | 0.07s/step | ETA 00:22m
[Epoch 8] Step 11700/31250 Loss: 0.0227 | 0.07s/step | ETA 00:23m
[Epoch 8] Step 11750/31250 Loss: 0.0227 | 0.07s/step | ETA 00:22m
[Epoch 8] Step 11800/31250 Loss: 0.0222 | 0.07s/step | ETA 00:22m
[Epoch 8] Step 11850/31250 Loss: 0.0218 | 0.07s/step | ETA 00:22m
[Epoch 8] Step 11900/31250 Loss: 0.0217 | 0.07s/step | ETA 00:22m
[Epoch 8] Step 11950/31250 Loss: 0.0228 | 0.07s/step | ETA 00:22m
[Epoch 8] Step 12000/31250 Loss: 0.0217 | 0.07s/step | ETA 00:22m
[Epoch 8] Step 12050/31250 Loss: 0.0217 | 0.07s/step | ETA 00:22m
[Epoch 8] Step 12100/31250 Loss: 0.0213 | 0.07s/step | ETA 00:22m
[Epoch 8] Step 12150/31250 Loss: 0.0211 | 0.07s/step | ETA 00:21m
[Epoch 8] Step 12200/31250 Loss: 0.0222 | 0.07s/step | ETA 00:21m
[Epoch 8] Step 12250/31250 Loss: 0.0210 | 0.07s/step | ETA 00:21m
[Epoch 8] Step 12300/31250 Loss: 0.0214 | 0.07s/step | ETA 00:21m
[Epoch 8] Step 12350/31250 Loss: 0.0218 | 0.07s/step | ETA 00:21m
[Epoch 8] Step 12400/31250 Loss: 0.0215 | 0.07s/step | ETA 00:21m
[Epoch 8] Step 12450/31250 Loss: 0.0222 | 0.07s/step | ETA 00:21m
[Epoch 8] Step 12500/31250 Loss: 0.0218 | 0.07s/step | ETA 00:21m
[Epoch 8] Step 12550/31250 Loss: 0.0222 | 0.07s/step | ETA 00:21m
[Epoch 8] Step 12600/31250 Loss: 0.0214 | 0.07s/step | ETA 00:21m
[Epoch 8] Step 12650/31250 Loss: 0.0214 | 0.07s/step | ETA 00:21m
[Epoch 8] Step 12700/31250 Loss: 0.0214 | 0.07s/step | ETA 00:21m
[Epoch 8] Step 12750/31250 Loss: 0.0217 | 0.07s/step | ETA 00:21m
[Epoch 8] Step 12800/31250 Loss: 0.0218 | 0.07s/step | ETA 00:21m
[Epoch 8] Step 12850/31250 Loss: 0.0217 | 0.07s/step | ETA 00:22m
[Epoch 8] Step 12900/31250 Loss: 0.0211 | 0.07s/step | ETA 00:21m
[Epoch 8] Step 12950/31250 Loss: 0.0225 | 0.07s/step | ETA 00:20m
[Epoch 8] Step 13000/31250 Loss: 0.0220 | 0.07s/step | ETA 00:20m
[Epoch 8] Step 13050/31250 Loss: 0.0218 | 0.07s/step | ETA 00:20m
[Epoch 8] Step 13100/31250 Loss: 0.0224 | 0.07s/step | ETA 00:20m
[Epoch 8] Step 13150/31250 Loss: 0.0220 | 0.07s/step | ETA 00:21m
[Epoch 8] Step 13200/31250 Loss: 0.0217 | 0.07s/step | ETA 00:20m
[Epoch 8] Step 13250/31250 Loss: 0.0219 | 0.07s/step | ETA 00:20m
[Epoch 8] Step 13300/31250 Loss: 0.0217 | 0.07s/step | ETA 00:20m
[Epoch 8] Step 13350/31250 Loss: 0.0216 | 0.07s/step | ETA 00:20m
[Epoch 8] Step 13400/31250 Loss: 0.0241 | 0.07s/step | ETA 00:20m
[Epoch 8] Step 13450/31250 Loss: 0.0238 | 0.07s/step | ETA 00:20m
[Epoch 8] Step 13500/31250 Loss: 0.0229 | 0.07s/step | ETA 00:20m
[Epoch 8] Step 13550/31250 Loss: 0.0220 | 0.07s/step | ETA 00:20m
[Epoch 8] Step 13600/31250 Loss: 0.0210 | 0.07s/step | ETA 00:20m
[Epoch 8] Step 13650/31250 Loss: 0.0212 | 0.07s/step | ETA 00:20m
[Epoch 8] Step 13700/31250 Loss: 0.0233 | 0.07s/step | ETA 00:20m
[Epoch 8] Step 13750/31250 Loss: 0.0225 | 0.07s/step | ETA 00:20m
[Epoch 8] Step 13800/31250 Loss: 0.0245 | 0.07s/step | ETA 00:20m
[Epoch 8] Step 13850/31250 Loss: 0.0252 | 0.07s/step | ETA 00:20m
[Epoch 8] Step 13900/31250 Loss: 0.0246 | 0.07s/step | ETA 00:20m
[Epoch 8] Step 13950/31250 Loss: 0.0233 | 0.07s/step | ETA 00:19m
[Epoch 8] Step 14000/31250 Loss: 0.0221 | 0.07s/step | ETA 00:19m
[Epoch 8] Step 14050/31250 Loss: 0.0232 | 0.07s/step | ETA 00:20m
[Epoch 8] Step 14100/31250 Loss: 0.0229 | 0.07s/step | ETA 00:19m
[Epoch 8] Step 14150/31250 Loss: 0.0218 | 0.07s/step | ETA 00:19m
[Epoch 8] Step 14200/31250 Loss: 0.0242 | 0.07s/step | ETA 00:19m
[Epoch 8] Step 14250/31250 Loss: 0.0245 | 0.07s/step | ETA 00:19m
[Epoch 8] Step 14300/31250 Loss: 0.0232 | 0.07s/step | ETA 00:19m
[Epoch 8] Step 14350/31250 Loss: 0.0245 | 0.07s/step | ETA 00:19m
[Epoch 8] Step 14400/31250 Loss: 0.0258 | 0.07s/step | ETA 00:19m
[Epoch 8] Step 14450/31250 Loss: 0.0243 | 0.07s/step | ETA 00:19m
[Epoch 8] Step 14500/31250 Loss: 0.0236 | 0.07s/step | ETA 00:19m
[Epoch 8] Step 14550/31250 Loss: 0.0226 | 0.07s/step | ETA 00:19m
[Epoch 8] Step 14600/31250 Loss: 0.0235 | 0.07s/step | ETA 00:19m
[Epoch 8] Step 14650/31250 Loss: 0.0242 | 0.07s/step | ETA 00:19m
[Epoch 8] Step 14700/31250 Loss: 0.0244 | 0.07s/step | ETA 00:19m
[Epoch 8] Step 14750/31250 Loss: 0.0240 | 0.07s/step | ETA 00:19m
[Epoch 8] Step 14800/31250 Loss: 0.0226 | 0.07s/step | ETA 00:18m
[Epoch 8] Step 14850/31250 Loss: 0.0225 | 0.07s/step | ETA 00:18m
[Epoch 8] Step 14900/31250 Loss: 0.0235 | 0.07s/step | ETA 00:18m
[Epoch 8] Step 14950/31250 Loss: 0.0233 | 0.07s/step | ETA 00:18m
[Epoch 8] Step 15000/31250 Loss: 0.0231 | 0.07s/step | ETA 00:18m
[Epoch 8] Step 15050/31250 Loss: 0.0224 | 0.07s/step | ETA 00:18m
[Epoch 8] Step 15100/31250 Loss: 0.0225 | 0.07s/step | ETA 00:18m
[Epoch 8] Step 15150/31250 Loss: 0.0219 | 0.07s/step | ETA 00:18m
[Epoch 8] Step 15200/31250 Loss: 0.0212 | 0.07s/step | ETA 00:19m
[Epoch 8] Step 15250/31250 Loss: 0.0220 | 0.07s/step | ETA 00:18m
[Epoch 8] Step 15300/31250 Loss: 0.0260 | 0.07s/step | ETA 00:18m
[Epoch 8] Step 15350/31250 Loss: 0.0231 | 0.07s/step | ETA 00:18m
[Epoch 8] Step 15400/31250 Loss: 0.0227 | 0.07s/step | ETA 00:18m
[Epoch 8] Step 15450/31250 Loss: 0.0224 | 0.07s/step | ETA 00:18m
[Epoch 8] Step 15500/31250 Loss: 0.0219 | 0.07s/step | ETA 00:18m
[Epoch 8] Step 15550/31250 Loss: 0.0221 | 0.07s/step | ETA 00:17m
[Epoch 8] Step 15600/31250 Loss: 0.0225 | 0.07s/step | ETA 00:17m
[Epoch 8] Step 15650/31250 Loss: 0.0224 | 0.07s/step | ETA 00:17m
[Epoch 8] Step 15700/31250 Loss: 0.0227 | 0.07s/step | ETA 00:17m
[Epoch 8] Step 15750/31250 Loss: 0.0227 | 0.07s/step | ETA 00:17m
[Epoch 8] Step 15800/31250 Loss: 0.0225 | 0.07s/step | ETA 00:17m
[Epoch 8] Step 15850/31250 Loss: 0.0221 | 0.07s/step | ETA 00:17m
[Epoch 8] Step 15900/31250 Loss: 0.0213 | 0.07s/step | ETA 00:17m
[Epoch 8] Step 15950/31250 Loss: 0.0215 | 0.07s/step | ETA 00:17m
[Epoch 8] Step 16000/31250 Loss: 0.0215 | 0.07s/step | ETA 00:17m
[Epoch 8] Step 16050/31250 Loss: 0.0238 | 0.07s/step | ETA 00:17m
[Epoch 8] Step 16100/31250 Loss: 0.0224 | 0.07s/step | ETA 00:17m
[Epoch 8] Step 16150/31250 Loss: 0.0222 | 0.07s/step | ETA 00:17m
[Epoch 8] Step 16200/31250 Loss: 0.0232 | 0.07s/step | ETA 00:17m
[Epoch 8] Step 16250/31250 Loss: 0.0229 | 0.07s/step | ETA 00:17m
[Epoch 8] Step 16300/31250 Loss: 0.0227 | 0.07s/step | ETA 00:17m
[Epoch 8] Step 16350/31250 Loss: 0.0218 | 0.07s/step | ETA 00:17m
[Epoch 8] Step 16400/31250 Loss: 0.0224 | 0.07s/step | ETA 00:16m
[Epoch 8] Step 16450/31250 Loss: 0.0218 | 0.07s/step | ETA 00:16m
[Epoch 8] Step 16500/31250 Loss: 0.0221 | 0.07s/step | ETA 00:16m
[Epoch 8] Step 16550/31250 Loss: 0.0219 | 0.07s/step | ETA 00:16m
[Epoch 8] Step 16600/31250 Loss: 0.0217 | 0.07s/step | ETA 00:16m
[Epoch 8] Step 16650/31250 Loss: 0.0218 | 0.07s/step | ETA 00:16m
[Epoch 8] Step 16700/31250 Loss: 0.0220 | 0.07s/step | ETA 00:16m
[Epoch 8] Step 16750/31250 Loss: 0.0219 | 0.07s/step | ETA 00:16m
[Epoch 8] Step 16800/31250 Loss: 0.0214 | 0.07s/step | ETA 00:16m
[Epoch 8] Step 16850/31250 Loss: 0.0217 | 0.07s/step | ETA 00:16m
[Epoch 8] Step 16900/31250 Loss: 0.0207 | 0.07s/step | ETA 00:16m
[Epoch 8] Step 16950/31250 Loss: 0.0220 | 0.07s/step | ETA 00:16m
[Epoch 8] Step 17000/31250 Loss: 0.0208 | 0.07s/step | ETA 00:16m
[Epoch 8] Step 17050/31250 Loss: 0.0214 | 0.07s/step | ETA 00:16m
[Epoch 8] Step 17100/31250 Loss: 0.0213 | 0.07s/step | ETA 00:16m
[Epoch 8] Step 17150/31250 Loss: 0.0223 | 0.07s/step | ETA 00:16m
[Epoch 8] Step 17200/31250 Loss: 0.0213 | 0.07s/step | ETA 00:16m
[Epoch 8] Step 17250/31250 Loss: 0.0216 | 0.07s/step | ETA 00:16m
[Epoch 8] Step 17300/31250 Loss: 0.0221 | 0.07s/step | ETA 00:15m
[Epoch 8] Step 17350/31250 Loss: 0.0217 | 0.07s/step | ETA 00:15m
[Epoch 8] Step 17400/31250 Loss: 0.0223 | 0.07s/step | ETA 00:15m
[Epoch 8] Step 17450/31250 Loss: 0.0220 | 0.07s/step | ETA 00:15m
[Epoch 8] Step 17500/31250 Loss: 0.0214 | 0.07s/step | ETA 00:15m
[Epoch 8] Step 17550/31250 Loss: 0.0209 | 0.07s/step | ETA 00:16m
[Epoch 8] Step 17600/31250 Loss: 0.0222 | 0.07s/step | ETA 00:15m
[Epoch 8] Step 17650/31250 Loss: 0.0220 | 0.07s/step | ETA 00:15m
[Epoch 8] Step 17700/31250 Loss: 0.0211 | 0.07s/step | ETA 00:15m
[Epoch 8] Step 17750/31250 Loss: 0.0214 | 0.07s/step | ETA 00:15m
[Epoch 8] Step 17800/31250 Loss: 0.0223 | 0.07s/step | ETA 00:15m
[Epoch 8] Step 17850/31250 Loss: 0.0214 | 0.07s/step | ETA 00:15m
[Epoch 8] Step 17900/31250 Loss: 0.0209 | 0.07s/step | ETA 00:15m
[Epoch 8] Step 17950/31250 Loss: 0.0210 | 0.07s/step | ETA 00:15m
[Epoch 8] Step 18000/31250 Loss: 0.0210 | 0.07s/step | ETA 00:15m
[Epoch 8] Step 18050/31250 Loss: 0.0209 | 0.07s/step | ETA 00:15m
[Epoch 8] Step 18100/31250 Loss: 0.0210 | 0.07s/step | ETA 00:15m
[Epoch 8] Step 18150/31250 Loss: 0.0216 | 0.07s/step | ETA 00:15m
[Epoch 8] Step 18200/31250 Loss: 0.0213 | 0.07s/step | ETA 00:14m
[Epoch 8] Step 18250/31250 Loss: 0.0220 | 0.07s/step | ETA 00:14m
[Epoch 8] Step 18300/31250 Loss: 0.0207 | 0.07s/step | ETA 00:14m
[Epoch 8] Step 18350/31250 Loss: 0.0208 | 0.07s/step | ETA 00:14m
[Epoch 8] Step 18400/31250 Loss: 0.0211 | 0.07s/step | ETA 00:14m
[Epoch 8] Step 18450/31250 Loss: 0.0208 | 0.07s/step | ETA 00:14m
[Epoch 8] Step 18500/31250 Loss: 0.0221 | 0.07s/step | ETA 00:14m
[Epoch 8] Step 18550/31250 Loss: 0.0220 | 0.07s/step | ETA 00:14m
[Epoch 8] Step 18600/31250 Loss: 0.0232 | 0.07s/step | ETA 00:14m
[Epoch 8] Step 18650/31250 Loss: 0.0229 | 0.07s/step | ETA 00:14m
[Epoch 8] Step 18700/31250 Loss: 0.0225 | 0.07s/step | ETA 00:15m
[Epoch 8] Step 18750/31250 Loss: 0.0231 | 0.07s/step | ETA 00:14m
[Epoch 8] Step 18800/31250 Loss: 0.0238 | 0.07s/step | ETA 00:14m
[Epoch 8] Step 18850/31250 Loss: 0.0226 | 0.07s/step | ETA 00:14m
[Epoch 8] Step 18900/31250 Loss: 0.0285 | 0.07s/step | ETA 00:14m
[Epoch 8] Step 18950/31250 Loss: 0.0234 | 0.07s/step | ETA 00:14m
[Epoch 8] Step 19000/31250 Loss: 0.0229 | 0.07s/step | ETA 00:13m
[Epoch 8] Step 19050/31250 Loss: 0.0240 | 0.07s/step | ETA 00:13m
[Epoch 8] Step 19100/31250 Loss: 0.0224 | 0.07s/step | ETA 00:13m
[Epoch 8] Step 19150/31250 Loss: 0.0226 | 0.07s/step | ETA 00:13m
[Epoch 8] Step 19200/31250 Loss: 0.0217 | 0.07s/step | ETA 00:13m
[Epoch 8] Step 19250/31250 Loss: 0.0222 | 0.07s/step | ETA 00:13m
[Epoch 8] Step 19300/31250 Loss: 0.0237 | 0.07s/step | ETA 00:13m
[Epoch 8] Step 19350/31250 Loss: 0.0217 | 0.07s/step | ETA 00:13m
[Epoch 8] Step 19400/31250 Loss: 0.0226 | 0.07s/step | ETA 00:13m
[Epoch 8] Step 19450/31250 Loss: 0.0225 | 0.07s/step | ETA 00:13m
[Epoch 8] Step 19500/31250 Loss: 0.0218 | 0.07s/step | ETA 00:13m
[Epoch 8] Step 19550/31250 Loss: 0.0219 | 0.07s/step | ETA 00:13m
[Epoch 8] Step 19600/31250 Loss: 0.0223 | 0.07s/step | ETA 00:13m
[Epoch 8] Step 19650/31250 Loss: 0.0223 | 0.07s/step | ETA 00:13m
[Epoch 8] Step 19700/31250 Loss: 0.0212 | 0.07s/step | ETA 00:13m
[Epoch 8] Step 19750/31250 Loss: 0.0215 | 0.07s/step | ETA 00:13m
[Epoch 8] Step 19800/31250 Loss: 0.0214 | 0.07s/step | ETA 00:13m
[Epoch 8] Step 19850/31250 Loss: 0.0217 | 0.07s/step | ETA 00:13m
[Epoch 8] Step 19900/31250 Loss: 0.0223 | 0.07s/step | ETA 00:12m
[Epoch 8] Step 19950/31250 Loss: 0.0215 | 0.07s/step | ETA 00:12m
[Epoch 8] Step 20000/31250 Loss: 0.0216 | 0.07s/step | ETA 00:12m
[Epoch 8] Step 20050/31250 Loss: 0.0205 | 0.07s/step | ETA 00:12m
[Epoch 8] Step 20100/31250 Loss: 0.0219 | 0.07s/step | ETA 00:12m
[Epoch 8] Step 20150/31250 Loss: 0.0219 | 0.07s/step | ETA 00:12m
[Epoch 8] Step 20200/31250 Loss: 0.0212 | 0.07s/step | ETA 00:12m
[Epoch 8] Step 20250/31250 Loss: 0.0216 | 0.07s/step | ETA 00:12m
[Epoch 8] Step 20300/31250 Loss: 0.0215 | 0.07s/step | ETA 00:12m
[Epoch 8] Step 20350/31250 Loss: 0.0218 | 0.07s/step | ETA 00:12m
[Epoch 8] Step 20400/31250 Loss: 0.0225 | 0.07s/step | ETA 00:12m
[Epoch 8] Step 20450/31250 Loss: 0.0215 | 0.07s/step | ETA 00:12m
[Epoch 8] Step 20500/31250 Loss: 0.0215 | 0.07s/step | ETA 00:12m
[Epoch 8] Step 20550/31250 Loss: 0.0210 | 0.07s/step | ETA 00:12m
[Epoch 8] Step 20600/31250 Loss: 0.0212 | 0.07s/step | ETA 00:12m
[Epoch 8] Step 20650/31250 Loss: 0.0211 | 0.07s/step | ETA 00:12m
[Epoch 8] Step 20700/31250 Loss: 0.0213 | 0.07s/step | ETA 00:12m
[Epoch 8] Step 20750/31250 Loss: 0.0214 | 0.07s/step | ETA 00:12m
[Epoch 8] Step 20800/31250 Loss: 0.0209 | 0.07s/step | ETA 00:11m
[Epoch 8] Step 20850/31250 Loss: 0.0215 | 0.07s/step | ETA 00:11m
[Epoch 8] Step 20900/31250 Loss: 0.0208 | 0.07s/step | ETA 00:11m
[Epoch 8] Step 20950/31250 Loss: 0.0218 | 0.07s/step | ETA 00:11m
[Epoch 8] Step 21000/31250 Loss: 0.0215 | 0.07s/step | ETA 00:11m
[Epoch 8] Step 21050/31250 Loss: 0.0200 | 0.07s/step | ETA 00:12m
[Epoch 8] Step 21100/31250 Loss: 0.0211 | 0.07s/step | ETA 00:11m
[Epoch 8] Step 21150/31250 Loss: 0.0225 | 0.07s/step | ETA 00:11m
[Epoch 8] Step 21200/31250 Loss: 0.0225 | 0.07s/step | ETA 00:11m
[Epoch 8] Step 21250/31250 Loss: 0.0224 | 0.07s/step | ETA 00:11m
[Epoch 8] Step 21300/31250 Loss: 0.0227 | 0.07s/step | ETA 00:11m
[Epoch 8] Step 21350/31250 Loss: 0.0229 | 0.07s/step | ETA 00:11m
[Epoch 8] Step 21400/31250 Loss: 0.0251 | 0.07s/step | ETA 00:11m
[Epoch 8] Step 21450/31250 Loss: 0.0221 | 0.07s/step | ETA 00:11m
[Epoch 8] Step 21500/31250 Loss: 0.0220 | 0.07s/step | ETA 00:11m
[Epoch 8] Step 21550/31250 Loss: 0.0219 | 0.07s/step | ETA 00:11m
[Epoch 8] Step 21600/31250 Loss: 0.0219 | 0.07s/step | ETA 00:11m
[Epoch 8] Step 21650/31250 Loss: 0.0212 | 0.07s/step | ETA 00:11m
[Epoch 8] Step 21700/31250 Loss: 0.0219 | 0.07s/step | ETA 00:10m
[Epoch 8] Step 21750/31250 Loss: 0.0216 | 0.07s/step | ETA 00:10m
[Epoch 8] Step 21800/31250 Loss: 0.0210 | 0.07s/step | ETA 00:10m
[Epoch 8] Step 21850/31250 Loss: 0.0226 | 0.07s/step | ETA 00:10m
[Epoch 8] Step 21900/31250 Loss: 0.0235 | 0.07s/step | ETA 00:10m
[Epoch 8] Step 21950/31250 Loss: 0.0218 | 0.07s/step | ETA 00:10m
[Epoch 8] Step 22000/31250 Loss: 0.0214 | 0.07s/step | ETA 00:10m
[Epoch 8] Step 22050/31250 Loss: 0.0221 | 0.07s/step | ETA 00:10m
[Epoch 8] Step 22100/31250 Loss: 0.0226 | 0.07s/step | ETA 00:10m
[Epoch 8] Step 22150/31250 Loss: 0.0219 | 0.07s/step | ETA 00:10m
[Epoch 8] Step 22200/31250 Loss: 0.0237 | 0.07s/step | ETA 00:10m
[Epoch 8] Step 22250/31250 Loss: 0.0220 | 0.07s/step | ETA 00:10m
[Epoch 8] Step 22300/31250 Loss: 0.0217 | 0.07s/step | ETA 00:10m
[Epoch 8] Step 22350/31250 Loss: 0.0229 | 0.07s/step | ETA 00:10m
[Epoch 8] Step 22400/31250 Loss: 0.0216 | 0.07s/step | ETA 00:10m
[Epoch 8] Step 22450/31250 Loss: 0.0216 | 0.07s/step | ETA 00:10m
[Epoch 8] Step 22500/31250 Loss: 0.0216 | 0.07s/step | ETA 00:10m
[Epoch 8] Step 22550/31250 Loss: 0.0212 | 0.07s/step | ETA 00:09m
[Epoch 8] Step 22600/31250 Loss: 0.0218 | 0.07s/step | ETA 00:09m
[Epoch 8] Step 22650/31250 Loss: 0.0234 | 0.07s/step | ETA 00:09m
[Epoch 8] Step 22700/31250 Loss: 0.0233 | 0.07s/step | ETA 00:09m
[Epoch 8] Step 22750/31250 Loss: 0.0235 | 0.07s/step | ETA 00:09m
[Epoch 8] Step 22800/31250 Loss: 0.0220 | 0.07s/step | ETA 00:09m
[Epoch 8] Step 22850/31250 Loss: 0.0224 | 0.07s/step | ETA 00:09m
[Epoch 8] Step 22900/31250 Loss: 0.0215 | 0.07s/step | ETA 00:09m
[Epoch 8] Step 22950/31250 Loss: 0.0218 | 0.07s/step | ETA 00:09m
[Epoch 8] Step 23000/31250 Loss: 0.0214 | 0.07s/step | ETA 00:09m
[Epoch 8] Step 23050/31250 Loss: 0.0216 | 0.07s/step | ETA 00:09m
[Epoch 8] Step 23100/31250 Loss: 0.0232 | 0.07s/step | ETA 00:09m
[Epoch 8] Step 23150/31250 Loss: 0.0224 | 0.07s/step | ETA 00:09m
[Epoch 8] Step 23200/31250 Loss: 0.0221 | 0.07s/step | ETA 00:09m
[Epoch 8] Step 23250/31250 Loss: 0.0218 | 0.07s/step | ETA 00:09m
[Epoch 8] Step 23300/31250 Loss: 0.0213 | 0.07s/step | ETA 00:09m
[Epoch 8] Step 23350/31250 Loss: 0.0214 | 0.07s/step | ETA 00:09m
[Epoch 8] Step 23400/31250 Loss: 0.0227 | 0.07s/step | ETA 00:08m
[Epoch 8] Step 23450/31250 Loss: 0.0254 | 0.07s/step | ETA 00:08m
[Epoch 8] Step 23500/31250 Loss: 0.0223 | 0.07s/step | ETA 00:08m
[Epoch 8] Step 23550/31250 Loss: 0.0231 | 0.07s/step | ETA 00:08m
[Epoch 8] Step 23600/31250 Loss: 0.0228 | 0.07s/step | ETA 00:08m
[Epoch 8] Step 23650/31250 Loss: 0.0222 | 0.07s/step | ETA 00:08m
[Epoch 8] Step 23700/31250 Loss: 0.0223 | 0.07s/step | ETA 00:08m
[Epoch 8] Step 23750/31250 Loss: 0.0215 | 0.07s/step | ETA 00:08m
[Epoch 8] Step 23800/31250 Loss: 0.0218 | 0.07s/step | ETA 00:08m
[Epoch 8] Step 23850/31250 Loss: 0.0217 | 0.07s/step | ETA 00:08m
[Epoch 8] Step 23900/31250 Loss: 0.0213 | 0.07s/step | ETA 00:08m
[Epoch 8] Step 23950/31250 Loss: 0.0224 | 0.07s/step | ETA 00:08m
[Epoch 8] Step 24000/31250 Loss: 0.0219 | 0.07s/step | ETA 00:08m
[Epoch 8] Step 24050/31250 Loss: 0.0217 | 0.07s/step | ETA 00:08m
[Epoch 8] Step 24100/31250 Loss: 0.0224 | 0.07s/step | ETA 00:08m
[Epoch 8] Step 24150/31250 Loss: 0.0225 | 0.07s/step | ETA 00:08m
[Epoch 8] Step 24200/31250 Loss: 0.0229 | 0.07s/step | ETA 00:08m
[Epoch 8] Step 24250/31250 Loss: 0.0265 | 0.07s/step | ETA 00:08m
[Epoch 8] Step 24300/31250 Loss: 0.0255 | 0.07s/step | ETA 00:07m
[Epoch 8] Step 24350/31250 Loss: 0.0238 | 0.07s/step | ETA 00:07m
[Epoch 8] Step 24400/31250 Loss: 0.0225 | 0.07s/step | ETA 00:07m
[Epoch 8] Step 24450/31250 Loss: 0.0225 | 0.07s/step | ETA 00:07m
[Epoch 8] Step 24500/31250 Loss: 0.0229 | 0.07s/step | ETA 00:07m
[Epoch 8] Step 24550/31250 Loss: 0.0226 | 0.07s/step | ETA 00:08m
[Epoch 8] Step 24600/31250 Loss: 0.0222 | 0.07s/step | ETA 00:07m
[Epoch 8] Step 24650/31250 Loss: 0.0229 | 0.07s/step | ETA 00:07m
[Epoch 8] Step 24700/31250 Loss: 0.0236 | 0.07s/step | ETA 00:07m
[Epoch 8] Step 24750/31250 Loss: 0.0223 | 0.07s/step | ETA 00:07m
[Epoch 8] Step 24800/31250 Loss: 0.0224 | 0.07s/step | ETA 00:07m
[Epoch 8] Step 24850/31250 Loss: 0.0218 | 0.07s/step | ETA 00:07m
[Epoch 8] Step 24900/31250 Loss: 0.0228 | 0.07s/step | ETA 00:07m
[Epoch 8] Step 24950/31250 Loss: 0.0228 | 0.07s/step | ETA 00:07m
[Epoch 8] Step 25000/31250 Loss: 0.0215 | 0.07s/step | ETA 00:07m
[Epoch 8] Step 25050/31250 Loss: 0.0223 | 0.07s/step | ETA 00:07m
[Epoch 8] Step 25100/31250 Loss: 0.0220 | 0.07s/step | ETA 00:07m
[Epoch 8] Step 25150/31250 Loss: 0.0218 | 0.07s/step | ETA 00:07m
[Epoch 8] Step 25200/31250 Loss: 0.0212 | 0.07s/step | ETA 00:06m
[Epoch 8] Step 25250/31250 Loss: 0.0210 | 0.07s/step | ETA 00:07m
[Epoch 8] Step 25300/31250 Loss: 0.0226 | 0.07s/step | ETA 00:06m
[Epoch 8] Step 25350/31250 Loss: 0.0223 | 0.07s/step | ETA 00:06m
[Epoch 8] Step 25400/31250 Loss: 0.0223 | 0.07s/step | ETA 00:06m
[Epoch 8] Step 25450/31250 Loss: 0.0221 | 0.07s/step | ETA 00:06m
[Epoch 8] Step 25500/31250 Loss: 0.0223 | 0.07s/step | ETA 00:06m
[Epoch 8] Step 25550/31250 Loss: 0.0223 | 0.07s/step | ETA 00:06m
[Epoch 8] Step 25600/31250 Loss: 0.0218 | 0.07s/step | ETA 00:06m
[Epoch 8] Step 25650/31250 Loss: 0.0218 | 0.07s/step | ETA 00:06m
[Epoch 8] Step 25700/31250 Loss: 0.0218 | 0.07s/step | ETA 00:06m
[Epoch 8] Step 25750/31250 Loss: 0.0214 | 0.07s/step | ETA 00:06m
[Epoch 8] Step 25800/31250 Loss: 0.0236 | 0.07s/step | ETA 00:06m
[Epoch 8] Step 25850/31250 Loss: 0.0219 | 0.07s/step | ETA 00:06m
[Epoch 8] Step 25900/31250 Loss: 0.0225 | 0.07s/step | ETA 00:06m
[Epoch 8] Step 25950/31250 Loss: 0.0210 | 0.07s/step | ETA 00:06m
[Epoch 8] Step 26000/31250 Loss: 0.0215 | 0.07s/step | ETA 00:06m
[Epoch 8] Step 26050/31250 Loss: 0.0221 | 0.07s/step | ETA 00:05m
[Epoch 8] Step 26100/31250 Loss: 0.0223 | 0.07s/step | ETA 00:05m
[Epoch 8] Step 26150/31250 Loss: 0.0223 | 0.07s/step | ETA 00:05m
[Epoch 8] Step 26200/31250 Loss: 0.0226 | 0.07s/step | ETA 00:05m
[Epoch 8] Step 26250/31250 Loss: 0.0221 | 0.07s/step | ETA 00:05m
[Epoch 8] Step 26300/31250 Loss: 0.0217 | 0.07s/step | ETA 00:05m
[Epoch 8] Step 26350/31250 Loss: 0.0217 | 0.07s/step | ETA 00:05m
[Epoch 8] Step 26400/31250 Loss: 0.0224 | 0.07s/step | ETA 00:05m
[Epoch 8] Step 26450/31250 Loss: 0.0219 | 0.07s/step | ETA 00:05m
[Epoch 8] Step 26500/31250 Loss: 0.0217 | 0.07s/step | ETA 00:05m
[Epoch 8] Step 26550/31250 Loss: 0.0216 | 0.07s/step | ETA 00:05m
[Epoch 8] Step 26600/31250 Loss: 0.0212 | 0.07s/step | ETA 00:05m
[Epoch 8] Step 26650/31250 Loss: 0.0218 | 0.07s/step | ETA 00:05m
[Epoch 8] Step 26700/31250 Loss: 0.0220 | 0.07s/step | ETA 00:05m
[Epoch 8] Step 26750/31250 Loss: 0.0214 | 0.07s/step | ETA 00:05m
[Epoch 8] Step 26800/31250 Loss: 0.0212 | 0.07s/step | ETA 00:05m
[Epoch 8] Step 26850/31250 Loss: 0.0214 | 0.07s/step | ETA 00:05m
[Epoch 8] Step 26900/31250 Loss: 0.0209 | 0.07s/step | ETA 00:05m
[Epoch 8] Step 26950/31250 Loss: 0.0213 | 0.07s/step | ETA 00:04m
[Epoch 8] Step 27000/31250 Loss: 0.0214 | 0.07s/step | ETA 00:04m
[Epoch 8] Step 27050/31250 Loss: 0.0220 | 0.07s/step | ETA 00:04m
[Epoch 8] Step 27100/31250 Loss: 0.0215 | 0.07s/step | ETA 00:04m
[Epoch 8] Step 27150/31250 Loss: 0.0214 | 0.07s/step | ETA 00:04m
[Epoch 8] Step 27200/31250 Loss: 0.0212 | 0.07s/step | ETA 00:04m
[Epoch 8] Step 27250/31250 Loss: 0.0215 | 0.07s/step | ETA 00:04m
[Epoch 8] Step 27300/31250 Loss: 0.0227 | 0.07s/step | ETA 00:04m
[Epoch 8] Step 27350/31250 Loss: 0.0229 | 0.07s/step | ETA 00:04m
[Epoch 8] Step 27400/31250 Loss: 0.0231 | 0.07s/step | ETA 00:04m
[Epoch 8] Step 27450/31250 Loss: 0.0250 | 0.07s/step | ETA 00:04m
[Epoch 8] Step 27500/31250 Loss: 0.0227 | 0.07s/step | ETA 00:04m
[Epoch 8] Step 27550/31250 Loss: 0.0228 | 0.07s/step | ETA 00:04m
[Epoch 8] Step 27600/31250 Loss: 0.0232 | 0.07s/step | ETA 00:04m
[Epoch 8] Step 27650/31250 Loss: 0.0217 | 0.07s/step | ETA 00:04m
[Epoch 8] Step 27700/31250 Loss: 0.0234 | 0.07s/step | ETA 00:04m
[Epoch 8] Step 27750/31250 Loss: 0.0225 | 0.07s/step | ETA 00:04m
[Epoch 8] Step 27800/31250 Loss: 0.0217 | 0.07s/step | ETA 00:03m
[Epoch 8] Step 27850/31250 Loss: 0.0223 | 0.07s/step | ETA 00:03m
[Epoch 8] Step 27900/31250 Loss: 0.0226 | 0.07s/step | ETA 00:03m
[Epoch 8] Step 27950/31250 Loss: 0.0212 | 0.07s/step | ETA 00:03m
[Epoch 8] Step 28000/31250 Loss: 0.0223 | 0.07s/step | ETA 00:03m
[Epoch 8] Step 28050/31250 Loss: 0.0238 | 0.07s/step | ETA 00:03m
[Epoch 8] Step 28100/31250 Loss: 0.0221 | 0.07s/step | ETA 00:03m
[Epoch 8] Step 28150/31250 Loss: 0.0223 | 0.07s/step | ETA 00:03m
[Epoch 8] Step 28200/31250 Loss: 0.0229 | 0.07s/step | ETA 00:03m
[Epoch 8] Step 28250/31250 Loss: 0.0218 | 0.07s/step | ETA 00:03m
[Epoch 8] Step 28300/31250 Loss: 0.0211 | 0.07s/step | ETA 00:03m
[Epoch 8] Step 28350/31250 Loss: 0.0219 | 0.07s/step | ETA 00:03m
[Epoch 8] Step 28400/31250 Loss: 0.0239 | 0.07s/step | ETA 00:03m
[Epoch 8] Step 28450/31250 Loss: 0.0244 | 0.07s/step | ETA 00:03m
[Epoch 8] Step 28500/31250 Loss: 0.0218 | 0.07s/step | ETA 00:03m
[Epoch 8] Step 28550/31250 Loss: 0.0216 | 0.07s/step | ETA 00:03m
[Epoch 8] Step 28600/31250 Loss: 0.0219 | 0.07s/step | ETA 00:03m
[Epoch 8] Step 28650/31250 Loss: 0.0225 | 0.07s/step | ETA 00:03m
[Epoch 8] Step 28700/31250 Loss: 0.0217 | 0.07s/step | ETA 00:02m
[Epoch 8] Step 28750/31250 Loss: 0.0218 | 0.07s/step | ETA 00:02m
[Epoch 8] Step 28800/31250 Loss: 0.0207 | 0.07s/step | ETA 00:02m
[Epoch 8] Step 28850/31250 Loss: 0.0246 | 0.07s/step | ETA 00:02m
[Epoch 8] Step 28900/31250 Loss: 0.0236 | 0.07s/step | ETA 00:02m
[Epoch 8] Step 28950/31250 Loss: 0.0220 | 0.07s/step | ETA 00:02m
[Epoch 8] Step 29000/31250 Loss: 0.0222 | 0.07s/step | ETA 00:02m
[Epoch 8] Step 29050/31250 Loss: 0.0213 | 0.07s/step | ETA 00:02m
[Epoch 8] Step 29100/31250 Loss: 0.0217 | 0.07s/step | ETA 00:02m
[Epoch 8] Step 29150/31250 Loss: 0.0213 | 0.07s/step | ETA 00:02m
[Epoch 8] Step 29200/31250 Loss: 0.0220 | 0.07s/step | ETA 00:02m
[Epoch 8] Step 29250/31250 Loss: 0.0209 | 0.07s/step | ETA 00:02m
[Epoch 8] Step 29300/31250 Loss: 0.0216 | 0.07s/step | ETA 00:02m
[Epoch 8] Step 29350/31250 Loss: 0.0214 | 0.07s/step | ETA 00:02m
[Epoch 8] Step 29400/31250 Loss: 0.0213 | 0.07s/step | ETA 00:02m
[Epoch 8] Step 29450/31250 Loss: 0.0216 | 0.07s/step | ETA 00:02m
[Epoch 8] Step 29500/31250 Loss: 0.0207 | 0.07s/step | ETA 00:02m
[Epoch 8] Step 29550/31250 Loss: 0.0225 | 0.07s/step | ETA 00:01m
[Epoch 8] Step 29600/31250 Loss: 0.0208 | 0.07s/step | ETA 00:01m
[Epoch 8] Step 29650/31250 Loss: 0.0214 | 0.07s/step | ETA 00:01m
[Epoch 8] Step 29700/31250 Loss: 0.0210 | 0.07s/step | ETA 00:01m
[Epoch 8] Step 29750/31250 Loss: 0.0213 | 0.07s/step | ETA 00:01m
[Epoch 8] Step 29800/31250 Loss: 0.0210 | 0.07s/step | ETA 00:01m
[Epoch 8] Step 29850/31250 Loss: 0.0216 | 0.07s/step | ETA 00:01m
[Epoch 8] Step 29900/31250 Loss: 0.0210 | 0.07s/step | ETA 00:01m
[Epoch 8] Step 29950/31250 Loss: 0.0203 | 0.07s/step | ETA 00:01m
[Epoch 8] Step 30000/31250 Loss: 0.0209 | 0.07s/step | ETA 00:01m
[Epoch 8] Step 30050/31250 Loss: 0.0214 | 0.07s/step | ETA 00:01m
[Epoch 8] Step 30100/31250 Loss: 0.0228 | 0.07s/step | ETA 00:01m
[Epoch 8] Step 30150/31250 Loss: 0.0252 | 0.07s/step | ETA 00:01m
[Epoch 8] Step 30200/31250 Loss: 0.0254 | 0.07s/step | ETA 00:01m
[Epoch 8] Step 30250/31250 Loss: 0.0230 | 0.07s/step | ETA 00:01m
[Epoch 8] Step 30300/31250 Loss: 0.0232 | 0.07s/step | ETA 00:01m
[Epoch 8] Step 30350/31250 Loss: 0.0230 | 0.07s/step | ETA 00:01m
[Epoch 8] Step 30400/31250 Loss: 0.0221 | 0.07s/step | ETA 00:01m
[Epoch 8] Step 30450/31250 Loss: 0.0228 | 0.07s/step | ETA 00:00m
[Epoch 8] Step 30500/31250 Loss: 0.0229 | 0.07s/step | ETA 00:00m
[Epoch 8] Step 30550/31250 Loss: 0.0225 | 0.07s/step | ETA 00:00m
[Epoch 8] Step 30600/31250 Loss: 0.0222 | 0.07s/step | ETA 00:00m
[Epoch 8] Step 30650/31250 Loss: 0.0215 | 0.07s/step | ETA 00:00m
[Epoch 8] Step 30700/31250 Loss: 0.0217 | 0.07s/step | ETA 00:00m
[Epoch 8] Step 30750/31250 Loss: 0.0211 | 0.07s/step | ETA 00:00m
[Epoch 8] Step 30800/31250 Loss: 0.0209 | 0.07s/step | ETA 00:00m
[Epoch 8] Step 30850/31250 Loss: 0.0205 | 0.07s/step | ETA 00:00m
[Epoch 8] Step 30900/31250 Loss: 0.0210 | 0.07s/step | ETA 00:00m
[Epoch 8] Step 30950/31250 Loss: 0.0211 | 0.07s/step | ETA 00:00m
[Epoch 8] Step 31000/31250 Loss: 0.0222 | 0.07s/step | ETA 00:00m
[Epoch 8] Step 31050/31250 Loss: 0.0219 | 0.07s/step | ETA 00:00m
[Epoch 8] Step 31100/31250 Loss: 0.0217 | 0.07s/step | ETA 00:00m
[Epoch 8] Step 31150/31250 Loss: 0.0215 | 0.07s/step | ETA 00:00m
[Epoch 8] Step 31200/31250 Loss: 0.0224 | 0.07s/step | ETA 00:00m
[Epoch 8] Step 31250/31250 Loss: 0.0221 | 0.07s/step | ETA 00:00m
[Fine-tune] Ep8: ValLoss=0.1025 | Acc=0.981 | mIoU=0.413 | 36.9 min
[Checkpoint] Saved to /home/channagiri.b/SmallData_Project/Output_FineTune/segformer_b2_weighted_epoch_8.pth
[Fine-tune Complete]
