[Device] Using cuda
[SURREAL] Scanning: /home/channagiri.b/SmallData_Project/Dataset/SURREAL/data/cmu/train
[SURREAL] [train] Total samples indexed: 500000
[SURREAL] Scanning: /home/channagiri.b/SmallData_Project/Dataset/SURREAL/data/cmu/val
[SURREAL] [val] Total samples indexed: 44491
[Resume] Loaded from /home/channagiri.b/SmallData_Project/Output_Sanity/segformer_b2_epoch_4.pth (epoch 4)
[Epoch 5] Step 50/62500 Loss: 0.0284 | 0.13s/step | ETA 02:18m
[Epoch 5] Step 100/62500 Loss: 0.0287 | 0.07s/step | ETA 01:12m
[Epoch 5] Step 150/62500 Loss: 0.0310 | 0.07s/step | ETA 01:12m
[Epoch 5] Step 200/62500 Loss: 0.0286 | 0.07s/step | ETA 01:13m
[Epoch 5] Step 250/62500 Loss: 0.0282 | 0.07s/step | ETA 01:12m
[Epoch 5] Step 300/62500 Loss: 0.0291 | 0.07s/step | ETA 01:11m
[Epoch 5] Step 350/62500 Loss: 0.0275 | 0.07s/step | ETA 01:12m
[Epoch 5] Step 400/62500 Loss: 0.0282 | 0.07s/step | ETA 01:12m
[Epoch 5] Step 450/62500 Loss: 0.0287 | 0.07s/step | ETA 01:12m
[Epoch 5] Step 500/62500 Loss: 0.0327 | 0.07s/step | ETA 01:12m
[Epoch 5] Step 550/62500 Loss: 0.0302 | 0.07s/step | ETA 01:12m
[Epoch 5] Step 600/62500 Loss: 0.0293 | 0.07s/step | ETA 01:11m
[Epoch 5] Step 650/62500 Loss: 0.0292 | 0.07s/step | ETA 01:12m
[Epoch 5] Step 700/62500 Loss: 0.0296 | 0.07s/step | ETA 01:12m
[Epoch 5] Step 750/62500 Loss: 0.0289 | 0.07s/step | ETA 01:11m
[Epoch 5] Step 800/62500 Loss: 0.0311 | 0.07s/step | ETA 01:12m
[Epoch 5] Step 850/62500 Loss: 0.0314 | 0.07s/step | ETA 01:11m
[Epoch 5] Step 900/62500 Loss: 0.0303 | 0.07s/step | ETA 01:11m
[Epoch 5] Step 950/62500 Loss: 0.0296 | 0.07s/step | ETA 01:11m
[Epoch 5] Step 1000/62500 Loss: 0.0303 | 0.08s/step | ETA 01:22m
[Epoch 5] Step 1050/62500 Loss: 0.0302 | 0.07s/step | ETA 01:11m
[Epoch 5] Step 1100/62500 Loss: 0.0293 | 0.07s/step | ETA 01:11m
[Epoch 5] Step 1150/62500 Loss: 0.0286 | 0.07s/step | ETA 01:11m
[Epoch 5] Step 1200/62500 Loss: 0.0281 | 0.07s/step | ETA 01:11m
[Epoch 5] Step 1250/62500 Loss: 0.0316 | 0.07s/step | ETA 01:11m
[Epoch 5] Step 1300/62500 Loss: 0.0306 | 0.07s/step | ETA 01:11m
[Epoch 5] Step 1350/62500 Loss: 0.0285 | 0.07s/step | ETA 01:11m
[Epoch 5] Step 1400/62500 Loss: 0.0303 | 0.07s/step | ETA 01:10m
[Epoch 5] Step 1450/62500 Loss: 0.0305 | 0.07s/step | ETA 01:11m
[Epoch 5] Step 1500/62500 Loss: 0.0290 | 0.07s/step | ETA 01:11m
[Epoch 5] Step 1550/62500 Loss: 0.0290 | 0.07s/step | ETA 01:10m
[Epoch 5] Step 1600/62500 Loss: 0.0297 | 0.07s/step | ETA 01:10m
[Epoch 5] Step 1650/62500 Loss: 0.0302 | 0.07s/step | ETA 01:10m
[Epoch 5] Step 1700/62500 Loss: 0.0306 | 0.07s/step | ETA 01:10m
[Epoch 5] Step 1750/62500 Loss: 0.0288 | 0.07s/step | ETA 01:10m
[Epoch 5] Step 1800/62500 Loss: 0.0274 | 0.07s/step | ETA 01:10m
[Epoch 5] Step 1850/62500 Loss: 0.0274 | 0.07s/step | ETA 01:10m
[Epoch 5] Step 1900/62500 Loss: 0.0295 | 0.07s/step | ETA 01:10m
[Epoch 5] Step 1950/62500 Loss: 0.0297 | 0.07s/step | ETA 01:10m
[Epoch 5] Step 2000/62500 Loss: 0.0294 | 0.07s/step | ETA 01:10m
[Epoch 5] Step 2050/62500 Loss: 0.0293 | 0.07s/step | ETA 01:10m
[Epoch 5] Step 2100/62500 Loss: 0.0271 | 0.07s/step | ETA 01:10m
[Epoch 5] Step 2150/62500 Loss: 0.0292 | 0.07s/step | ETA 01:10m
[Epoch 5] Step 2200/62500 Loss: 0.0306 | 0.07s/step | ETA 01:13m
[Epoch 5] Step 2250/62500 Loss: 0.0308 | 0.07s/step | ETA 01:10m
[Epoch 5] Step 2300/62500 Loss: 0.0285 | 0.07s/step | ETA 01:09m
[Epoch 5] Step 2350/62500 Loss: 0.0299 | 0.07s/step | ETA 01:09m
[Epoch 5] Step 2400/62500 Loss: 0.0303 | 0.07s/step | ETA 01:09m
[Epoch 5] Step 2450/62500 Loss: 0.0297 | 0.07s/step | ETA 01:09m
[Epoch 5] Step 2500/62500 Loss: 0.0300 | 0.07s/step | ETA 01:10m
[Epoch 5] Step 2550/62500 Loss: 0.0289 | 0.07s/step | ETA 01:09m
[Epoch 5] Step 2600/62500 Loss: 0.0302 | 0.07s/step | ETA 01:09m
[Epoch 5] Step 2650/62500 Loss: 0.0292 | 0.07s/step | ETA 01:09m
[Epoch 5] Step 2700/62500 Loss: 0.0295 | 0.07s/step | ETA 01:09m
[Epoch 5] Step 2750/62500 Loss: 0.0298 | 0.07s/step | ETA 01:10m
[Epoch 5] Step 2800/62500 Loss: 0.0306 | 0.07s/step | ETA 01:09m
[Epoch 5] Step 2850/62500 Loss: 0.0287 | 0.07s/step | ETA 01:09m
[Epoch 5] Step 2900/62500 Loss: 0.0297 | 0.07s/step | ETA 01:09m
[Epoch 5] Step 2950/62500 Loss: 0.0287 | 0.07s/step | ETA 01:09m
[Epoch 5] Step 3000/62500 Loss: 0.0297 | 0.07s/step | ETA 01:09m
[Epoch 5] Step 3050/62500 Loss: 0.0281 | 0.07s/step | ETA 01:09m
[Epoch 5] Step 3100/62500 Loss: 0.0294 | 0.07s/step | ETA 01:09m
[Epoch 5] Step 3150/62500 Loss: 0.0314 | 0.07s/step | ETA 01:09m
[Epoch 5] Step 3200/62500 Loss: 0.0296 | 0.07s/step | ETA 01:08m
[Epoch 5] Step 3250/62500 Loss: 0.0285 | 0.07s/step | ETA 01:09m
[Epoch 5] Step 3300/62500 Loss: 0.0276 | 0.07s/step | ETA 01:08m
[Epoch 5] Step 3350/62500 Loss: 0.0267 | 0.07s/step | ETA 01:12m
[Epoch 5] Step 3400/62500 Loss: 0.0297 | 0.07s/step | ETA 01:08m
[Epoch 5] Step 3450/62500 Loss: 0.0283 | 0.07s/step | ETA 01:08m
[Epoch 5] Step 3500/62500 Loss: 0.0308 | 0.07s/step | ETA 01:08m
[Epoch 5] Step 3550/62500 Loss: 0.0315 | 0.07s/step | ETA 01:08m
[Epoch 5] Step 3600/62500 Loss: 0.0314 | 0.07s/step | ETA 01:08m
[Epoch 5] Step 3650/62500 Loss: 0.0313 | 0.07s/step | ETA 01:08m
[Epoch 5] Step 3700/62500 Loss: 0.0292 | 0.07s/step | ETA 01:08m
[Epoch 5] Step 3750/62500 Loss: 0.0295 | 0.07s/step | ETA 01:08m
[Epoch 5] Step 3800/62500 Loss: 0.0296 | 0.07s/step | ETA 01:08m
[Epoch 5] Step 3850/62500 Loss: 0.0306 | 0.07s/step | ETA 01:08m
[Epoch 5] Step 3900/62500 Loss: 0.0300 | 0.07s/step | ETA 01:08m
[Epoch 5] Step 3950/62500 Loss: 0.0301 | 0.07s/step | ETA 01:08m
[Epoch 5] Step 4000/62500 Loss: 0.0321 | 0.07s/step | ETA 01:07m
[Epoch 5] Step 4050/62500 Loss: 0.0318 | 0.07s/step | ETA 01:08m
[Epoch 5] Step 4100/62500 Loss: 0.0305 | 0.07s/step | ETA 01:07m
[Epoch 5] Step 4150/62500 Loss: 0.0282 | 0.07s/step | ETA 01:08m
[Epoch 5] Step 4200/62500 Loss: 0.0309 | 0.07s/step | ETA 01:07m
[Epoch 5] Step 4250/62500 Loss: 0.0300 | 0.07s/step | ETA 01:07m
[Epoch 5] Step 4300/62500 Loss: 0.0290 | 0.07s/step | ETA 01:07m
[Epoch 5] Step 4350/62500 Loss: 0.0310 | 0.07s/step | ETA 01:07m
[Epoch 5] Step 4400/62500 Loss: 0.0281 | 0.07s/step | ETA 01:07m
[Epoch 5] Step 4450/62500 Loss: 0.0294 | 0.07s/step | ETA 01:07m
[Epoch 5] Step 4500/62500 Loss: 0.0296 | 0.07s/step | ETA 01:10m
[Epoch 5] Step 4550/62500 Loss: 0.0288 | 0.07s/step | ETA 01:07m
[Epoch 5] Step 4600/62500 Loss: 0.0303 | 0.07s/step | ETA 01:07m
[Epoch 5] Step 4650/62500 Loss: 0.0291 | 0.07s/step | ETA 01:07m
[Epoch 5] Step 4700/62500 Loss: 0.0296 | 0.07s/step | ETA 01:07m
[Epoch 5] Step 4750/62500 Loss: 0.0296 | 0.07s/step | ETA 01:07m
[Epoch 5] Step 4800/62500 Loss: 0.0293 | 0.07s/step | ETA 01:06m
[Epoch 5] Step 4850/62500 Loss: 0.0282 | 0.07s/step | ETA 01:06m
[Epoch 5] Step 4900/62500 Loss: 0.0288 | 0.07s/step | ETA 01:06m
[Epoch 5] Step 4950/62500 Loss: 0.0309 | 0.07s/step | ETA 01:06m
[Epoch 5] Step 5000/62500 Loss: 0.0297 | 0.07s/step | ETA 01:06m
[Epoch 5] Step 5050/62500 Loss: 0.0277 | 0.07s/step | ETA 01:06m
[Epoch 5] Step 5100/62500 Loss: 0.0300 | 0.07s/step | ETA 01:06m
[Epoch 5] Step 5150/62500 Loss: 0.0280 | 0.07s/step | ETA 01:06m
[Epoch 5] Step 5200/62500 Loss: 0.0273 | 0.07s/step | ETA 01:06m
[Epoch 5] Step 5250/62500 Loss: 0.0294 | 0.07s/step | ETA 01:06m
[Epoch 5] Step 5300/62500 Loss: 0.0280 | 0.07s/step | ETA 01:06m
[Epoch 5] Step 5350/62500 Loss: 0.0275 | 0.07s/step | ETA 01:06m
[Epoch 5] Step 5400/62500 Loss: 0.0306 | 0.07s/step | ETA 01:05m
[Epoch 5] Step 5450/62500 Loss: 0.0293 | 0.07s/step | ETA 01:06m
[Epoch 5] Step 5500/62500 Loss: 0.0278 | 0.07s/step | ETA 01:05m
[Epoch 5] Step 5550/62500 Loss: 0.0297 | 0.07s/step | ETA 01:06m
[Epoch 5] Step 5600/62500 Loss: 0.0316 | 0.07s/step | ETA 01:05m
[Epoch 5] Step 5650/62500 Loss: 0.0292 | 0.07s/step | ETA 01:05m
[Epoch 5] Step 5700/62500 Loss: 0.0291 | 0.07s/step | ETA 01:09m
[Epoch 5] Step 5750/62500 Loss: 0.0280 | 0.07s/step | ETA 01:05m
[Epoch 5] Step 5800/62500 Loss: 0.0302 | 0.07s/step | ETA 01:05m
[Epoch 5] Step 5850/62500 Loss: 0.0281 | 0.07s/step | ETA 01:05m
[Epoch 5] Step 5900/62500 Loss: 0.0288 | 0.07s/step | ETA 01:05m
[Epoch 5] Step 5950/62500 Loss: 0.0291 | 0.07s/step | ETA 01:05m
[Epoch 5] Step 6000/62500 Loss: 0.0305 | 0.07s/step | ETA 01:05m
[Epoch 5] Step 6050/62500 Loss: 0.0307 | 0.07s/step | ETA 01:05m
[Epoch 5] Step 6100/62500 Loss: 0.0304 | 0.07s/step | ETA 01:05m
[Epoch 5] Step 6150/62500 Loss: 0.0309 | 0.07s/step | ETA 01:05m
[Epoch 5] Step 6200/62500 Loss: 0.0292 | 0.07s/step | ETA 01:05m
[Epoch 5] Step 6250/62500 Loss: 0.0281 | 0.07s/step | ETA 01:05m
[Epoch 5] Step 6300/62500 Loss: 0.0303 | 0.07s/step | ETA 01:05m
[Epoch 5] Step 6350/62500 Loss: 0.0296 | 0.07s/step | ETA 01:05m
[Epoch 5] Step 6400/62500 Loss: 0.0281 | 0.07s/step | ETA 01:04m
[Epoch 5] Step 6450/62500 Loss: 0.0300 | 0.07s/step | ETA 01:04m
[Epoch 5] Step 6500/62500 Loss: 0.0313 | 0.07s/step | ETA 01:04m
[Epoch 5] Step 6550/62500 Loss: 0.0311 | 0.07s/step | ETA 01:04m
[Epoch 5] Step 6600/62500 Loss: 0.0296 | 0.07s/step | ETA 01:04m
[Epoch 5] Step 6650/62500 Loss: 0.0295 | 0.07s/step | ETA 01:04m
[Epoch 5] Step 6700/62500 Loss: 0.0303 | 0.07s/step | ETA 01:04m
[Epoch 5] Step 6750/62500 Loss: 0.0292 | 0.07s/step | ETA 01:04m
[Epoch 5] Step 6800/62500 Loss: 0.0277 | 0.07s/step | ETA 01:04m
[Epoch 5] Step 6850/62500 Loss: 0.0291 | 0.07s/step | ETA 01:07m
[Epoch 5] Step 6900/62500 Loss: 0.0268 | 0.07s/step | ETA 01:04m
[Epoch 5] Step 6950/62500 Loss: 0.0272 | 0.07s/step | ETA 01:04m
[Epoch 5] Step 7000/62500 Loss: 0.0300 | 0.07s/step | ETA 01:04m
[Epoch 5] Step 7050/62500 Loss: 0.0289 | 0.07s/step | ETA 01:04m
[Epoch 5] Step 7100/62500 Loss: 0.0298 | 0.07s/step | ETA 01:04m
[Epoch 5] Step 7150/62500 Loss: 0.0295 | 0.07s/step | ETA 01:03m
[Epoch 5] Step 7200/62500 Loss: 0.0276 | 0.07s/step | ETA 01:03m
[Epoch 5] Step 7250/62500 Loss: 0.0291 | 0.07s/step | ETA 01:03m
[Epoch 5] Step 7300/62500 Loss: 0.0287 | 0.07s/step | ETA 01:03m
[Epoch 5] Step 7350/62500 Loss: 0.0282 | 0.07s/step | ETA 01:03m
[Epoch 5] Step 7400/62500 Loss: 0.0284 | 0.07s/step | ETA 01:03m
[Epoch 5] Step 7450/62500 Loss: 0.0283 | 0.07s/step | ETA 01:03m
[Epoch 5] Step 7500/62500 Loss: 0.0282 | 0.07s/step | ETA 01:03m
[Epoch 5] Step 7550/62500 Loss: 0.0303 | 0.07s/step | ETA 01:03m
[Epoch 5] Step 7600/62500 Loss: 0.0278 | 0.07s/step | ETA 01:03m
[Epoch 5] Step 7650/62500 Loss: 0.0274 | 0.07s/step | ETA 01:03m
[Epoch 5] Step 7700/62500 Loss: 0.0302 | 0.07s/step | ETA 01:03m
[Epoch 5] Step 7750/62500 Loss: 0.0295 | 0.07s/step | ETA 01:03m
[Epoch 5] Step 7800/62500 Loss: 0.0288 | 0.07s/step | ETA 01:03m
[Epoch 5] Step 7850/62500 Loss: 0.0293 | 0.07s/step | ETA 01:03m
[Epoch 5] Step 7900/62500 Loss: 0.0301 | 0.07s/step | ETA 01:02m
[Epoch 5] Step 7950/62500 Loss: 0.0292 | 0.07s/step | ETA 01:03m
[Epoch 5] Step 8000/62500 Loss: 0.0305 | 0.07s/step | ETA 01:03m
[Epoch 5] Step 8050/62500 Loss: 0.0294 | 0.07s/step | ETA 01:06m
[Epoch 5] Step 8100/62500 Loss: 0.0299 | 0.07s/step | ETA 01:03m
[Epoch 5] Step 8150/62500 Loss: 0.0287 | 0.07s/step | ETA 01:03m
[Epoch 5] Step 8200/62500 Loss: 0.0301 | 0.07s/step | ETA 01:02m
[Epoch 5] Step 8250/62500 Loss: 0.0302 | 0.07s/step | ETA 01:02m
[Epoch 5] Step 8300/62500 Loss: 0.0279 | 0.07s/step | ETA 01:02m
[Epoch 5] Step 8350/62500 Loss: 0.0286 | 0.07s/step | ETA 01:02m
[Epoch 5] Step 8400/62500 Loss: 0.0282 | 0.07s/step | ETA 01:02m
[Epoch 5] Step 8450/62500 Loss: 0.0271 | 0.07s/step | ETA 01:02m
[Epoch 5] Step 8500/62500 Loss: 0.0290 | 0.07s/step | ETA 01:02m
[Epoch 5] Step 8550/62500 Loss: 0.0279 | 0.07s/step | ETA 01:02m
[Epoch 5] Step 8600/62500 Loss: 0.0281 | 0.07s/step | ETA 01:02m
[Epoch 5] Step 8650/62500 Loss: 0.0295 | 0.07s/step | ETA 01:02m
[Epoch 5] Step 8700/62500 Loss: 0.0283 | 0.07s/step | ETA 01:02m
[Epoch 5] Step 8750/62500 Loss: 0.0288 | 0.07s/step | ETA 01:02m
[Epoch 5] Step 8800/62500 Loss: 0.0286 | 0.07s/step | ETA 01:01m
[Epoch 5] Step 8850/62500 Loss: 0.0272 | 0.07s/step | ETA 01:01m
[Epoch 5] Step 8900/62500 Loss: 0.0291 | 0.07s/step | ETA 01:01m
[Epoch 5] Step 8950/62500 Loss: 0.0285 | 0.07s/step | ETA 01:01m
[Epoch 5] Step 9000/62500 Loss: 0.0279 | 0.07s/step | ETA 01:01m
[Epoch 5] Step 9050/62500 Loss: 0.0274 | 0.07s/step | ETA 01:01m
[Epoch 5] Step 9100/62500 Loss: 0.0278 | 0.07s/step | ETA 01:01m
[Epoch 5] Step 9150/62500 Loss: 0.0287 | 0.07s/step | ETA 01:01m
[Epoch 5] Step 9200/62500 Loss: 0.0278 | 0.07s/step | ETA 01:04m
[Epoch 5] Step 9250/62500 Loss: 0.0283 | 0.07s/step | ETA 01:01m
[Epoch 5] Step 9300/62500 Loss: 0.0281 | 0.07s/step | ETA 01:01m
[Epoch 5] Step 9350/62500 Loss: 0.0278 | 0.07s/step | ETA 01:01m
[Epoch 5] Step 9400/62500 Loss: 0.0275 | 0.07s/step | ETA 01:01m
[Epoch 5] Step 9450/62500 Loss: 0.0276 | 0.07s/step | ETA 01:01m
[Epoch 5] Step 9500/62500 Loss: 0.0303 | 0.07s/step | ETA 01:01m
[Epoch 5] Step 9550/62500 Loss: 0.0281 | 0.07s/step | ETA 01:01m
[Epoch 5] Step 9600/62500 Loss: 0.0274 | 0.07s/step | ETA 01:01m
[Epoch 5] Step 9650/62500 Loss: 0.0298 | 0.07s/step | ETA 01:01m
[Epoch 5] Step 9700/62500 Loss: 0.0299 | 0.07s/step | ETA 01:00m
[Epoch 5] Step 9750/62500 Loss: 0.0296 | 0.07s/step | ETA 01:01m
[Epoch 5] Step 9800/62500 Loss: 0.0298 | 0.07s/step | ETA 01:01m
[Epoch 5] Step 9850/62500 Loss: 0.0305 | 0.07s/step | ETA 01:00m
[Epoch 5] Step 9900/62500 Loss: 0.0283 | 0.07s/step | ETA 01:00m
[Epoch 5] Step 9950/62500 Loss: 0.0286 | 0.07s/step | ETA 01:00m
[Epoch 5] Step 10000/62500 Loss: 0.0312 | 0.07s/step | ETA 01:00m
[Epoch 5] Step 10050/62500 Loss: 0.0288 | 0.07s/step | ETA 01:00m
[Epoch 5] Step 10100/62500 Loss: 0.0291 | 0.07s/step | ETA 01:00m
[Epoch 5] Step 10150/62500 Loss: 0.0303 | 0.07s/step | ETA 01:00m
[Epoch 5] Step 10200/62500 Loss: 0.0303 | 0.07s/step | ETA 01:00m
[Epoch 5] Step 10250/62500 Loss: 0.0288 | 0.07s/step | ETA 01:00m
[Epoch 5] Step 10300/62500 Loss: 0.0280 | 0.07s/step | ETA 01:00m
[Epoch 5] Step 10350/62500 Loss: 0.0303 | 0.07s/step | ETA 01:03m
[Epoch 5] Step 10400/62500 Loss: 0.0291 | 0.07s/step | ETA 01:00m
[Epoch 5] Step 10450/62500 Loss: 0.0293 | 0.07s/step | ETA 01:00m
[Epoch 5] Step 10500/62500 Loss: 0.0283 | 0.07s/step | ETA 00:59m
[Epoch 5] Step 10550/62500 Loss: 0.0290 | 0.07s/step | ETA 01:00m
[Epoch 5] Step 10600/62500 Loss: 0.0289 | 0.07s/step | ETA 00:59m
[Epoch 5] Step 10650/62500 Loss: 0.0291 | 0.07s/step | ETA 00:59m
[Epoch 5] Step 10700/62500 Loss: 0.0298 | 0.07s/step | ETA 00:59m
[Epoch 5] Step 10750/62500 Loss: 0.0310 | 0.07s/step | ETA 00:59m
[Epoch 5] Step 10800/62500 Loss: 0.0319 | 0.07s/step | ETA 00:59m
[Epoch 5] Step 10850/62500 Loss: 0.0298 | 0.07s/step | ETA 00:59m
[Epoch 5] Step 10900/62500 Loss: 0.0282 | 0.07s/step | ETA 00:59m
[Epoch 5] Step 10950/62500 Loss: 0.0299 | 0.07s/step | ETA 00:59m
[Epoch 5] Step 11000/62500 Loss: 0.0301 | 0.07s/step | ETA 00:59m
[Epoch 5] Step 11050/62500 Loss: 0.0295 | 0.07s/step | ETA 00:59m
[Epoch 5] Step 11100/62500 Loss: 0.0292 | 0.07s/step | ETA 00:59m
[Epoch 5] Step 11150/62500 Loss: 0.0292 | 0.07s/step | ETA 00:59m
[Epoch 5] Step 11200/62500 Loss: 0.0289 | 0.07s/step | ETA 00:59m
[Epoch 5] Step 11250/62500 Loss: 0.0276 | 0.07s/step | ETA 00:59m
[Epoch 5] Step 11300/62500 Loss: 0.0306 | 0.07s/step | ETA 00:59m
[Epoch 5] Step 11350/62500 Loss: 0.0295 | 0.07s/step | ETA 00:59m
[Epoch 5] Step 11400/62500 Loss: 0.0297 | 0.07s/step | ETA 00:59m
[Epoch 5] Step 11450/62500 Loss: 0.0289 | 0.07s/step | ETA 00:59m
[Epoch 5] Step 11500/62500 Loss: 0.0278 | 0.07s/step | ETA 00:59m
[Epoch 5] Step 11550/62500 Loss: 0.0282 | 0.07s/step | ETA 01:01m
[Epoch 5] Step 11600/62500 Loss: 0.0284 | 0.07s/step | ETA 00:58m
[Epoch 5] Step 11650/62500 Loss: 0.0275 | 0.07s/step | ETA 00:58m
[Epoch 5] Step 11700/62500 Loss: 0.0299 | 0.07s/step | ETA 00:58m
[Epoch 5] Step 11750/62500 Loss: 0.0296 | 0.07s/step | ETA 00:58m
[Epoch 5] Step 11800/62500 Loss: 0.0285 | 0.07s/step | ETA 00:58m
[Epoch 5] Step 11850/62500 Loss: 0.0308 | 0.07s/step | ETA 00:58m
[Epoch 5] Step 11900/62500 Loss: 0.0288 | 0.07s/step | ETA 00:58m
[Epoch 5] Step 11950/62500 Loss: 0.0300 | 0.07s/step | ETA 00:58m
[Epoch 5] Step 12000/62500 Loss: 0.0299 | 0.07s/step | ETA 00:58m
[Epoch 5] Step 12050/62500 Loss: 0.0295 | 0.07s/step | ETA 00:58m
[Epoch 5] Step 12100/62500 Loss: 0.0288 | 0.07s/step | ETA 00:58m
[Epoch 5] Step 12150/62500 Loss: 0.0286 | 0.07s/step | ETA 00:58m
[Epoch 5] Step 12200/62500 Loss: 0.0279 | 0.07s/step | ETA 00:58m
[Epoch 5] Step 12250/62500 Loss: 0.0276 | 0.07s/step | ETA 00:58m
[Epoch 5] Step 12300/62500 Loss: 0.0292 | 0.07s/step | ETA 00:58m
[Epoch 5] Step 12350/62500 Loss: 0.0289 | 0.07s/step | ETA 00:58m
[Epoch 5] Step 12400/62500 Loss: 0.0284 | 0.07s/step | ETA 00:58m
[Epoch 5] Step 12450/62500 Loss: 0.0301 | 0.07s/step | ETA 00:58m
[Epoch 5] Step 12500/62500 Loss: 0.0284 | 0.07s/step | ETA 00:57m
[Epoch 5] Step 12550/62500 Loss: 0.0275 | 0.07s/step | ETA 00:57m
[Epoch 5] Step 12600/62500 Loss: 0.0285 | 0.07s/step | ETA 00:57m
[Epoch 5] Step 12650/62500 Loss: 0.0283 | 0.07s/step | ETA 00:57m
[Epoch 5] Step 12700/62500 Loss: 0.0282 | 0.07s/step | ETA 01:00m
[Epoch 5] Step 12750/62500 Loss: 0.0270 | 0.07s/step | ETA 00:57m
[Epoch 5] Step 12800/62500 Loss: 0.0271 | 0.07s/step | ETA 00:57m
[Epoch 5] Step 12850/62500 Loss: 0.0278 | 0.07s/step | ETA 00:57m
[Epoch 5] Step 12900/62500 Loss: 0.0282 | 0.07s/step | ETA 00:57m
[Epoch 5] Step 12950/62500 Loss: 0.0281 | 0.07s/step | ETA 00:56m
[Epoch 5] Step 13000/62500 Loss: 0.0278 | 0.07s/step | ETA 00:57m
[Epoch 5] Step 13050/62500 Loss: 0.0280 | 0.07s/step | ETA 00:57m
[Epoch 5] Step 13100/62500 Loss: 0.0303 | 0.07s/step | ETA 00:56m
[Epoch 5] Step 13150/62500 Loss: 0.0289 | 0.07s/step | ETA 00:56m
[Epoch 5] Step 13200/62500 Loss: 0.0283 | 0.07s/step | ETA 00:56m
[Epoch 5] Step 13250/62500 Loss: 0.0285 | 0.07s/step | ETA 00:57m
[Epoch 5] Step 13300/62500 Loss: 0.0277 | 0.07s/step | ETA 00:57m
[Epoch 5] Step 13350/62500 Loss: 0.0286 | 0.07s/step | ETA 00:57m
[Epoch 5] Step 13400/62500 Loss: 0.0267 | 0.07s/step | ETA 00:56m
[Epoch 5] Step 13450/62500 Loss: 0.0274 | 0.07s/step | ETA 00:57m
[Epoch 5] Step 13500/62500 Loss: 0.0288 | 0.07s/step | ETA 00:57m
[Epoch 5] Step 13550/62500 Loss: 0.0281 | 0.07s/step | ETA 00:56m
[Epoch 5] Step 13600/62500 Loss: 0.0280 | 0.07s/step | ETA 00:56m
[Epoch 5] Step 13650/62500 Loss: 0.0285 | 0.07s/step | ETA 00:56m
[Epoch 5] Step 13700/62500 Loss: 0.0283 | 0.07s/step | ETA 00:56m
[Epoch 5] Step 13750/62500 Loss: 0.0285 | 0.07s/step | ETA 00:56m
[Epoch 5] Step 13800/62500 Loss: 0.0342 | 0.07s/step | ETA 00:56m
[Epoch 5] Step 13850/62500 Loss: 0.0299 | 0.07s/step | ETA 00:59m
[Epoch 5] Step 13900/62500 Loss: 0.0294 | 0.07s/step | ETA 00:56m
[Epoch 5] Step 13950/62500 Loss: 0.0315 | 0.07s/step | ETA 00:56m
[Epoch 5] Step 14000/62500 Loss: 0.0288 | 0.07s/step | ETA 00:56m
[Epoch 5] Step 14050/62500 Loss: 0.0295 | 0.07s/step | ETA 00:55m
[Epoch 5] Step 14100/62500 Loss: 0.0298 | 0.07s/step | ETA 00:56m
[Epoch 5] Step 14150/62500 Loss: 0.0283 | 0.07s/step | ETA 00:56m
[Epoch 5] Step 14200/62500 Loss: 0.0289 | 0.07s/step | ETA 00:55m
[Epoch 5] Step 14250/62500 Loss: 0.0285 | 0.07s/step | ETA 00:55m
[Epoch 5] Step 14300/62500 Loss: 0.0284 | 0.07s/step | ETA 00:55m
[Epoch 5] Step 14350/62500 Loss: 0.0287 | 0.07s/step | ETA 00:55m
[Epoch 5] Step 14400/62500 Loss: 0.0288 | 0.07s/step | ETA 00:55m
[Epoch 5] Step 14450/62500 Loss: 0.0279 | 0.07s/step | ETA 00:55m
[Epoch 5] Step 14500/62500 Loss: 0.0289 | 0.07s/step | ETA 00:55m
[Epoch 5] Step 14550/62500 Loss: 0.0280 | 0.07s/step | ETA 00:55m
[Epoch 5] Step 14600/62500 Loss: 0.0317 | 0.07s/step | ETA 00:55m
[Epoch 5] Step 14650/62500 Loss: 0.0283 | 0.07s/step | ETA 00:55m
[Epoch 5] Step 14700/62500 Loss: 0.0282 | 0.07s/step | ETA 00:55m
[Epoch 5] Step 14750/62500 Loss: 0.0278 | 0.07s/step | ETA 00:55m
[Epoch 5] Step 14800/62500 Loss: 0.0309 | 0.07s/step | ETA 00:55m
[Epoch 5] Step 14850/62500 Loss: 0.0286 | 0.07s/step | ETA 00:55m
[Epoch 5] Step 14900/62500 Loss: 0.0284 | 0.07s/step | ETA 00:55m
[Epoch 5] Step 14950/62500 Loss: 0.0286 | 0.07s/step | ETA 00:54m
[Epoch 5] Step 15000/62500 Loss: 0.0291 | 0.07s/step | ETA 00:54m
[Epoch 5] Step 15050/62500 Loss: 0.0284 | 0.07s/step | ETA 00:57m
[Epoch 5] Step 15100/62500 Loss: 0.0282 | 0.07s/step | ETA 00:54m
[Epoch 5] Step 15150/62500 Loss: 0.0267 | 0.07s/step | ETA 00:54m
[Epoch 5] Step 15200/62500 Loss: 0.0280 | 0.07s/step | ETA 00:54m
[Epoch 5] Step 15250/62500 Loss: 0.0292 | 0.07s/step | ETA 00:54m
[Epoch 5] Step 15300/62500 Loss: 0.0315 | 0.07s/step | ETA 00:54m
[Epoch 5] Step 15350/62500 Loss: 0.0318 | 0.07s/step | ETA 00:54m
[Epoch 5] Step 15400/62500 Loss: 0.0278 | 0.07s/step | ETA 00:55m
[Epoch 5] Step 15450/62500 Loss: 0.0282 | 0.07s/step | ETA 00:55m
[Epoch 5] Step 15500/62500 Loss: 0.0280 | 0.07s/step | ETA 00:54m
[Epoch 5] Step 15550/62500 Loss: 0.0288 | 0.07s/step | ETA 00:54m
[Epoch 5] Step 15600/62500 Loss: 0.0281 | 0.07s/step | ETA 00:54m
[Epoch 5] Step 15650/62500 Loss: 0.0285 | 0.07s/step | ETA 00:54m
[Epoch 5] Step 15700/62500 Loss: 0.0282 | 0.07s/step | ETA 00:54m
[Epoch 5] Step 15750/62500 Loss: 0.0270 | 0.07s/step | ETA 00:54m
[Epoch 5] Step 15800/62500 Loss: 0.0270 | 0.07s/step | ETA 00:54m
[Epoch 5] Step 15850/62500 Loss: 0.0286 | 0.07s/step | ETA 00:54m
[Epoch 5] Step 15900/62500 Loss: 0.0282 | 0.07s/step | ETA 00:54m
[Epoch 5] Step 15950/62500 Loss: 0.0279 | 0.07s/step | ETA 00:53m
[Epoch 5] Step 16000/62500 Loss: 0.0284 | 0.07s/step | ETA 00:53m
[Epoch 5] Step 16050/62500 Loss: 0.0287 | 0.07s/step | ETA 00:53m
[Epoch 5] Step 16100/62500 Loss: 0.0277 | 0.07s/step | ETA 00:53m
[Epoch 5] Step 16150/62500 Loss: 0.0268 | 0.07s/step | ETA 00:53m
[Epoch 5] Step 16200/62500 Loss: 0.0269 | 0.07s/step | ETA 00:56m
[Epoch 5] Step 16250/62500 Loss: 0.0285 | 0.07s/step | ETA 00:53m
[Epoch 5] Step 16300/62500 Loss: 0.0277 | 0.07s/step | ETA 00:53m
[Epoch 5] Step 16350/62500 Loss: 0.0283 | 0.07s/step | ETA 00:53m
[Epoch 5] Step 16400/62500 Loss: 0.0281 | 0.07s/step | ETA 00:53m
[Epoch 5] Step 16450/62500 Loss: 0.0332 | 0.07s/step | ETA 00:53m
[Epoch 5] Step 16500/62500 Loss: 0.0300 | 0.07s/step | ETA 00:53m
[Epoch 5] Step 16550/62500 Loss: 0.0311 | 0.07s/step | ETA 00:52m
[Epoch 5] Step 16600/62500 Loss: 0.0299 | 0.07s/step | ETA 00:52m
[Epoch 5] Step 16650/62500 Loss: 0.0284 | 0.07s/step | ETA 00:53m
[Epoch 5] Step 16700/62500 Loss: 0.0283 | 0.07s/step | ETA 00:52m
[Epoch 5] Step 16750/62500 Loss: 0.0301 | 0.07s/step | ETA 00:53m
[Epoch 5] Step 16800/62500 Loss: 0.0268 | 0.07s/step | ETA 00:53m
[Epoch 5] Step 16850/62500 Loss: 0.0282 | 0.07s/step | ETA 00:52m
[Epoch 5] Step 16900/62500 Loss: 0.0282 | 0.07s/step | ETA 00:52m
[Epoch 5] Step 16950/62500 Loss: 0.0299 | 0.07s/step | ETA 00:52m
[Epoch 5] Step 17000/62500 Loss: 0.0287 | 0.07s/step | ETA 00:52m
[Epoch 5] Step 17050/62500 Loss: 0.0277 | 0.07s/step | ETA 00:52m
[Epoch 5] Step 17100/62500 Loss: 0.0269 | 0.07s/step | ETA 00:52m
[Epoch 5] Step 17150/62500 Loss: 0.0282 | 0.07s/step | ETA 00:52m
[Epoch 5] Step 17200/62500 Loss: 0.0292 | 0.07s/step | ETA 00:52m
[Epoch 5] Step 17250/62500 Loss: 0.0289 | 0.07s/step | ETA 00:52m
[Epoch 5] Step 17300/62500 Loss: 0.0291 | 0.07s/step | ETA 00:52m
[Epoch 5] Step 17350/62500 Loss: 0.0278 | 0.07s/step | ETA 00:54m
[Epoch 5] Step 17400/62500 Loss: 0.0282 | 0.07s/step | ETA 00:52m
[Epoch 5] Step 17450/62500 Loss: 0.0277 | 0.07s/step | ETA 00:51m
[Epoch 5] Step 17500/62500 Loss: 0.0286 | 0.07s/step | ETA 00:51m
[Epoch 5] Step 17550/62500 Loss: 0.0274 | 0.07s/step | ETA 00:51m
[Epoch 5] Step 17600/62500 Loss: 0.0278 | 0.07s/step | ETA 00:51m
[Epoch 5] Step 17650/62500 Loss: 0.0283 | 0.07s/step | ETA 00:51m
[Epoch 5] Step 17700/62500 Loss: 0.0316 | 0.07s/step | ETA 00:51m
[Epoch 5] Step 17750/62500 Loss: 0.0294 | 0.07s/step | ETA 00:51m
[Epoch 5] Step 17800/62500 Loss: 0.0279 | 0.07s/step | ETA 00:51m
[Epoch 5] Step 17850/62500 Loss: 0.0289 | 0.07s/step | ETA 00:51m
[Epoch 5] Step 17900/62500 Loss: 0.0288 | 0.07s/step | ETA 00:51m
[Epoch 5] Step 17950/62500 Loss: 0.0300 | 0.07s/step | ETA 00:51m
[Epoch 5] Step 18000/62500 Loss: 0.0291 | 0.07s/step | ETA 00:51m
[Epoch 5] Step 18050/62500 Loss: 0.0288 | 0.07s/step | ETA 00:51m
[Epoch 5] Step 18100/62500 Loss: 0.0278 | 0.07s/step | ETA 00:51m
[Epoch 5] Step 18150/62500 Loss: 0.0280 | 0.07s/step | ETA 00:51m
[Epoch 5] Step 18200/62500 Loss: 0.0266 | 0.07s/step | ETA 00:50m
[Epoch 5] Step 18250/62500 Loss: 0.0282 | 0.07s/step | ETA 00:50m
[Epoch 5] Step 18300/62500 Loss: 0.0298 | 0.07s/step | ETA 00:51m
[Epoch 5] Step 18350/62500 Loss: 0.0281 | 0.07s/step | ETA 00:50m
[Epoch 5] Step 18400/62500 Loss: 0.0278 | 0.07s/step | ETA 00:50m
[Epoch 5] Step 18450/62500 Loss: 0.0271 | 0.07s/step | ETA 00:50m
[Epoch 5] Step 18500/62500 Loss: 0.0285 | 0.07s/step | ETA 00:50m
[Epoch 5] Step 18550/62500 Loss: 0.0282 | 0.07s/step | ETA 00:53m
[Epoch 5] Step 18600/62500 Loss: 0.0285 | 0.07s/step | ETA 00:50m
[Epoch 5] Step 18650/62500 Loss: 0.0266 | 0.07s/step | ETA 00:50m
[Epoch 5] Step 18700/62500 Loss: 0.0288 | 0.07s/step | ETA 00:50m
[Epoch 5] Step 18750/62500 Loss: 0.0277 | 0.07s/step | ETA 00:51m
[Epoch 5] Step 18800/62500 Loss: 0.0324 | 0.07s/step | ETA 00:50m
[Epoch 5] Step 18850/62500 Loss: 0.0326 | 0.07s/step | ETA 00:50m
[Epoch 5] Step 18900/62500 Loss: 0.0296 | 0.07s/step | ETA 00:50m
[Epoch 5] Step 18950/62500 Loss: 0.0287 | 0.07s/step | ETA 00:50m
[Epoch 5] Step 19000/62500 Loss: 0.0296 | 0.07s/step | ETA 00:50m
[Epoch 5] Step 19050/62500 Loss: 0.0287 | 0.07s/step | ETA 00:50m
[Epoch 5] Step 19100/62500 Loss: 0.0273 | 0.07s/step | ETA 00:50m
[Epoch 5] Step 19150/62500 Loss: 0.0308 | 0.07s/step | ETA 00:50m
[Epoch 5] Step 19200/62500 Loss: 0.0280 | 0.07s/step | ETA 00:49m
[Epoch 5] Step 19250/62500 Loss: 0.0284 | 0.07s/step | ETA 00:49m
[Epoch 5] Step 19300/62500 Loss: 0.0335 | 0.07s/step | ETA 00:50m
[Epoch 5] Step 19350/62500 Loss: 0.0287 | 0.07s/step | ETA 00:49m
[Epoch 5] Step 19400/62500 Loss: 0.0281 | 0.07s/step | ETA 00:50m
[Epoch 5] Step 19450/62500 Loss: 0.0286 | 0.07s/step | ETA 00:49m
[Epoch 5] Step 19500/62500 Loss: 0.0268 | 0.07s/step | ETA 00:49m
[Epoch 5] Step 19550/62500 Loss: 0.0279 | 0.07s/step | ETA 00:49m
[Epoch 5] Step 19600/62500 Loss: 0.0286 | 0.07s/step | ETA 00:49m
[Epoch 5] Step 19650/62500 Loss: 0.0289 | 0.07s/step | ETA 00:49m
[Epoch 5] Step 19700/62500 Loss: 0.0278 | 0.07s/step | ETA 00:52m
[Epoch 5] Step 19750/62500 Loss: 0.0276 | 0.07s/step | ETA 00:49m
[Epoch 5] Step 19800/62500 Loss: 0.0283 | 0.07s/step | ETA 00:49m
[Epoch 5] Step 19850/62500 Loss: 0.0285 | 0.07s/step | ETA 00:49m
[Epoch 5] Step 19900/62500 Loss: 0.0280 | 0.07s/step | ETA 00:49m
[Epoch 5] Step 19950/62500 Loss: 0.0276 | 0.07s/step | ETA 00:49m
[Epoch 5] Step 20000/62500 Loss: 0.0277 | 0.07s/step | ETA 00:49m
[Epoch 5] Step 20050/62500 Loss: 0.0279 | 0.07s/step | ETA 00:49m
[Epoch 5] Step 20100/62500 Loss: 0.0284 | 0.07s/step | ETA 00:48m
[Epoch 5] Step 20150/62500 Loss: 0.0294 | 0.07s/step | ETA 00:48m
[Epoch 5] Step 20200/62500 Loss: 0.0282 | 0.07s/step | ETA 00:48m
[Epoch 5] Step 20250/62500 Loss: 0.0286 | 0.07s/step | ETA 00:48m
[Epoch 5] Step 20300/62500 Loss: 0.0301 | 0.07s/step | ETA 00:49m
[Epoch 5] Step 20350/62500 Loss: 0.0300 | 0.07s/step | ETA 00:48m
[Epoch 5] Step 20400/62500 Loss: 0.0283 | 0.07s/step | ETA 00:48m
[Epoch 5] Step 20450/62500 Loss: 0.0278 | 0.07s/step | ETA 00:48m
[Epoch 5] Step 20500/62500 Loss: 0.0284 | 0.07s/step | ETA 00:48m
[Epoch 5] Step 20550/62500 Loss: 0.0269 | 0.07s/step | ETA 00:48m
[Epoch 5] Step 20600/62500 Loss: 0.0283 | 0.07s/step | ETA 00:48m
[Epoch 5] Step 20650/62500 Loss: 0.0283 | 0.07s/step | ETA 00:48m
[Epoch 5] Step 20700/62500 Loss: 0.0277 | 0.07s/step | ETA 00:48m
[Epoch 5] Step 20750/62500 Loss: 0.0307 | 0.07s/step | ETA 00:48m
[Epoch 5] Step 20800/62500 Loss: 0.0291 | 0.07s/step | ETA 00:48m
[Epoch 5] Step 20850/62500 Loss: 0.0276 | 0.07s/step | ETA 00:50m
[Epoch 5] Step 20900/62500 Loss: 0.0302 | 0.07s/step | ETA 00:48m
[Epoch 5] Step 20950/62500 Loss: 0.0285 | 0.07s/step | ETA 00:48m
[Epoch 5] Step 21000/62500 Loss: 0.0285 | 0.07s/step | ETA 00:47m
[Epoch 5] Step 21050/62500 Loss: 0.0273 | 0.07s/step | ETA 00:48m
[Epoch 5] Step 21100/62500 Loss: 0.0275 | 0.07s/step | ETA 00:47m
[Epoch 5] Step 21150/62500 Loss: 0.0279 | 0.07s/step | ETA 00:47m
[Epoch 5] Step 21200/62500 Loss: 0.0291 | 0.07s/step | ETA 00:47m
[Epoch 5] Step 21250/62500 Loss: 0.0319 | 0.07s/step | ETA 00:47m
[Epoch 5] Step 21300/62500 Loss: 0.0277 | 0.07s/step | ETA 00:47m
[Epoch 5] Step 21350/62500 Loss: 0.0279 | 0.07s/step | ETA 00:47m
[Epoch 5] Step 21400/62500 Loss: 0.0277 | 0.07s/step | ETA 00:47m
[Epoch 5] Step 21450/62500 Loss: 0.0278 | 0.07s/step | ETA 00:47m
[Epoch 5] Step 21500/62500 Loss: 0.0268 | 0.07s/step | ETA 00:47m
[Epoch 5] Step 21550/62500 Loss: 0.0277 | 0.07s/step | ETA 00:47m
[Epoch 5] Step 21600/62500 Loss: 0.0261 | 0.07s/step | ETA 00:47m
[Epoch 5] Step 21650/62500 Loss: 0.0272 | 0.07s/step | ETA 00:47m
[Epoch 5] Step 21700/62500 Loss: 0.0273 | 0.07s/step | ETA 00:47m
[Epoch 5] Step 21750/62500 Loss: 0.0281 | 0.07s/step | ETA 00:47m
[Epoch 5] Step 21800/62500 Loss: 0.0274 | 0.07s/step | ETA 00:47m
[Epoch 5] Step 21850/62500 Loss: 0.0295 | 0.07s/step | ETA 00:47m
[Epoch 5] Step 21900/62500 Loss: 0.0280 | 0.07s/step | ETA 00:47m
[Epoch 5] Step 21950/62500 Loss: 0.0288 | 0.07s/step | ETA 00:46m
[Epoch 5] Step 22000/62500 Loss: 0.0281 | 0.07s/step | ETA 00:46m
[Epoch 5] Step 22050/62500 Loss: 0.0278 | 0.07s/step | ETA 00:48m
[Epoch 5] Step 22100/62500 Loss: 0.0295 | 0.07s/step | ETA 00:46m
[Epoch 5] Step 22150/62500 Loss: 0.0302 | 0.07s/step | ETA 00:46m
[Epoch 5] Step 22200/62500 Loss: 0.0300 | 0.07s/step | ETA 00:46m
[Epoch 5] Step 22250/62500 Loss: 0.0286 | 0.07s/step | ETA 00:46m
[Epoch 5] Step 22300/62500 Loss: 0.0280 | 0.07s/step | ETA 00:46m
[Epoch 5] Step 22350/62500 Loss: 0.0276 | 0.07s/step | ETA 00:46m
[Epoch 5] Step 22400/62500 Loss: 0.0271 | 0.07s/step | ETA 00:46m
[Epoch 5] Step 22450/62500 Loss: 0.0288 | 0.07s/step | ETA 00:46m
[Epoch 5] Step 22500/62500 Loss: 0.0284 | 0.07s/step | ETA 00:46m
[Epoch 5] Step 22550/62500 Loss: 0.0270 | 0.07s/step | ETA 00:46m
[Epoch 5] Step 22600/62500 Loss: 0.0294 | 0.07s/step | ETA 00:46m
[Epoch 5] Step 22650/62500 Loss: 0.0270 | 0.07s/step | ETA 00:46m
[Epoch 5] Step 22700/62500 Loss: 0.0280 | 0.07s/step | ETA 00:46m
[Epoch 5] Step 22750/62500 Loss: 0.0262 | 0.07s/step | ETA 00:46m
[Epoch 5] Step 22800/62500 Loss: 0.0273 | 0.07s/step | ETA 00:46m
[Epoch 5] Step 22850/62500 Loss: 0.0260 | 0.07s/step | ETA 00:45m
[Epoch 5] Step 22900/62500 Loss: 0.0296 | 0.07s/step | ETA 00:45m
[Epoch 5] Step 22950/62500 Loss: 0.0298 | 0.07s/step | ETA 00:45m
[Epoch 5] Step 23000/62500 Loss: 0.0268 | 0.07s/step | ETA 00:45m
[Epoch 5] Step 23050/62500 Loss: 0.0274 | 0.07s/step | ETA 00:45m
[Epoch 5] Step 23100/62500 Loss: 0.0265 | 0.07s/step | ETA 00:45m
[Epoch 5] Step 23150/62500 Loss: 0.0281 | 0.07s/step | ETA 00:45m
[Epoch 5] Step 23200/62500 Loss: 0.0275 | 0.07s/step | ETA 00:47m
[Epoch 5] Step 23250/62500 Loss: 0.0281 | 0.07s/step | ETA 00:45m
[Epoch 5] Step 23300/62500 Loss: 0.0278 | 0.07s/step | ETA 00:45m
[Epoch 5] Step 23350/62500 Loss: 0.0336 | 0.07s/step | ETA 00:45m
[Epoch 5] Step 23400/62500 Loss: 0.0384 | 0.07s/step | ETA 00:45m
[Epoch 5] Step 23450/62500 Loss: 0.0329 | 0.07s/step | ETA 00:45m
[Epoch 5] Step 23500/62500 Loss: 0.0290 | 0.07s/step | ETA 00:45m
[Epoch 5] Step 23550/62500 Loss: 0.0297 | 0.07s/step | ETA 00:45m
[Epoch 5] Step 23600/62500 Loss: 0.0296 | 0.07s/step | ETA 00:45m
[Epoch 5] Step 23650/62500 Loss: 0.0287 | 0.07s/step | ETA 00:44m
[Epoch 5] Step 23700/62500 Loss: 0.0299 | 0.07s/step | ETA 00:45m
[Epoch 5] Step 23750/62500 Loss: 0.0283 | 0.07s/step | ETA 00:44m
[Epoch 5] Step 23800/62500 Loss: 0.0290 | 0.07s/step | ETA 00:44m
[Epoch 5] Step 23850/62500 Loss: 0.0278 | 0.07s/step | ETA 00:44m
[Epoch 5] Step 23900/62500 Loss: 0.0278 | 0.07s/step | ETA 00:44m
[Epoch 5] Step 23950/62500 Loss: 0.0282 | 0.07s/step | ETA 00:44m
[Epoch 5] Step 24000/62500 Loss: 0.0274 | 0.07s/step | ETA 00:44m
[Epoch 5] Step 24050/62500 Loss: 0.0300 | 0.07s/step | ETA 00:44m
[Epoch 5] Step 24100/62500 Loss: 0.0271 | 0.07s/step | ETA 00:44m
[Epoch 5] Step 24150/62500 Loss: 0.0282 | 0.07s/step | ETA 00:44m
[Epoch 5] Step 24200/62500 Loss: 0.0275 | 0.07s/step | ETA 00:44m
[Epoch 5] Step 24250/62500 Loss: 0.0273 | 0.07s/step | ETA 00:44m
[Epoch 5] Step 24300/62500 Loss: 0.0269 | 0.07s/step | ETA 00:44m
[Epoch 5] Step 24350/62500 Loss: 0.0282 | 0.07s/step | ETA 00:46m
[Epoch 5] Step 24400/62500 Loss: 0.0274 | 0.07s/step | ETA 00:44m
[Epoch 5] Step 24450/62500 Loss: 0.0271 | 0.07s/step | ETA 00:43m
[Epoch 5] Step 24500/62500 Loss: 0.0273 | 0.07s/step | ETA 00:44m
[Epoch 5] Step 24550/62500 Loss: 0.0276 | 0.07s/step | ETA 00:44m
[Epoch 5] Step 24600/62500 Loss: 0.0278 | 0.07s/step | ETA 00:43m
[Epoch 5] Step 24650/62500 Loss: 0.0265 | 0.07s/step | ETA 00:43m
[Epoch 5] Step 24700/62500 Loss: 0.0266 | 0.07s/step | ETA 00:43m
[Epoch 5] Step 24750/62500 Loss: 0.0266 | 0.07s/step | ETA 00:43m
[Epoch 5] Step 24800/62500 Loss: 0.0275 | 0.07s/step | ETA 00:43m
[Epoch 5] Step 24850/62500 Loss: 0.0265 | 0.07s/step | ETA 00:43m
[Epoch 5] Step 24900/62500 Loss: 0.0279 | 0.07s/step | ETA 00:43m
[Epoch 5] Step 24950/62500 Loss: 0.0268 | 0.07s/step | ETA 00:43m
[Epoch 5] Step 25000/62500 Loss: 0.0269 | 0.07s/step | ETA 00:43m
[Epoch 5] Step 25050/62500 Loss: 0.0263 | 0.07s/step | ETA 00:43m
[Epoch 5] Step 25100/62500 Loss: 0.0267 | 0.07s/step | ETA 00:43m
[Epoch 5] Step 25150/62500 Loss: 0.0270 | 0.07s/step | ETA 00:43m
[Epoch 5] Step 25200/62500 Loss: 0.0269 | 0.07s/step | ETA 00:43m
[Epoch 5] Step 25250/62500 Loss: 0.0277 | 0.07s/step | ETA 00:43m
[Epoch 5] Step 25300/62500 Loss: 0.0264 | 0.07s/step | ETA 00:42m
[Epoch 5] Step 25350/62500 Loss: 0.0279 | 0.07s/step | ETA 00:42m
[Epoch 5] Step 25400/62500 Loss: 0.0277 | 0.07s/step | ETA 00:42m
[Epoch 5] Step 25450/62500 Loss: 0.0284 | 0.07s/step | ETA 00:42m
[Epoch 5] Step 25500/62500 Loss: 0.0284 | 0.07s/step | ETA 00:42m
[Epoch 5] Step 25550/62500 Loss: 0.0289 | 0.07s/step | ETA 00:45m
[Epoch 5] Step 25600/62500 Loss: 0.0281 | 0.07s/step | ETA 00:42m
[Epoch 5] Step 25650/62500 Loss: 0.0273 | 0.07s/step | ETA 00:42m
[Epoch 5] Step 25700/62500 Loss: 0.0286 | 0.07s/step | ETA 00:42m
[Epoch 5] Step 25750/62500 Loss: 0.0268 | 0.07s/step | ETA 00:42m
[Epoch 5] Step 25800/62500 Loss: 0.0268 | 0.07s/step | ETA 00:42m
[Epoch 5] Step 25850/62500 Loss: 0.0267 | 0.07s/step | ETA 00:42m
[Epoch 5] Step 25900/62500 Loss: 0.0265 | 0.07s/step | ETA 00:42m
[Epoch 5] Step 25950/62500 Loss: 0.0281 | 0.07s/step | ETA 00:42m
[Epoch 5] Step 26000/62500 Loss: 0.0274 | 0.07s/step | ETA 00:42m
[Epoch 5] Step 26050/62500 Loss: 0.0268 | 0.07s/step | ETA 00:42m
[Epoch 5] Step 26100/62500 Loss: 0.0309 | 0.07s/step | ETA 00:42m
[Epoch 5] Step 26150/62500 Loss: 0.0289 | 0.07s/step | ETA 00:42m
[Epoch 5] Step 26200/62500 Loss: 0.0273 | 0.07s/step | ETA 00:42m
[Epoch 5] Step 26250/62500 Loss: 0.0279 | 0.07s/step | ETA 00:42m
[Epoch 5] Step 26300/62500 Loss: 0.0282 | 0.07s/step | ETA 00:41m
[Epoch 5] Step 26350/62500 Loss: 0.0264 | 0.07s/step | ETA 00:41m
[Epoch 5] Step 26400/62500 Loss: 0.0286 | 0.07s/step | ETA 00:41m
[Epoch 5] Step 26450/62500 Loss: 0.0281 | 0.07s/step | ETA 00:41m
[Epoch 5] Step 26500/62500 Loss: 0.0279 | 0.07s/step | ETA 00:41m
[Epoch 5] Step 26550/62500 Loss: 0.0274 | 0.07s/step | ETA 00:41m
[Epoch 5] Step 26600/62500 Loss: 0.0276 | 0.07s/step | ETA 00:41m
[Epoch 5] Step 26650/62500 Loss: 0.0273 | 0.07s/step | ETA 00:41m
[Epoch 5] Step 26700/62500 Loss: 0.0275 | 0.07s/step | ETA 00:43m
[Epoch 5] Step 26750/62500 Loss: 0.0299 | 0.07s/step | ETA 00:41m
[Epoch 5] Step 26800/62500 Loss: 0.0324 | 0.07s/step | ETA 00:41m
[Epoch 5] Step 26850/62500 Loss: 0.0317 | 0.07s/step | ETA 00:41m
[Epoch 5] Step 26900/62500 Loss: 0.0307 | 0.07s/step | ETA 00:41m
[Epoch 5] Step 26950/62500 Loss: 0.0284 | 0.07s/step | ETA 00:41m
[Epoch 5] Step 27000/62500 Loss: 0.0271 | 0.07s/step | ETA 00:41m
[Epoch 5] Step 27050/62500 Loss: 0.0274 | 0.07s/step | ETA 00:40m
[Epoch 5] Step 27100/62500 Loss: 0.0271 | 0.07s/step | ETA 00:40m
[Epoch 5] Step 27150/62500 Loss: 0.0273 | 0.07s/step | ETA 00:41m
[Epoch 5] Step 27200/62500 Loss: 0.0275 | 0.07s/step | ETA 00:41m
[Epoch 5] Step 27250/62500 Loss: 0.0282 | 0.07s/step | ETA 00:40m
[Epoch 5] Step 27300/62500 Loss: 0.0294 | 0.07s/step | ETA 00:40m
[Epoch 5] Step 27350/62500 Loss: 0.0288 | 0.07s/step | ETA 00:41m
[Epoch 5] Step 27400/62500 Loss: 0.0288 | 0.07s/step | ETA 00:40m
[Epoch 5] Step 27450/62500 Loss: 0.0296 | 0.07s/step | ETA 00:40m
[Epoch 5] Step 27500/62500 Loss: 0.0274 | 0.07s/step | ETA 00:40m
[Epoch 5] Step 27550/62500 Loss: 0.0270 | 0.07s/step | ETA 00:40m
[Epoch 5] Step 27600/62500 Loss: 0.0269 | 0.07s/step | ETA 00:40m
[Epoch 5] Step 27650/62500 Loss: 0.0268 | 0.07s/step | ETA 00:40m
[Epoch 5] Step 27700/62500 Loss: 0.0280 | 0.07s/step | ETA 00:40m
[Epoch 5] Step 27750/62500 Loss: 0.0273 | 0.07s/step | ETA 00:40m
[Epoch 5] Step 27800/62500 Loss: 0.0277 | 0.07s/step | ETA 00:40m
[Epoch 5] Step 27850/62500 Loss: 0.0290 | 0.07s/step | ETA 00:40m
[Epoch 5] Step 27900/62500 Loss: 0.0269 | 0.07s/step | ETA 00:42m
[Epoch 5] Step 27950/62500 Loss: 0.0277 | 0.07s/step | ETA 00:40m
[Epoch 5] Step 28000/62500 Loss: 0.0275 | 0.07s/step | ETA 00:39m
[Epoch 5] Step 28050/62500 Loss: 0.0264 | 0.07s/step | ETA 00:39m
[Epoch 5] Step 28100/62500 Loss: 0.0289 | 0.07s/step | ETA 00:39m
[Epoch 5] Step 28150/62500 Loss: 0.0280 | 0.07s/step | ETA 00:39m
[Epoch 5] Step 28200/62500 Loss: 0.0278 | 0.07s/step | ETA 00:39m
[Epoch 5] Step 28250/62500 Loss: 0.0266 | 0.07s/step | ETA 00:39m
[Epoch 5] Step 28300/62500 Loss: 0.0275 | 0.07s/step | ETA 00:39m
[Epoch 5] Step 28350/62500 Loss: 0.0275 | 0.07s/step | ETA 00:39m
[Epoch 5] Step 28400/62500 Loss: 0.0266 | 0.07s/step | ETA 00:39m
[Epoch 5] Step 28450/62500 Loss: 0.0273 | 0.07s/step | ETA 00:39m
[Epoch 5] Step 28500/62500 Loss: 0.0289 | 0.07s/step | ETA 00:39m
[Epoch 5] Step 28550/62500 Loss: 0.0269 | 0.07s/step | ETA 00:39m
[Epoch 5] Step 28600/62500 Loss: 0.0268 | 0.07s/step | ETA 00:39m
[Epoch 5] Step 28650/62500 Loss: 0.0268 | 0.07s/step | ETA 00:39m
[Epoch 5] Step 28700/62500 Loss: 0.0266 | 0.07s/step | ETA 00:39m
[Epoch 5] Step 28750/62500 Loss: 0.0310 | 0.07s/step | ETA 00:39m
[Epoch 5] Step 28800/62500 Loss: 0.0293 | 0.07s/step | ETA 00:38m
[Epoch 5] Step 28850/62500 Loss: 0.0264 | 0.07s/step | ETA 00:38m
[Epoch 5] Step 28900/62500 Loss: 0.0277 | 0.07s/step | ETA 00:38m
[Epoch 5] Step 28950/62500 Loss: 0.0269 | 0.07s/step | ETA 00:38m
[Epoch 5] Step 29000/62500 Loss: 0.0279 | 0.07s/step | ETA 00:38m
[Epoch 5] Step 29050/62500 Loss: 0.0280 | 0.07s/step | ETA 00:40m
[Epoch 5] Step 29100/62500 Loss: 0.0275 | 0.07s/step | ETA 00:38m
[Epoch 5] Step 29150/62500 Loss: 0.0285 | 0.07s/step | ETA 00:38m
[Epoch 5] Step 29200/62500 Loss: 0.0280 | 0.07s/step | ETA 00:38m
[Epoch 5] Step 29250/62500 Loss: 0.0277 | 0.07s/step | ETA 00:38m
[Epoch 5] Step 29300/62500 Loss: 0.0270 | 0.07s/step | ETA 00:38m
[Epoch 5] Step 29350/62500 Loss: 0.0278 | 0.07s/step | ETA 00:38m
[Epoch 5] Step 29400/62500 Loss: 0.0289 | 0.07s/step | ETA 00:38m
[Epoch 5] Step 29450/62500 Loss: 0.0277 | 0.07s/step | ETA 00:38m
[Epoch 5] Step 29500/62500 Loss: 0.0272 | 0.07s/step | ETA 00:38m
[Epoch 5] Step 29550/62500 Loss: 0.0265 | 0.07s/step | ETA 00:38m
[Epoch 5] Step 29600/62500 Loss: 0.0269 | 0.07s/step | ETA 00:37m
[Epoch 5] Step 29650/62500 Loss: 0.0263 | 0.07s/step | ETA 00:37m
[Epoch 5] Step 29700/62500 Loss: 0.0266 | 0.07s/step | ETA 00:37m
[Epoch 5] Step 29750/62500 Loss: 0.0264 | 0.07s/step | ETA 00:37m
[Epoch 5] Step 29800/62500 Loss: 0.0272 | 0.07s/step | ETA 00:37m
[Epoch 5] Step 29850/62500 Loss: 0.0273 | 0.07s/step | ETA 00:37m
[Epoch 5] Step 29900/62500 Loss: 0.0273 | 0.07s/step | ETA 00:37m
[Epoch 5] Step 29950/62500 Loss: 0.0271 | 0.07s/step | ETA 00:37m
[Epoch 5] Step 30000/62500 Loss: 0.0283 | 0.07s/step | ETA 00:37m
[Epoch 5] Step 30050/62500 Loss: 0.0311 | 0.07s/step | ETA 00:37m
[Epoch 5] Step 30100/62500 Loss: 0.0304 | 0.07s/step | ETA 00:37m
[Epoch 5] Step 30150/62500 Loss: 0.0299 | 0.07s/step | ETA 00:37m
[Epoch 5] Step 30200/62500 Loss: 0.0275 | 0.07s/step | ETA 00:39m
[Epoch 5] Step 30250/62500 Loss: 0.0283 | 0.07s/step | ETA 00:37m
[Epoch 5] Step 30300/62500 Loss: 0.0276 | 0.07s/step | ETA 00:37m
[Epoch 5] Step 30350/62500 Loss: 0.0281 | 0.07s/step | ETA 00:37m
[Epoch 5] Step 30400/62500 Loss: 0.0280 | 0.07s/step | ETA 00:37m
[Epoch 5] Step 30450/62500 Loss: 0.0279 | 0.07s/step | ETA 00:36m
[Epoch 5] Step 30500/62500 Loss: 0.0269 | 0.07s/step | ETA 00:37m
[Epoch 5] Step 30550/62500 Loss: 0.0271 | 0.07s/step | ETA 00:36m
[Epoch 5] Step 30600/62500 Loss: 0.0261 | 0.07s/step | ETA 00:36m
[Epoch 5] Step 30650/62500 Loss: 0.0263 | 0.07s/step | ETA 00:37m
[Epoch 5] Step 30700/62500 Loss: 0.0268 | 0.07s/step | ETA 00:36m
[Epoch 5] Step 30750/62500 Loss: 0.0266 | 0.07s/step | ETA 00:37m
[Epoch 5] Step 30800/62500 Loss: 0.0261 | 0.07s/step | ETA 00:37m
[Epoch 5] Step 30850/62500 Loss: 0.0291 | 0.07s/step | ETA 00:37m
[Epoch 5] Step 30900/62500 Loss: 0.0271 | 0.07s/step | ETA 00:36m
[Epoch 5] Step 30950/62500 Loss: 0.0270 | 0.07s/step | ETA 00:36m
[Epoch 5] Step 31000/62500 Loss: 0.0285 | 0.07s/step | ETA 00:36m
[Epoch 5] Step 31050/62500 Loss: 0.0266 | 0.07s/step | ETA 00:36m
[Epoch 5] Step 31100/62500 Loss: 0.0277 | 0.07s/step | ETA 00:36m
[Epoch 5] Step 31150/62500 Loss: 0.0286 | 0.07s/step | ETA 00:36m
[Epoch 5] Step 31200/62500 Loss: 0.0278 | 0.07s/step | ETA 00:36m
[Epoch 5] Step 31250/62500 Loss: 0.0268 | 0.07s/step | ETA 00:36m
[Epoch 5] Step 31300/62500 Loss: 0.0273 | 0.07s/step | ETA 00:36m
[Epoch 5] Step 31350/62500 Loss: 0.0351 | 0.07s/step | ETA 00:35m
[Epoch 5] Step 31400/62500 Loss: 0.0321 | 0.07s/step | ETA 00:38m
[Epoch 5] Step 31450/62500 Loss: 0.0302 | 0.07s/step | ETA 00:35m
[Epoch 5] Step 31500/62500 Loss: 0.0284 | 0.07s/step | ETA 00:35m
[Epoch 5] Step 31550/62500 Loss: 0.0254 | 0.07s/step | ETA 00:35m
[Epoch 5] Step 31600/62500 Loss: 0.0281 | 0.07s/step | ETA 00:35m
[Epoch 5] Step 31650/62500 Loss: 0.0296 | 0.07s/step | ETA 00:35m
[Epoch 5] Step 31700/62500 Loss: 0.0300 | 0.07s/step | ETA 00:35m
[Epoch 5] Step 31750/62500 Loss: 0.0275 | 0.07s/step | ETA 00:35m
[Epoch 5] Step 31800/62500 Loss: 0.0265 | 0.07s/step | ETA 00:35m
[Epoch 5] Step 31850/62500 Loss: 0.0269 | 0.07s/step | ETA 00:35m
[Epoch 5] Step 31900/62500 Loss: 0.0284 | 0.07s/step | ETA 00:35m
[Epoch 5] Step 31950/62500 Loss: 0.0270 | 0.07s/step | ETA 00:36m
[Epoch 5] Step 32000/62500 Loss: 0.0284 | 0.07s/step | ETA 00:35m
[Epoch 5] Step 32050/62500 Loss: 0.0294 | 0.07s/step | ETA 00:35m
[Epoch 5] Step 32100/62500 Loss: 0.0283 | 0.07s/step | ETA 00:35m
[Epoch 5] Step 32150/62500 Loss: 0.0260 | 0.07s/step | ETA 00:35m
[Epoch 5] Step 32200/62500 Loss: 0.0275 | 0.07s/step | ETA 00:35m
[Epoch 5] Step 32250/62500 Loss: 0.0282 | 0.07s/step | ETA 00:34m
[Epoch 5] Step 32300/62500 Loss: 0.0275 | 0.07s/step | ETA 00:34m
[Epoch 5] Step 32350/62500 Loss: 0.0266 | 0.07s/step | ETA 00:34m
[Epoch 5] Step 32400/62500 Loss: 0.0274 | 0.07s/step | ETA 00:34m
[Epoch 5] Step 32450/62500 Loss: 0.0279 | 0.07s/step | ETA 00:34m
[Epoch 5] Step 32500/62500 Loss: 0.0294 | 0.07s/step | ETA 00:34m
[Epoch 5] Step 32550/62500 Loss: 0.0275 | 0.07s/step | ETA 00:36m
[Epoch 5] Step 32600/62500 Loss: 0.0270 | 0.07s/step | ETA 00:34m
[Epoch 5] Step 32650/62500 Loss: 0.0298 | 0.07s/step | ETA 00:34m
[Epoch 5] Step 32700/62500 Loss: 0.0288 | 0.07s/step | ETA 00:34m
[Epoch 5] Step 32750/62500 Loss: 0.0274 | 0.07s/step | ETA 00:34m
[Epoch 5] Step 32800/62500 Loss: 0.0310 | 0.07s/step | ETA 00:34m
[Epoch 5] Step 32850/62500 Loss: 0.0293 | 0.07s/step | ETA 00:34m
[Epoch 5] Step 32900/62500 Loss: 0.0282 | 0.07s/step | ETA 00:34m
[Epoch 5] Step 32950/62500 Loss: 0.0277 | 0.07s/step | ETA 00:34m
[Epoch 5] Step 33000/62500 Loss: 0.0274 | 0.07s/step | ETA 00:34m
[Epoch 5] Step 33050/62500 Loss: 0.0271 | 0.07s/step | ETA 00:34m
[Epoch 5] Step 33100/62500 Loss: 0.0264 | 0.07s/step | ETA 00:33m
[Epoch 5] Step 33150/62500 Loss: 0.0271 | 0.07s/step | ETA 00:33m
[Epoch 5] Step 33200/62500 Loss: 0.0268 | 0.07s/step | ETA 00:33m
[Epoch 5] Step 33250/62500 Loss: 0.0271 | 0.07s/step | ETA 00:33m
[Epoch 5] Step 33300/62500 Loss: 0.0273 | 0.07s/step | ETA 00:33m
[Epoch 5] Step 33350/62500 Loss: 0.0301 | 0.07s/step | ETA 00:33m
[Epoch 5] Step 33400/62500 Loss: 0.0282 | 0.07s/step | ETA 00:33m
[Epoch 5] Step 33450/62500 Loss: 0.0270 | 0.07s/step | ETA 00:33m
[Epoch 5] Step 33500/62500 Loss: 0.0271 | 0.07s/step | ETA 00:33m
[Epoch 5] Step 33550/62500 Loss: 0.0273 | 0.07s/step | ETA 00:33m
[Epoch 5] Step 33600/62500 Loss: 0.0278 | 0.07s/step | ETA 00:33m
[Epoch 5] Step 33650/62500 Loss: 0.0270 | 0.07s/step | ETA 00:33m
[Epoch 5] Step 33700/62500 Loss: 0.0272 | 0.07s/step | ETA 00:35m
[Epoch 5] Step 33750/62500 Loss: 0.0279 | 0.07s/step | ETA 00:33m
[Epoch 5] Step 33800/62500 Loss: 0.0302 | 0.07s/step | ETA 00:33m
[Epoch 5] Step 33850/62500 Loss: 0.0272 | 0.07s/step | ETA 00:33m
[Epoch 5] Step 33900/62500 Loss: 0.0286 | 0.07s/step | ETA 00:32m
[Epoch 5] Step 33950/62500 Loss: 0.0288 | 0.07s/step | ETA 00:33m
[Epoch 5] Step 34000/62500 Loss: 0.0271 | 0.07s/step | ETA 00:33m
[Epoch 5] Step 34050/62500 Loss: 0.0275 | 0.07s/step | ETA 00:33m
[Epoch 5] Step 34100/62500 Loss: 0.0293 | 0.07s/step | ETA 00:32m
[Epoch 5] Step 34150/62500 Loss: 0.0279 | 0.07s/step | ETA 00:32m
[Epoch 5] Step 34200/62500 Loss: 0.0257 | 0.07s/step | ETA 00:32m
[Epoch 5] Step 34250/62500 Loss: 0.0261 | 0.07s/step | ETA 00:32m
[Epoch 5] Step 34300/62500 Loss: 0.0272 | 0.07s/step | ETA 00:32m
[Epoch 5] Step 34350/62500 Loss: 0.0289 | 0.07s/step | ETA 00:32m
[Epoch 5] Step 34400/62500 Loss: 0.0274 | 0.07s/step | ETA 00:32m
[Epoch 5] Step 34450/62500 Loss: 0.0265 | 0.07s/step | ETA 00:32m
[Epoch 5] Step 34500/62500 Loss: 0.0274 | 0.07s/step | ETA 00:32m
[Epoch 5] Step 34550/62500 Loss: 0.0267 | 0.07s/step | ETA 00:32m
[Epoch 5] Step 34600/62500 Loss: 0.0265 | 0.07s/step | ETA 00:32m
[Epoch 5] Step 34650/62500 Loss: 0.0265 | 0.07s/step | ETA 00:32m
[Epoch 5] Step 34700/62500 Loss: 0.0272 | 0.07s/step | ETA 00:32m
[Epoch 5] Step 34750/62500 Loss: 0.0270 | 0.07s/step | ETA 00:32m
[Epoch 5] Step 34800/62500 Loss: 0.0272 | 0.07s/step | ETA 00:31m
[Epoch 5] Step 34850/62500 Loss: 0.0277 | 0.07s/step | ETA 00:31m
[Epoch 5] Step 34900/62500 Loss: 0.0270 | 0.07s/step | ETA 00:33m
[Epoch 5] Step 34950/62500 Loss: 0.0297 | 0.07s/step | ETA 00:31m
[Epoch 5] Step 35000/62500 Loss: 0.0286 | 0.07s/step | ETA 00:31m
[Epoch 5] Step 35050/62500 Loss: 0.0281 | 0.07s/step | ETA 00:31m
[Epoch 5] Step 35100/62500 Loss: 0.0280 | 0.07s/step | ETA 00:31m
[Epoch 5] Step 35150/62500 Loss: 0.0273 | 0.07s/step | ETA 00:31m
[Epoch 5] Step 35200/62500 Loss: 0.0272 | 0.07s/step | ETA 00:31m
[Epoch 5] Step 35250/62500 Loss: 0.0270 | 0.07s/step | ETA 00:31m
[Epoch 5] Step 35300/62500 Loss: 0.0284 | 0.07s/step | ETA 00:31m
[Epoch 5] Step 35350/62500 Loss: 0.0266 | 0.07s/step | ETA 00:31m
[Epoch 5] Step 35400/62500 Loss: 0.0281 | 0.07s/step | ETA 00:31m
[Epoch 5] Step 35450/62500 Loss: 0.0271 | 0.07s/step | ETA 00:31m
[Epoch 5] Step 35500/62500 Loss: 0.0268 | 0.07s/step | ETA 00:31m
[Epoch 5] Step 35550/62500 Loss: 0.0284 | 0.07s/step | ETA 00:31m
[Epoch 5] Step 35600/62500 Loss: 0.0278 | 0.07s/step | ETA 00:31m
[Epoch 5] Step 35650/62500 Loss: 0.0311 | 0.07s/step | ETA 00:30m
[Epoch 5] Step 35700/62500 Loss: 0.0267 | 0.07s/step | ETA 00:30m
[Epoch 5] Step 35750/62500 Loss: 0.0267 | 0.07s/step | ETA 00:30m
[Epoch 5] Step 35800/62500 Loss: 0.0252 | 0.07s/step | ETA 00:30m
[Epoch 5] Step 35850/62500 Loss: 0.0286 | 0.07s/step | ETA 00:30m
[Epoch 5] Step 35900/62500 Loss: 0.0272 | 0.07s/step | ETA 00:30m
[Epoch 5] Step 35950/62500 Loss: 0.0286 | 0.07s/step | ETA 00:30m
[Epoch 5] Step 36000/62500 Loss: 0.0269 | 0.07s/step | ETA 00:30m
[Epoch 5] Step 36050/62500 Loss: 0.0273 | 0.07s/step | ETA 00:32m
[Epoch 5] Step 36100/62500 Loss: 0.0276 | 0.07s/step | ETA 00:30m
[Epoch 5] Step 36150/62500 Loss: 0.0275 | 0.07s/step | ETA 00:30m
[Epoch 5] Step 36200/62500 Loss: 0.0285 | 0.07s/step | ETA 00:30m
[Epoch 5] Step 36250/62500 Loss: 0.0307 | 0.07s/step | ETA 00:30m
[Epoch 5] Step 36300/62500 Loss: 0.0292 | 0.07s/step | ETA 00:30m
[Epoch 5] Step 36350/62500 Loss: 0.0278 | 0.07s/step | ETA 00:30m
[Epoch 5] Step 36400/62500 Loss: 0.0277 | 0.07s/step | ETA 00:30m
[Epoch 5] Step 36450/62500 Loss: 0.0271 | 0.07s/step | ETA 00:30m
[Epoch 5] Step 36500/62500 Loss: 0.0272 | 0.07s/step | ETA 00:30m
[Epoch 5] Step 36550/62500 Loss: 0.0271 | 0.07s/step | ETA 00:30m
[Epoch 5] Step 36600/62500 Loss: 0.0272 | 0.07s/step | ETA 00:30m
[Epoch 5] Step 36650/62500 Loss: 0.0273 | 0.07s/step | ETA 00:29m
[Epoch 5] Step 36700/62500 Loss: 0.0281 | 0.07s/step | ETA 00:29m
[Epoch 5] Step 36750/62500 Loss: 0.0289 | 0.07s/step | ETA 00:29m
[Epoch 5] Step 36800/62500 Loss: 0.0280 | 0.07s/step | ETA 00:29m
[Epoch 5] Step 36850/62500 Loss: 0.0286 | 0.07s/step | ETA 00:29m
[Epoch 5] Step 36900/62500 Loss: 0.0274 | 0.07s/step | ETA 00:29m
[Epoch 5] Step 36950/62500 Loss: 0.0276 | 0.07s/step | ETA 00:29m
[Epoch 5] Step 37000/62500 Loss: 0.0277 | 0.07s/step | ETA 00:29m
[Epoch 5] Step 37050/62500 Loss: 0.0265 | 0.07s/step | ETA 00:29m
[Epoch 5] Step 37100/62500 Loss: 0.0276 | 0.07s/step | ETA 00:29m
[Epoch 5] Step 37150/62500 Loss: 0.0268 | 0.07s/step | ETA 00:29m
[Epoch 5] Step 37200/62500 Loss: 0.0264 | 0.07s/step | ETA 00:30m
[Epoch 5] Step 37250/62500 Loss: 0.0271 | 0.07s/step | ETA 00:29m
[Epoch 5] Step 37300/62500 Loss: 0.0279 | 0.07s/step | ETA 00:29m
[Epoch 5] Step 37350/62500 Loss: 0.0277 | 0.07s/step | ETA 00:29m
[Epoch 5] Step 37400/62500 Loss: 0.0273 | 0.07s/step | ETA 00:28m
[Epoch 5] Step 37450/62500 Loss: 0.0270 | 0.07s/step | ETA 00:28m
[Epoch 5] Step 37500/62500 Loss: 0.0264 | 0.07s/step | ETA 00:28m
[Epoch 5] Step 37550/62500 Loss: 0.0269 | 0.07s/step | ETA 00:28m
[Epoch 5] Step 37600/62500 Loss: 0.0273 | 0.07s/step | ETA 00:28m
[Epoch 5] Step 37650/62500 Loss: 0.0273 | 0.07s/step | ETA 00:28m
[Epoch 5] Step 37700/62500 Loss: 0.0272 | 0.07s/step | ETA 00:28m
[Epoch 5] Step 37750/62500 Loss: 0.0269 | 0.07s/step | ETA 00:28m
[Epoch 5] Step 37800/62500 Loss: 0.0264 | 0.07s/step | ETA 00:28m
[Epoch 5] Step 37850/62500 Loss: 0.0288 | 0.07s/step | ETA 00:28m
[Epoch 5] Step 37900/62500 Loss: 0.0264 | 0.07s/step | ETA 00:28m
[Epoch 5] Step 37950/62500 Loss: 0.0266 | 0.07s/step | ETA 00:28m
[Epoch 5] Step 38000/62500 Loss: 0.0281 | 0.07s/step | ETA 00:28m
[Epoch 5] Step 38050/62500 Loss: 0.0294 | 0.07s/step | ETA 00:28m
[Epoch 5] Step 38100/62500 Loss: 0.0288 | 0.07s/step | ETA 00:28m
[Epoch 5] Step 38150/62500 Loss: 0.0270 | 0.07s/step | ETA 00:28m
[Epoch 5] Step 38200/62500 Loss: 0.0276 | 0.07s/step | ETA 00:28m
[Epoch 5] Step 38250/62500 Loss: 0.0272 | 0.07s/step | ETA 00:28m
[Epoch 5] Step 38300/62500 Loss: 0.0267 | 0.07s/step | ETA 00:28m
[Epoch 5] Step 38350/62500 Loss: 0.0291 | 0.07s/step | ETA 00:27m
[Epoch 5] Step 38400/62500 Loss: 0.0270 | 0.07s/step | ETA 00:29m
[Epoch 5] Step 38450/62500 Loss: 0.0290 | 0.07s/step | ETA 00:27m
[Epoch 5] Step 38500/62500 Loss: 0.0282 | 0.07s/step | ETA 00:27m
[Epoch 5] Step 38550/62500 Loss: 0.0269 | 0.07s/step | ETA 00:27m
[Epoch 5] Step 38600/62500 Loss: 0.0268 | 0.07s/step | ETA 00:27m
[Epoch 5] Step 38650/62500 Loss: 0.0273 | 0.07s/step | ETA 00:27m
[Epoch 5] Step 38700/62500 Loss: 0.0277 | 0.07s/step | ETA 00:27m
[Epoch 5] Step 38750/62500 Loss: 0.0264 | 0.07s/step | ETA 00:27m
[Epoch 5] Step 38800/62500 Loss: 0.0263 | 0.07s/step | ETA 00:27m
[Epoch 5] Step 38850/62500 Loss: 0.0275 | 0.07s/step | ETA 00:27m
[Epoch 5] Step 38900/62500 Loss: 0.0268 | 0.07s/step | ETA 00:27m
[Epoch 5] Step 38950/62500 Loss: 0.0267 | 0.07s/step | ETA 00:27m
[Epoch 5] Step 39000/62500 Loss: 0.0288 | 0.07s/step | ETA 00:27m
[Epoch 5] Step 39050/62500 Loss: 0.0284 | 0.07s/step | ETA 00:27m
[Epoch 5] Step 39100/62500 Loss: 0.0266 | 0.07s/step | ETA 00:27m
[Epoch 5] Step 39150/62500 Loss: 0.0296 | 0.07s/step | ETA 00:26m
[Epoch 5] Step 39200/62500 Loss: 0.0284 | 0.07s/step | ETA 00:26m
[Epoch 5] Step 39250/62500 Loss: 0.0267 | 0.07s/step | ETA 00:27m
[Epoch 5] Step 39300/62500 Loss: 0.0264 | 0.07s/step | ETA 00:26m
[Epoch 5] Step 39350/62500 Loss: 0.0273 | 0.07s/step | ETA 00:26m
[Epoch 5] Step 39400/62500 Loss: 0.0283 | 0.07s/step | ETA 00:26m
[Epoch 5] Step 39450/62500 Loss: 0.0282 | 0.07s/step | ETA 00:26m
[Epoch 5] Step 39500/62500 Loss: 0.0264 | 0.07s/step | ETA 00:26m
[Epoch 5] Step 39550/62500 Loss: 0.0265 | 0.07s/step | ETA 00:28m
[Epoch 5] Step 39600/62500 Loss: 0.0269 | 0.07s/step | ETA 00:26m
[Epoch 5] Step 39650/62500 Loss: 0.0276 | 0.07s/step | ETA 00:26m
[Epoch 5] Step 39700/62500 Loss: 0.0265 | 0.07s/step | ETA 00:26m
[Epoch 5] Step 39750/62500 Loss: 0.0281 | 0.07s/step | ETA 00:26m
[Epoch 5] Step 39800/62500 Loss: 0.0298 | 0.07s/step | ETA 00:26m
[Epoch 5] Step 39850/62500 Loss: 0.0285 | 0.07s/step | ETA 00:26m
[Epoch 5] Step 39900/62500 Loss: 0.0297 | 0.07s/step | ETA 00:26m
[Epoch 5] Step 39950/62500 Loss: 0.0282 | 0.07s/step | ETA 00:26m
[Epoch 5] Step 40000/62500 Loss: 0.0276 | 0.07s/step | ETA 00:25m
[Epoch 5] Step 40050/62500 Loss: 0.0266 | 0.07s/step | ETA 00:25m
[Epoch 5] Step 40100/62500 Loss: 0.0268 | 0.07s/step | ETA 00:25m
[Epoch 5] Step 40150/62500 Loss: 0.0268 | 0.07s/step | ETA 00:25m
[Epoch 5] Step 40200/62500 Loss: 0.0276 | 0.07s/step | ETA 00:25m
[Epoch 5] Step 40250/62500 Loss: 0.0292 | 0.07s/step | ETA 00:25m
[Epoch 5] Step 40300/62500 Loss: 0.0268 | 0.07s/step | ETA 00:25m
[Epoch 5] Step 40350/62500 Loss: 0.0268 | 0.07s/step | ETA 00:25m
[Epoch 5] Step 40400/62500 Loss: 0.0256 | 0.07s/step | ETA 00:25m
[Epoch 5] Step 40450/62500 Loss: 0.0273 | 0.07s/step | ETA 00:25m
[Epoch 5] Step 40500/62500 Loss: 0.0272 | 0.07s/step | ETA 00:25m
[Epoch 5] Step 40550/62500 Loss: 0.0265 | 0.07s/step | ETA 00:25m
[Epoch 5] Step 40600/62500 Loss: 0.0270 | 0.07s/step | ETA 00:25m
[Epoch 5] Step 40650/62500 Loss: 0.0272 | 0.07s/step | ETA 00:25m
[Epoch 5] Step 40700/62500 Loss: 0.0279 | 0.07s/step | ETA 00:27m
[Epoch 5] Step 40750/62500 Loss: 0.0272 | 0.07s/step | ETA 00:25m
[Epoch 5] Step 40800/62500 Loss: 0.0273 | 0.07s/step | ETA 00:25m
[Epoch 5] Step 40850/62500 Loss: 0.0258 | 0.07s/step | ETA 00:25m
[Epoch 5] Step 40900/62500 Loss: 0.0272 | 0.07s/step | ETA 00:25m
[Epoch 5] Step 40950/62500 Loss: 0.0272 | 0.07s/step | ETA 00:25m
[Epoch 5] Step 41000/62500 Loss: 0.0267 | 0.07s/step | ETA 00:24m
[Epoch 5] Step 41050/62500 Loss: 0.0265 | 0.07s/step | ETA 00:24m
[Epoch 5] Step 41100/62500 Loss: 0.0257 | 0.07s/step | ETA 00:24m
[Epoch 5] Step 41150/62500 Loss: 0.0263 | 0.07s/step | ETA 00:24m
[Epoch 5] Step 41200/62500 Loss: 0.0278 | 0.07s/step | ETA 00:24m
[Epoch 5] Step 41250/62500 Loss: 0.0270 | 0.07s/step | ETA 00:24m
[Epoch 5] Step 41300/62500 Loss: 0.0272 | 0.07s/step | ETA 00:24m
[Epoch 5] Step 41350/62500 Loss: 0.0275 | 0.07s/step | ETA 00:24m
[Epoch 5] Step 41400/62500 Loss: 0.0263 | 0.07s/step | ETA 00:24m
[Epoch 5] Step 41450/62500 Loss: 0.0279 | 0.07s/step | ETA 00:24m
[Epoch 5] Step 41500/62500 Loss: 0.0263 | 0.07s/step | ETA 00:24m
[Epoch 5] Step 41550/62500 Loss: 0.0292 | 0.07s/step | ETA 00:24m
[Epoch 5] Step 41600/62500 Loss: 0.0264 | 0.07s/step | ETA 00:24m
[Epoch 5] Step 41650/62500 Loss: 0.0266 | 0.07s/step | ETA 00:24m
[Epoch 5] Step 41700/62500 Loss: 0.0268 | 0.07s/step | ETA 00:23m
[Epoch 5] Step 41750/62500 Loss: 0.0273 | 0.07s/step | ETA 00:23m
[Epoch 5] Step 41800/62500 Loss: 0.0273 | 0.07s/step | ETA 00:23m
[Epoch 5] Step 41850/62500 Loss: 0.0309 | 0.07s/step | ETA 00:23m
[Epoch 5] Step 41900/62500 Loss: 0.0281 | 0.07s/step | ETA 00:25m
[Epoch 5] Step 41950/62500 Loss: 0.0268 | 0.07s/step | ETA 00:23m
[Epoch 5] Step 42000/62500 Loss: 0.0271 | 0.07s/step | ETA 00:23m
[Epoch 5] Step 42050/62500 Loss: 0.0269 | 0.07s/step | ETA 00:23m
[Epoch 5] Step 42100/62500 Loss: 0.0268 | 0.07s/step | ETA 00:23m
[Epoch 5] Step 42150/62500 Loss: 0.0269 | 0.07s/step | ETA 00:23m
[Epoch 5] Step 42200/62500 Loss: 0.0280 | 0.07s/step | ETA 00:23m
[Epoch 5] Step 42250/62500 Loss: 0.0276 | 0.07s/step | ETA 00:23m
[Epoch 5] Step 42300/62500 Loss: 0.0264 | 0.07s/step | ETA 00:23m
[Epoch 5] Step 42350/62500 Loss: 0.0276 | 0.07s/step | ETA 00:23m
[Epoch 5] Step 42400/62500 Loss: 0.0290 | 0.07s/step | ETA 00:23m
[Epoch 5] Step 42450/62500 Loss: 0.0276 | 0.07s/step | ETA 00:23m
[Epoch 5] Step 42500/62500 Loss: 0.0267 | 0.07s/step | ETA 00:23m
[Epoch 5] Step 42550/62500 Loss: 0.0276 | 0.07s/step | ETA 00:23m
[Epoch 5] Step 42600/62500 Loss: 0.0277 | 0.07s/step | ETA 00:23m
[Epoch 5] Step 42650/62500 Loss: 0.0284 | 0.07s/step | ETA 00:23m
[Epoch 5] Step 42700/62500 Loss: 0.0274 | 0.07s/step | ETA 00:22m
[Epoch 5] Step 42750/62500 Loss: 0.0284 | 0.07s/step | ETA 00:22m
[Epoch 5] Step 42800/62500 Loss: 0.0273 | 0.07s/step | ETA 00:22m
[Epoch 5] Step 42850/62500 Loss: 0.0257 | 0.07s/step | ETA 00:22m
[Epoch 5] Step 42900/62500 Loss: 0.0256 | 0.07s/step | ETA 00:22m
[Epoch 5] Step 42950/62500 Loss: 0.0266 | 0.07s/step | ETA 00:22m
[Epoch 5] Step 43000/62500 Loss: 0.0259 | 0.07s/step | ETA 00:22m
[Epoch 5] Step 43050/62500 Loss: 0.0288 | 0.07s/step | ETA 00:23m
[Epoch 5] Step 43100/62500 Loss: 0.0270 | 0.07s/step | ETA 00:22m
[Epoch 5] Step 43150/62500 Loss: 0.0271 | 0.07s/step | ETA 00:22m
[Epoch 5] Step 43200/62500 Loss: 0.0269 | 0.07s/step | ETA 00:22m
[Epoch 5] Step 43250/62500 Loss: 0.0263 | 0.07s/step | ETA 00:22m
[Epoch 5] Step 43300/62500 Loss: 0.0254 | 0.07s/step | ETA 00:22m
[Epoch 5] Step 43350/62500 Loss: 0.0280 | 0.07s/step | ETA 00:22m
[Epoch 5] Step 43400/62500 Loss: 0.0259 | 0.07s/step | ETA 00:22m
[Epoch 5] Step 43450/62500 Loss: 0.0269 | 0.07s/step | ETA 00:21m
[Epoch 5] Step 43500/62500 Loss: 0.0261 | 0.07s/step | ETA 00:21m
[Epoch 5] Step 43550/62500 Loss: 0.0278 | 0.07s/step | ETA 00:22m
[Epoch 5] Step 43600/62500 Loss: 0.0266 | 0.07s/step | ETA 00:21m
[Epoch 5] Step 43650/62500 Loss: 0.0260 | 0.07s/step | ETA 00:21m
[Epoch 5] Step 43700/62500 Loss: 0.0260 | 0.07s/step | ETA 00:21m
[Epoch 5] Step 43750/62500 Loss: 0.0267 | 0.07s/step | ETA 00:21m
[Epoch 5] Step 43800/62500 Loss: 0.0270 | 0.07s/step | ETA 00:21m
[Epoch 5] Step 43850/62500 Loss: 0.0268 | 0.07s/step | ETA 00:21m
[Epoch 5] Step 43900/62500 Loss: 0.0259 | 0.07s/step | ETA 00:21m
[Epoch 5] Step 43950/62500 Loss: 0.0269 | 0.07s/step | ETA 00:21m
[Epoch 5] Step 44000/62500 Loss: 0.0268 | 0.07s/step | ETA 00:21m
[Epoch 5] Step 44050/62500 Loss: 0.0265 | 0.07s/step | ETA 00:21m
[Epoch 5] Step 44100/62500 Loss: 0.0275 | 0.07s/step | ETA 00:21m
[Epoch 5] Step 44150/62500 Loss: 0.0265 | 0.07s/step | ETA 00:21m
[Epoch 5] Step 44200/62500 Loss: 0.0262 | 0.07s/step | ETA 00:22m
[Epoch 5] Step 44250/62500 Loss: 0.0270 | 0.07s/step | ETA 00:21m
[Epoch 5] Step 44300/62500 Loss: 0.0273 | 0.07s/step | ETA 00:21m
[Epoch 5] Step 44350/62500 Loss: 0.0284 | 0.07s/step | ETA 00:20m
[Epoch 5] Step 44400/62500 Loss: 0.0280 | 0.07s/step | ETA 00:20m
[Epoch 5] Step 44450/62500 Loss: 0.0266 | 0.07s/step | ETA 00:21m
[Epoch 5] Step 44500/62500 Loss: 0.0263 | 0.07s/step | ETA 00:20m
[Epoch 5] Step 44550/62500 Loss: 0.0275 | 0.07s/step | ETA 00:20m
[Epoch 5] Step 44600/62500 Loss: 0.0262 | 0.07s/step | ETA 00:20m
[Epoch 5] Step 44650/62500 Loss: 0.0274 | 0.07s/step | ETA 00:20m
[Epoch 5] Step 44700/62500 Loss: 0.0289 | 0.07s/step | ETA 00:20m
[Epoch 5] Step 44750/62500 Loss: 0.0289 | 0.07s/step | ETA 00:20m
[Epoch 5] Step 44800/62500 Loss: 0.0267 | 0.07s/step | ETA 00:20m
[Epoch 5] Step 44850/62500 Loss: 0.0279 | 0.07s/step | ETA 00:20m
[Epoch 5] Step 44900/62500 Loss: 0.0274 | 0.07s/step | ETA 00:20m
[Epoch 5] Step 44950/62500 Loss: 0.0275 | 0.07s/step | ETA 00:20m
[Epoch 5] Step 45000/62500 Loss: 0.0264 | 0.07s/step | ETA 00:20m
[Epoch 5] Step 45050/62500 Loss: 0.0270 | 0.07s/step | ETA 00:20m
[Epoch 5] Step 45100/62500 Loss: 0.0268 | 0.07s/step | ETA 00:20m
[Epoch 5] Step 45150/62500 Loss: 0.0273 | 0.07s/step | ETA 00:20m
[Epoch 5] Step 45200/62500 Loss: 0.0266 | 0.07s/step | ETA 00:19m
[Epoch 5] Step 45250/62500 Loss: 0.0269 | 0.07s/step | ETA 00:19m
[Epoch 5] Step 45300/62500 Loss: 0.0260 | 0.07s/step | ETA 00:19m
[Epoch 5] Step 45350/62500 Loss: 0.0266 | 0.07s/step | ETA 00:19m
[Epoch 5] Step 45400/62500 Loss: 0.0269 | 0.07s/step | ETA 00:20m
[Epoch 5] Step 45450/62500 Loss: 0.0271 | 0.07s/step | ETA 00:19m
[Epoch 5] Step 45500/62500 Loss: 0.0268 | 0.07s/step | ETA 00:19m
[Epoch 5] Step 45550/62500 Loss: 0.0259 | 0.07s/step | ETA 00:19m
[Epoch 5] Step 45600/62500 Loss: 0.0271 | 0.07s/step | ETA 00:19m
[Epoch 5] Step 45650/62500 Loss: 0.0296 | 0.07s/step | ETA 00:19m
[Epoch 5] Step 45700/62500 Loss: 0.0277 | 0.07s/step | ETA 00:19m
[Epoch 5] Step 45750/62500 Loss: 0.0266 | 0.07s/step | ETA 00:19m
[Epoch 5] Step 45800/62500 Loss: 0.0274 | 0.07s/step | ETA 00:19m
[Epoch 5] Step 45850/62500 Loss: 0.0271 | 0.07s/step | ETA 00:19m
[Epoch 5] Step 45900/62500 Loss: 0.0259 | 0.07s/step | ETA 00:19m
[Epoch 5] Step 45950/62500 Loss: 0.0255 | 0.07s/step | ETA 00:19m
[Epoch 5] Step 46000/62500 Loss: 0.0269 | 0.07s/step | ETA 00:19m
[Epoch 5] Step 46050/62500 Loss: 0.0272 | 0.07s/step | ETA 00:19m
[Epoch 5] Step 46100/62500 Loss: 0.0296 | 0.07s/step | ETA 00:19m
[Epoch 5] Step 46150/62500 Loss: 0.0289 | 0.07s/step | ETA 00:18m
[Epoch 5] Step 46200/62500 Loss: 0.0282 | 0.07s/step | ETA 00:19m
[Epoch 5] Step 46250/62500 Loss: 0.0274 | 0.07s/step | ETA 00:18m
[Epoch 5] Step 46300/62500 Loss: 0.0289 | 0.07s/step | ETA 00:18m
[Epoch 5] Step 46350/62500 Loss: 0.0270 | 0.07s/step | ETA 00:18m
[Epoch 5] Step 46400/62500 Loss: 0.0282 | 0.07s/step | ETA 00:18m
[Epoch 5] Step 46450/62500 Loss: 0.0277 | 0.07s/step | ETA 00:18m
[Epoch 5] Step 46500/62500 Loss: 0.0278 | 0.07s/step | ETA 00:18m
[Epoch 5] Step 46550/62500 Loss: 0.0285 | 0.07s/step | ETA 00:19m
[Epoch 5] Step 46600/62500 Loss: 0.0285 | 0.07s/step | ETA 00:18m
[Epoch 5] Step 46650/62500 Loss: 0.0272 | 0.07s/step | ETA 00:18m
[Epoch 5] Step 46700/62500 Loss: 0.0283 | 0.07s/step | ETA 00:18m
[Epoch 5] Step 46750/62500 Loss: 0.0266 | 0.07s/step | ETA 00:18m
[Epoch 5] Step 46800/62500 Loss: 0.0262 | 0.07s/step | ETA 00:18m
[Epoch 5] Step 46850/62500 Loss: 0.0270 | 0.07s/step | ETA 00:18m
[Epoch 5] Step 46900/62500 Loss: 0.0278 | 0.07s/step | ETA 00:18m
[Epoch 5] Step 46950/62500 Loss: 0.0270 | 0.07s/step | ETA 00:18m
[Epoch 5] Step 47000/62500 Loss: 0.0251 | 0.07s/step | ETA 00:18m
[Epoch 5] Step 47050/62500 Loss: 0.0265 | 0.07s/step | ETA 00:17m
[Epoch 5] Step 47100/62500 Loss: 0.0265 | 0.07s/step | ETA 00:17m
[Epoch 5] Step 47150/62500 Loss: 0.0255 | 0.07s/step | ETA 00:17m
[Epoch 5] Step 47200/62500 Loss: 0.0262 | 0.07s/step | ETA 00:17m
[Epoch 5] Step 47250/62500 Loss: 0.0269 | 0.07s/step | ETA 00:17m
[Epoch 5] Step 47300/62500 Loss: 0.0282 | 0.07s/step | ETA 00:17m
[Epoch 5] Step 47350/62500 Loss: 0.0274 | 0.07s/step | ETA 00:17m
[Epoch 5] Step 47400/62500 Loss: 0.0270 | 0.07s/step | ETA 00:17m
[Epoch 5] Step 47450/62500 Loss: 0.0260 | 0.07s/step | ETA 00:17m
[Epoch 5] Step 47500/62500 Loss: 0.0256 | 0.07s/step | ETA 00:17m
[Epoch 5] Step 47550/62500 Loss: 0.0287 | 0.07s/step | ETA 00:17m
[Epoch 5] Step 47600/62500 Loss: 0.0290 | 0.07s/step | ETA 00:17m
[Epoch 5] Step 47650/62500 Loss: 0.0276 | 0.07s/step | ETA 00:17m
[Epoch 5] Step 47700/62500 Loss: 0.0278 | 0.07s/step | ETA 00:18m
[Epoch 5] Step 47750/62500 Loss: 0.0263 | 0.07s/step | ETA 00:17m
[Epoch 5] Step 47800/62500 Loss: 0.0259 | 0.07s/step | ETA 00:17m
[Epoch 5] Step 47850/62500 Loss: 0.0267 | 0.07s/step | ETA 00:17m
[Epoch 5] Step 47900/62500 Loss: 0.0266 | 0.07s/step | ETA 00:16m
[Epoch 5] Step 47950/62500 Loss: 0.0266 | 0.07s/step | ETA 00:16m
[Epoch 5] Step 48000/62500 Loss: 0.0267 | 0.07s/step | ETA 00:16m
[Epoch 5] Step 48050/62500 Loss: 0.0262 | 0.07s/step | ETA 00:16m
[Epoch 5] Step 48100/62500 Loss: 0.0271 | 0.07s/step | ETA 00:16m
[Epoch 5] Step 48150/62500 Loss: 0.0274 | 0.07s/step | ETA 00:16m
[Epoch 5] Step 48200/62500 Loss: 0.0260 | 0.07s/step | ETA 00:16m
[Epoch 5] Step 48250/62500 Loss: 0.0256 | 0.07s/step | ETA 00:16m
[Epoch 5] Step 48300/62500 Loss: 0.0260 | 0.07s/step | ETA 00:16m
[Epoch 5] Step 48350/62500 Loss: 0.0270 | 0.07s/step | ETA 00:16m
[Epoch 5] Step 48400/62500 Loss: 0.0264 | 0.07s/step | ETA 00:16m
[Epoch 5] Step 48450/62500 Loss: 0.0258 | 0.07s/step | ETA 00:16m
[Epoch 5] Step 48500/62500 Loss: 0.0258 | 0.07s/step | ETA 00:16m
[Epoch 5] Step 48550/62500 Loss: 0.0285 | 0.07s/step | ETA 00:16m
[Epoch 5] Step 48600/62500 Loss: 0.0265 | 0.07s/step | ETA 00:16m
[Epoch 5] Step 48650/62500 Loss: 0.0262 | 0.07s/step | ETA 00:16m
[Epoch 5] Step 48700/62500 Loss: 0.0276 | 0.07s/step | ETA 00:15m
[Epoch 5] Step 48750/62500 Loss: 0.0284 | 0.07s/step | ETA 00:15m
[Epoch 5] Step 48800/62500 Loss: 0.0271 | 0.07s/step | ETA 00:15m
[Epoch 5] Step 48850/62500 Loss: 0.0277 | 0.07s/step | ETA 00:15m
[Epoch 5] Step 48900/62500 Loss: 0.0271 | 0.07s/step | ETA 00:16m
[Epoch 5] Step 48950/62500 Loss: 0.0271 | 0.07s/step | ETA 00:15m
[Epoch 5] Step 49000/62500 Loss: 0.0275 | 0.07s/step | ETA 00:15m
[Epoch 5] Step 49050/62500 Loss: 0.0277 | 0.07s/step | ETA 00:15m
[Epoch 5] Step 49100/62500 Loss: 0.0282 | 0.07s/step | ETA 00:15m
[Epoch 5] Step 49150/62500 Loss: 0.0335 | 0.07s/step | ETA 00:15m
[Epoch 5] Step 49200/62500 Loss: 0.0285 | 0.07s/step | ETA 00:15m
[Epoch 5] Step 49250/62500 Loss: 0.0273 | 0.07s/step | ETA 00:15m
[Epoch 5] Step 49300/62500 Loss: 0.0276 | 0.07s/step | ETA 00:15m
[Epoch 5] Step 49350/62500 Loss: 0.0260 | 0.07s/step | ETA 00:15m
[Epoch 5] Step 49400/62500 Loss: 0.0314 | 0.07s/step | ETA 00:15m
[Epoch 5] Step 49450/62500 Loss: 0.0267 | 0.07s/step | ETA 00:15m
[Epoch 5] Step 49500/62500 Loss: 0.0270 | 0.07s/step | ETA 00:14m
[Epoch 5] Step 49550/62500 Loss: 0.0265 | 0.07s/step | ETA 00:14m
[Epoch 5] Step 49600/62500 Loss: 0.0261 | 0.07s/step | ETA 00:14m
[Epoch 5] Step 49650/62500 Loss: 0.0262 | 0.07s/step | ETA 00:14m
[Epoch 5] Step 49700/62500 Loss: 0.0269 | 0.07s/step | ETA 00:15m
[Epoch 5] Step 49750/62500 Loss: 0.0275 | 0.07s/step | ETA 00:14m
[Epoch 5] Step 49800/62500 Loss: 0.0262 | 0.07s/step | ETA 00:14m
[Epoch 5] Step 49850/62500 Loss: 0.0258 | 0.07s/step | ETA 00:14m
[Epoch 5] Step 49900/62500 Loss: 0.0259 | 0.07s/step | ETA 00:14m
[Epoch 5] Step 49950/62500 Loss: 0.0264 | 0.07s/step | ETA 00:14m
[Epoch 5] Step 50000/62500 Loss: 0.0293 | 0.07s/step | ETA 00:14m
[Epoch 5] Step 50050/62500 Loss: 0.0299 | 0.07s/step | ETA 00:15m
[Epoch 5] Step 50100/62500 Loss: 0.0287 | 0.07s/step | ETA 00:14m
[Epoch 5] Step 50150/62500 Loss: 0.0284 | 0.07s/step | ETA 00:14m
[Epoch 5] Step 50200/62500 Loss: 0.0280 | 0.07s/step | ETA 00:14m
[Epoch 5] Step 50250/62500 Loss: 0.0263 | 0.07s/step | ETA 00:14m
[Epoch 5] Step 50300/62500 Loss: 0.0276 | 0.07s/step | ETA 00:14m
[Epoch 5] Step 50350/62500 Loss: 0.0277 | 0.07s/step | ETA 00:14m
[Epoch 5] Step 50400/62500 Loss: 0.0277 | 0.07s/step | ETA 00:13m
[Epoch 5] Step 50450/62500 Loss: 0.0278 | 0.07s/step | ETA 00:13m
[Epoch 5] Step 50500/62500 Loss: 0.0268 | 0.07s/step | ETA 00:14m
[Epoch 5] Step 50550/62500 Loss: 0.0269 | 0.07s/step | ETA 00:13m
[Epoch 5] Step 50600/62500 Loss: 0.0269 | 0.07s/step | ETA 00:13m
[Epoch 5] Step 50650/62500 Loss: 0.0268 | 0.07s/step | ETA 00:13m
[Epoch 5] Step 50700/62500 Loss: 0.0261 | 0.07s/step | ETA 00:13m
[Epoch 5] Step 50750/62500 Loss: 0.0273 | 0.07s/step | ETA 00:13m
[Epoch 5] Step 50800/62500 Loss: 0.0272 | 0.07s/step | ETA 00:13m
[Epoch 5] Step 50850/62500 Loss: 0.0271 | 0.07s/step | ETA 00:13m
[Epoch 5] Step 50900/62500 Loss: 0.0259 | 0.07s/step | ETA 00:13m
[Epoch 5] Step 50950/62500 Loss: 0.0263 | 0.07s/step | ETA 00:13m
[Epoch 5] Step 51000/62500 Loss: 0.0280 | 0.07s/step | ETA 00:13m
[Epoch 5] Step 51050/62500 Loss: 0.0265 | 0.07s/step | ETA 00:13m
[Epoch 5] Step 51100/62500 Loss: 0.0263 | 0.07s/step | ETA 00:13m
[Epoch 5] Step 51150/62500 Loss: 0.0264 | 0.07s/step | ETA 00:13m
[Epoch 5] Step 51200/62500 Loss: 0.0266 | 0.07s/step | ETA 00:13m
[Epoch 5] Step 51250/62500 Loss: 0.0251 | 0.07s/step | ETA 00:12m
[Epoch 5] Step 51300/62500 Loss: 0.0263 | 0.07s/step | ETA 00:12m
[Epoch 5] Step 51350/62500 Loss: 0.0273 | 0.07s/step | ETA 00:12m
[Epoch 5] Step 51400/62500 Loss: 0.0269 | 0.07s/step | ETA 00:12m
[Epoch 5] Step 51450/62500 Loss: 0.0263 | 0.07s/step | ETA 00:12m
[Epoch 5] Step 51500/62500 Loss: 0.0269 | 0.07s/step | ETA 00:12m
[Epoch 5] Step 51550/62500 Loss: 0.0289 | 0.07s/step | ETA 00:12m
[Epoch 5] Step 51600/62500 Loss: 0.0271 | 0.07s/step | ETA 00:12m
[Epoch 5] Step 51650/62500 Loss: 0.0286 | 0.07s/step | ETA 00:12m
[Epoch 5] Step 51700/62500 Loss: 0.0269 | 0.07s/step | ETA 00:12m
[Epoch 5] Step 51750/62500 Loss: 0.0260 | 0.07s/step | ETA 00:12m
[Epoch 5] Step 51800/62500 Loss: 0.0286 | 0.07s/step | ETA 00:12m
[Epoch 5] Step 51850/62500 Loss: 0.0273 | 0.07s/step | ETA 00:12m
[Epoch 5] Step 51900/62500 Loss: 0.0300 | 0.07s/step | ETA 00:12m
[Epoch 5] Step 51950/62500 Loss: 0.0290 | 0.07s/step | ETA 00:12m
[Epoch 5] Step 52000/62500 Loss: 0.0278 | 0.07s/step | ETA 00:12m
[Epoch 5] Step 52050/62500 Loss: 0.0267 | 0.07s/step | ETA 00:12m
[Epoch 5] Step 52100/62500 Loss: 0.0255 | 0.07s/step | ETA 00:11m
[Epoch 5] Step 52150/62500 Loss: 0.0263 | 0.07s/step | ETA 00:12m
[Epoch 5] Step 52200/62500 Loss: 0.0257 | 0.07s/step | ETA 00:11m
[Epoch 5] Step 52250/62500 Loss: 0.0263 | 0.07s/step | ETA 00:11m
[Epoch 5] Step 52300/62500 Loss: 0.0277 | 0.07s/step | ETA 00:11m
[Epoch 5] Step 52350/62500 Loss: 0.0264 | 0.07s/step | ETA 00:11m
[Epoch 5] Step 52400/62500 Loss: 0.0283 | 0.07s/step | ETA 00:12m
[Epoch 5] Step 52450/62500 Loss: 0.0270 | 0.07s/step | ETA 00:11m
[Epoch 5] Step 52500/62500 Loss: 0.0281 | 0.07s/step | ETA 00:11m
[Epoch 5] Step 52550/62500 Loss: 0.0268 | 0.07s/step | ETA 00:11m
[Epoch 5] Step 52600/62500 Loss: 0.0261 | 0.07s/step | ETA 00:11m
[Epoch 5] Step 52650/62500 Loss: 0.0253 | 0.07s/step | ETA 00:11m
[Epoch 5] Step 52700/62500 Loss: 0.0254 | 0.07s/step | ETA 00:11m
[Epoch 5] Step 52750/62500 Loss: 0.0260 | 0.07s/step | ETA 00:11m
[Epoch 5] Step 52800/62500 Loss: 0.0267 | 0.07s/step | ETA 00:11m
[Epoch 5] Step 52850/62500 Loss: 0.0268 | 0.07s/step | ETA 00:11m
[Epoch 5] Step 52900/62500 Loss: 0.0258 | 0.07s/step | ETA 00:11m
[Epoch 5] Step 52950/62500 Loss: 0.0261 | 0.07s/step | ETA 00:11m
[Epoch 5] Step 53000/62500 Loss: 0.0261 | 0.07s/step | ETA 00:11m
[Epoch 5] Step 53050/62500 Loss: 0.0263 | 0.07s/step | ETA 00:10m
[Epoch 5] Step 53100/62500 Loss: 0.0252 | 0.07s/step | ETA 00:10m
[Epoch 5] Step 53150/62500 Loss: 0.0262 | 0.07s/step | ETA 00:10m
[Epoch 5] Step 53200/62500 Loss: 0.0261 | 0.07s/step | ETA 00:10m
[Epoch 5] Step 53250/62500 Loss: 0.0268 | 0.07s/step | ETA 00:10m
[Epoch 5] Step 53300/62500 Loss: 0.0289 | 0.07s/step | ETA 00:10m
[Epoch 5] Step 53350/62500 Loss: 0.0278 | 0.07s/step | ETA 00:10m
[Epoch 5] Step 53400/62500 Loss: 0.0254 | 0.07s/step | ETA 00:10m
[Epoch 5] Step 53450/62500 Loss: 0.0255 | 0.07s/step | ETA 00:10m
[Epoch 5] Step 53500/62500 Loss: 0.0258 | 0.07s/step | ETA 00:10m
[Epoch 5] Step 53550/62500 Loss: 0.0254 | 0.07s/step | ETA 00:10m
[Epoch 5] Step 53600/62500 Loss: 0.0263 | 0.07s/step | ETA 00:10m
[Epoch 5] Step 53650/62500 Loss: 0.0263 | 0.07s/step | ETA 00:10m
[Epoch 5] Step 53700/62500 Loss: 0.0261 | 0.07s/step | ETA 00:10m
[Epoch 5] Step 53750/62500 Loss: 0.0258 | 0.07s/step | ETA 00:10m
[Epoch 5] Step 53800/62500 Loss: 0.0271 | 0.07s/step | ETA 00:10m
[Epoch 5] Step 53850/62500 Loss: 0.0254 | 0.07s/step | ETA 00:10m
[Epoch 5] Step 53900/62500 Loss: 0.0259 | 0.07s/step | ETA 00:09m
[Epoch 5] Step 53950/62500 Loss: 0.0263 | 0.07s/step | ETA 00:09m
[Epoch 5] Step 54000/62500 Loss: 0.0267 | 0.07s/step | ETA 00:09m
[Epoch 5] Step 54050/62500 Loss: 0.0251 | 0.07s/step | ETA 00:09m
[Epoch 5] Step 54100/62500 Loss: 0.0263 | 0.07s/step | ETA 00:09m
[Epoch 5] Step 54150/62500 Loss: 0.0261 | 0.07s/step | ETA 00:09m
[Epoch 5] Step 54200/62500 Loss: 0.0280 | 0.07s/step | ETA 00:09m
[Epoch 5] Step 54250/62500 Loss: 0.0265 | 0.07s/step | ETA 00:09m
[Epoch 5] Step 54300/62500 Loss: 0.0268 | 0.07s/step | ETA 00:09m
[Epoch 5] Step 54350/62500 Loss: 0.0283 | 0.07s/step | ETA 00:09m
[Epoch 5] Step 54400/62500 Loss: 0.0279 | 0.07s/step | ETA 00:09m
[Epoch 5] Step 54450/62500 Loss: 0.0272 | 0.07s/step | ETA 00:09m
[Epoch 5] Step 54500/62500 Loss: 0.0268 | 0.07s/step | ETA 00:09m
[Epoch 5] Step 54550/62500 Loss: 0.0265 | 0.07s/step | ETA 00:09m
[Epoch 5] Step 54600/62500 Loss: 0.0269 | 0.07s/step | ETA 00:09m
[Epoch 5] Step 54650/62500 Loss: 0.0267 | 0.07s/step | ETA 00:09m
[Epoch 5] Step 54700/62500 Loss: 0.0266 | 0.07s/step | ETA 00:09m
[Epoch 5] Step 54750/62500 Loss: 0.0264 | 0.07s/step | ETA 00:09m
[Epoch 5] Step 54800/62500 Loss: 0.0273 | 0.07s/step | ETA 00:08m
[Epoch 5] Step 54850/62500 Loss: 0.0271 | 0.07s/step | ETA 00:08m
[Epoch 5] Step 54900/62500 Loss: 0.0269 | 0.07s/step | ETA 00:08m
[Epoch 5] Step 54950/62500 Loss: 0.0252 | 0.07s/step | ETA 00:08m
[Epoch 5] Step 55000/62500 Loss: 0.0266 | 0.07s/step | ETA 00:08m
[Epoch 5] Step 55050/62500 Loss: 0.0278 | 0.07s/step | ETA 00:08m
[Epoch 5] Step 55100/62500 Loss: 0.0285 | 0.07s/step | ETA 00:08m
[Epoch 5] Step 55150/62500 Loss: 0.0280 | 0.07s/step | ETA 00:08m
[Epoch 5] Step 55200/62500 Loss: 0.0277 | 0.07s/step | ETA 00:08m
[Epoch 5] Step 55250/62500 Loss: 0.0263 | 0.07s/step | ETA 00:08m
[Epoch 5] Step 55300/62500 Loss: 0.0270 | 0.07s/step | ETA 00:08m
[Epoch 5] Step 55350/62500 Loss: 0.0281 | 0.07s/step | ETA 00:08m
[Epoch 5] Step 55400/62500 Loss: 0.0281 | 0.07s/step | ETA 00:08m
[Epoch 5] Step 55450/62500 Loss: 0.0265 | 0.07s/step | ETA 00:08m
[Epoch 5] Step 55500/62500 Loss: 0.0262 | 0.07s/step | ETA 00:08m
[Epoch 5] Step 55550/62500 Loss: 0.0264 | 0.07s/step | ETA 00:08m
[Epoch 5] Step 55600/62500 Loss: 0.0293 | 0.07s/step | ETA 00:07m
[Epoch 5] Step 55650/62500 Loss: 0.0264 | 0.07s/step | ETA 00:07m
[Epoch 5] Step 55700/62500 Loss: 0.0261 | 0.07s/step | ETA 00:07m
[Epoch 5] Step 55750/62500 Loss: 0.0257 | 0.07s/step | ETA 00:07m
[Epoch 5] Step 55800/62500 Loss: 0.0268 | 0.07s/step | ETA 00:07m
[Epoch 5] Step 55850/62500 Loss: 0.0257 | 0.07s/step | ETA 00:07m
[Epoch 5] Step 55900/62500 Loss: 0.0265 | 0.07s/step | ETA 00:08m
[Epoch 5] Step 55950/62500 Loss: 0.0268 | 0.07s/step | ETA 00:07m
[Epoch 5] Step 56000/62500 Loss: 0.0264 | 0.07s/step | ETA 00:07m
[Epoch 5] Step 56050/62500 Loss: 0.0260 | 0.07s/step | ETA 00:07m
[Epoch 5] Step 56100/62500 Loss: 0.0275 | 0.07s/step | ETA 00:07m
[Epoch 5] Step 56150/62500 Loss: 0.0268 | 0.07s/step | ETA 00:07m
[Epoch 5] Step 56200/62500 Loss: 0.0270 | 0.07s/step | ETA 00:07m
[Epoch 5] Step 56250/62500 Loss: 0.0266 | 0.07s/step | ETA 00:07m
[Epoch 5] Step 56300/62500 Loss: 0.0265 | 0.07s/step | ETA 00:07m
[Epoch 5] Step 56350/62500 Loss: 0.0271 | 0.07s/step | ETA 00:07m
[Epoch 5] Step 56400/62500 Loss: 0.0257 | 0.07s/step | ETA 00:07m
[Epoch 5] Step 56450/62500 Loss: 0.0268 | 0.07s/step | ETA 00:07m
[Epoch 5] Step 56500/62500 Loss: 0.0264 | 0.07s/step | ETA 00:06m
[Epoch 5] Step 56550/62500 Loss: 0.0270 | 0.07s/step | ETA 00:06m
[Epoch 5] Step 56600/62500 Loss: 0.0282 | 0.07s/step | ETA 00:06m
[Epoch 5] Step 56650/62500 Loss: 0.0280 | 0.07s/step | ETA 00:06m
[Epoch 5] Step 56700/62500 Loss: 0.0280 | 0.07s/step | ETA 00:06m
[Epoch 5] Step 56750/62500 Loss: 0.0283 | 0.07s/step | ETA 00:06m
[Epoch 5] Step 56800/62500 Loss: 0.0270 | 0.07s/step | ETA 00:06m
[Epoch 5] Step 56850/62500 Loss: 0.0269 | 0.07s/step | ETA 00:06m
[Epoch 5] Step 56900/62500 Loss: 0.0270 | 0.07s/step | ETA 00:06m
[Epoch 5] Step 56950/62500 Loss: 0.0265 | 0.07s/step | ETA 00:06m
[Epoch 5] Step 57000/62500 Loss: 0.0270 | 0.07s/step | ETA 00:06m
[Epoch 5] Step 57050/62500 Loss: 0.0271 | 0.07s/step | ETA 00:06m
[Epoch 5] Step 57100/62500 Loss: 0.0280 | 0.07s/step | ETA 00:06m
[Epoch 5] Step 57150/62500 Loss: 0.0269 | 0.07s/step | ETA 00:06m
[Epoch 5] Step 57200/62500 Loss: 0.0252 | 0.07s/step | ETA 00:06m
[Epoch 5] Step 57250/62500 Loss: 0.0266 | 0.07s/step | ETA 00:06m
[Epoch 5] Step 57300/62500 Loss: 0.0278 | 0.07s/step | ETA 00:06m
[Epoch 5] Step 57350/62500 Loss: 0.0267 | 0.07s/step | ETA 00:05m
[Epoch 5] Step 57400/62500 Loss: 0.0261 | 0.07s/step | ETA 00:05m
[Epoch 5] Step 57450/62500 Loss: 0.0261 | 0.07s/step | ETA 00:05m
[Epoch 5] Step 57500/62500 Loss: 0.0281 | 0.07s/step | ETA 00:05m
[Epoch 5] Step 57550/62500 Loss: 0.0256 | 0.07s/step | ETA 00:05m
[Epoch 5] Step 57600/62500 Loss: 0.0265 | 0.07s/step | ETA 00:05m
[Epoch 5] Step 57650/62500 Loss: 0.0267 | 0.07s/step | ETA 00:05m
[Epoch 5] Step 57700/62500 Loss: 0.0270 | 0.07s/step | ETA 00:05m
[Epoch 5] Step 57750/62500 Loss: 0.0253 | 0.07s/step | ETA 00:05m
[Epoch 5] Step 57800/62500 Loss: 0.0257 | 0.07s/step | ETA 00:05m
[Epoch 5] Step 57850/62500 Loss: 0.0249 | 0.07s/step | ETA 00:05m
[Epoch 5] Step 57900/62500 Loss: 0.0260 | 0.07s/step | ETA 00:05m
[Epoch 5] Step 57950/62500 Loss: 0.0271 | 0.07s/step | ETA 00:05m
[Epoch 5] Step 58000/62500 Loss: 0.0267 | 0.07s/step | ETA 00:05m
[Epoch 5] Step 58050/62500 Loss: 0.0269 | 0.07s/step | ETA 00:05m
[Epoch 5] Step 58100/62500 Loss: 0.0261 | 0.07s/step | ETA 00:05m
[Epoch 5] Step 58150/62500 Loss: 0.0265 | 0.07s/step | ETA 00:05m
[Epoch 5] Step 58200/62500 Loss: 0.0254 | 0.07s/step | ETA 00:05m
[Epoch 5] Step 58250/62500 Loss: 0.0268 | 0.07s/step | ETA 00:05m
[Epoch 5] Step 58300/62500 Loss: 0.0256 | 0.07s/step | ETA 00:04m
[Epoch 5] Step 58350/62500 Loss: 0.0255 | 0.07s/step | ETA 00:04m
[Epoch 5] Step 58400/62500 Loss: 0.0260 | 0.07s/step | ETA 00:04m
[Epoch 5] Step 58450/62500 Loss: 0.0265 | 0.07s/step | ETA 00:04m
[Epoch 5] Step 58500/62500 Loss: 0.0271 | 0.07s/step | ETA 00:04m
[Epoch 5] Step 58550/62500 Loss: 0.0269 | 0.07s/step | ETA 00:04m
[Epoch 5] Step 58600/62500 Loss: 0.0260 | 0.07s/step | ETA 00:04m
[Epoch 5] Step 58650/62500 Loss: 0.0255 | 0.07s/step | ETA 00:04m
[Epoch 5] Step 58700/62500 Loss: 0.0259 | 0.07s/step | ETA 00:04m
[Epoch 5] Step 58750/62500 Loss: 0.0246 | 0.07s/step | ETA 00:04m
[Epoch 5] Step 58800/62500 Loss: 0.0264 | 0.07s/step | ETA 00:04m
[Epoch 5] Step 58850/62500 Loss: 0.0276 | 0.07s/step | ETA 00:04m
[Epoch 5] Step 58900/62500 Loss: 0.0280 | 0.07s/step | ETA 00:04m
[Epoch 5] Step 58950/62500 Loss: 0.0285 | 0.07s/step | ETA 00:04m
[Epoch 5] Step 59000/62500 Loss: 0.0268 | 0.07s/step | ETA 00:04m
[Epoch 5] Step 59050/62500 Loss: 0.0266 | 0.07s/step | ETA 00:03m
[Epoch 5] Step 59100/62500 Loss: 0.0265 | 0.07s/step | ETA 00:03m
[Epoch 5] Step 59150/62500 Loss: 0.0252 | 0.07s/step | ETA 00:03m
[Epoch 5] Step 59200/62500 Loss: 0.0260 | 0.07s/step | ETA 00:03m
[Epoch 5] Step 59250/62500 Loss: 0.0247 | 0.07s/step | ETA 00:03m
[Epoch 5] Step 59300/62500 Loss: 0.0254 | 0.07s/step | ETA 00:03m
[Epoch 5] Step 59350/62500 Loss: 0.0265 | 0.07s/step | ETA 00:03m
[Epoch 5] Step 59400/62500 Loss: 0.0242 | 0.07s/step | ETA 00:03m
[Epoch 5] Step 59450/62500 Loss: 0.0249 | 0.07s/step | ETA 00:03m
[Epoch 5] Step 59500/62500 Loss: 0.0258 | 0.07s/step | ETA 00:03m
[Epoch 5] Step 59550/62500 Loss: 0.0271 | 0.07s/step | ETA 00:03m
[Epoch 5] Step 59600/62500 Loss: 0.0254 | 0.07s/step | ETA 00:03m
[Epoch 5] Step 59650/62500 Loss: 0.0258 | 0.07s/step | ETA 00:03m
[Epoch 5] Step 59700/62500 Loss: 0.0268 | 0.07s/step | ETA 00:03m
[Epoch 5] Step 59750/62500 Loss: 0.0289 | 0.07s/step | ETA 00:03m
[Epoch 5] Step 59800/62500 Loss: 0.0271 | 0.07s/step | ETA 00:03m
[Epoch 5] Step 59850/62500 Loss: 0.0256 | 0.07s/step | ETA 00:03m
[Epoch 5] Step 59900/62500 Loss: 0.0274 | 0.07s/step | ETA 00:03m
[Epoch 5] Step 59950/62500 Loss: 0.0262 | 0.07s/step | ETA 00:02m
[Epoch 5] Step 60000/62500 Loss: 0.0264 | 0.07s/step | ETA 00:02m
[Epoch 5] Step 60050/62500 Loss: 0.0253 | 0.07s/step | ETA 00:02m
[Epoch 5] Step 60100/62500 Loss: 0.0280 | 0.07s/step | ETA 00:02m
[Epoch 5] Step 60150/62500 Loss: 0.0274 | 0.07s/step | ETA 00:02m
[Epoch 5] Step 60200/62500 Loss: 0.0266 | 0.07s/step | ETA 00:02m
[Epoch 5] Step 60250/62500 Loss: 0.0270 | 0.07s/step | ETA 00:02m
[Epoch 5] Step 60300/62500 Loss: 0.0267 | 0.07s/step | ETA 00:02m
[Epoch 5] Step 60350/62500 Loss: 0.0269 | 0.07s/step | ETA 00:02m
[Epoch 5] Step 60400/62500 Loss: 0.0263 | 0.07s/step | ETA 00:02m
[Epoch 5] Step 60450/62500 Loss: 0.0280 | 0.07s/step | ETA 00:02m
[Epoch 5] Step 60500/62500 Loss: 0.0304 | 0.07s/step | ETA 00:02m
[Epoch 5] Step 60550/62500 Loss: 0.0270 | 0.07s/step | ETA 00:02m
[Epoch 5] Step 60600/62500 Loss: 0.0273 | 0.07s/step | ETA 00:02m
[Epoch 5] Step 60650/62500 Loss: 0.0276 | 0.07s/step | ETA 00:02m
[Epoch 5] Step 60700/62500 Loss: 0.0266 | 0.07s/step | ETA 00:02m
[Epoch 5] Step 60750/62500 Loss: 0.0274 | 0.07s/step | ETA 00:02m
[Epoch 5] Step 60800/62500 Loss: 0.0269 | 0.07s/step | ETA 00:01m
[Epoch 5] Step 60850/62500 Loss: 0.0255 | 0.07s/step | ETA 00:01m
[Epoch 5] Step 60900/62500 Loss: 0.0267 | 0.07s/step | ETA 00:01m
[Epoch 5] Step 60950/62500 Loss: 0.0258 | 0.07s/step | ETA 00:01m
[Epoch 5] Step 61000/62500 Loss: 0.0268 | 0.07s/step | ETA 00:01m
[Epoch 5] Step 61050/62500 Loss: 0.0268 | 0.07s/step | ETA 00:01m
[Epoch 5] Step 61100/62500 Loss: 0.0257 | 0.07s/step | ETA 00:01m
[Epoch 5] Step 61150/62500 Loss: 0.0264 | 0.07s/step | ETA 00:01m
[Epoch 5] Step 61200/62500 Loss: 0.0258 | 0.07s/step | ETA 00:01m
[Epoch 5] Step 61250/62500 Loss: 0.0264 | 0.07s/step | ETA 00:01m
[Epoch 5] Step 61300/62500 Loss: 0.0253 | 0.07s/step | ETA 00:01m
[Epoch 5] Step 61350/62500 Loss: 0.0262 | 0.07s/step | ETA 00:01m
[Epoch 5] Step 61400/62500 Loss: 0.0266 | 0.07s/step | ETA 00:01m
[Epoch 5] Step 61450/62500 Loss: 0.0249 | 0.07s/step | ETA 00:01m
[Epoch 5] Step 61500/62500 Loss: 0.0246 | 0.07s/step | ETA 00:01m
[Epoch 5] Step 61550/62500 Loss: 0.0259 | 0.07s/step | ETA 00:01m
[Epoch 5] Step 61600/62500 Loss: 0.0275 | 0.07s/step | ETA 00:01m
[Epoch 5] Step 61650/62500 Loss: 0.0258 | 0.07s/step | ETA 00:00m
[Epoch 5] Step 61700/62500 Loss: 0.0275 | 0.07s/step | ETA 00:00m
[Epoch 5] Step 61750/62500 Loss: 0.0302 | 0.07s/step | ETA 00:00m
[Epoch 5] Step 61800/62500 Loss: 0.0281 | 0.07s/step | ETA 00:00m
[Epoch 5] Step 61850/62500 Loss: 0.0255 | 0.07s/step | ETA 00:00m
[Epoch 5] Step 61900/62500 Loss: 0.0263 | 0.07s/step | ETA 00:00m
[Epoch 5] Step 61950/62500 Loss: 0.0267 | 0.07s/step | ETA 00:00m
[Epoch 5] Step 62000/62500 Loss: 0.0262 | 0.07s/step | ETA 00:00m
[Epoch 5] Step 62050/62500 Loss: 0.0252 | 0.07s/step | ETA 00:00m
[Epoch 5] Step 62100/62500 Loss: 0.0257 | 0.07s/step | ETA 00:00m
[Epoch 5] Step 62150/62500 Loss: 0.0264 | 0.07s/step | ETA 00:00m
[Epoch 5] Step 62200/62500 Loss: 0.0252 | 0.07s/step | ETA 00:00m
[Epoch 5] Step 62250/62500 Loss: 0.0259 | 0.07s/step | ETA 00:00m
[Epoch 5] Step 62300/62500 Loss: 0.0250 | 0.07s/step | ETA 00:00m
[Epoch 5] Step 62350/62500 Loss: 0.0293 | 0.07s/step | ETA 00:00m
[Epoch 5] Step 62400/62500 Loss: 0.0284 | 0.07s/step | ETA 00:00m
[Epoch 5] Step 62450/62500 Loss: 0.0270 | 0.07s/step | ETA 00:00m
[Epoch 5] Step 62500/62500 Loss: 0.0261 | 0.07s/step | ETA 00:00m
[Epoch 5] ValLoss: 0.0774 | Acc: 0.9812 | mIoU: 0.4040 | 76.5 min
[Checkpoint] Saved to /home/channagiri.b/SmallData_Project/Output_Sanity/segformer_b2_best.pth
[Checkpoint] Saved to /home/channagiri.b/SmallData_Project/Output_Sanity/segformer_b2_epoch_5.pth
[Training Complete]
