[Device] Using cuda
[SURREAL] Scanning: /home/channagiri.b/SmallData_Project/Dataset/SURREAL/data/cmu/train
[SURREAL] [train] Total samples indexed: 50000
[SURREAL] Scanning: /home/channagiri.b/SmallData_Project/Dataset/SURREAL/data/cmu/val
[SURREAL] [val] Total samples indexed: 5000
[Epoch 1] Step 50/6250 Loss: 1.2794 | 0.13s/step | ETA 00:13m
[Epoch 1] Step 100/6250 Loss: 0.2367 | 0.06s/step | ETA 00:06m
[Epoch 1] Step 150/6250 Loss: 0.1699 | 0.06s/step | ETA 00:06m
[Epoch 1] Step 200/6250 Loss: 0.1483 | 0.06s/step | ETA 00:06m
[Epoch 1] Step 250/6250 Loss: 0.1291 | 0.06s/step | ETA 00:06m
[Epoch 1] Step 300/6250 Loss: 0.1184 | 0.06s/step | ETA 00:06m
[Epoch 1] Step 350/6250 Loss: 0.1083 | 0.06s/step | ETA 00:05m
[Epoch 1] Step 400/6250 Loss: 0.1006 | 0.06s/step | ETA 00:05m
[Epoch 1] Step 450/6250 Loss: 0.0964 | 0.06s/step | ETA 00:05m
[Epoch 1] Step 500/6250 Loss: 0.0938 | 0.06s/step | ETA 00:05m
[Epoch 1] Step 550/6250 Loss: 0.0950 | 0.06s/step | ETA 00:05m
[Epoch 1] Step 600/6250 Loss: 0.0865 | 0.06s/step | ETA 00:05m
[Epoch 1] Step 650/6250 Loss: 0.0877 | 0.06s/step | ETA 00:05m
[Epoch 1] Step 700/6250 Loss: 0.0842 | 0.06s/step | ETA 00:05m
[Epoch 1] Step 750/6250 Loss: 0.0939 | 0.06s/step | ETA 00:05m
[Epoch 1] Step 800/6250 Loss: 0.0842 | 0.06s/step | ETA 00:05m
[Epoch 1] Step 850/6250 Loss: 0.0825 | 0.06s/step | ETA 00:05m
[Epoch 1] Step 900/6250 Loss: 0.0821 | 0.06s/step | ETA 00:05m
[Epoch 1] Step 950/6250 Loss: 0.0771 | 0.06s/step | ETA 00:05m
[Epoch 1] Step 1000/6250 Loss: 0.0759 | 0.06s/step | ETA 00:05m
[Epoch 1] Step 1050/6250 Loss: 0.0754 | 0.06s/step | ETA 00:05m
[Epoch 1] Step 1100/6250 Loss: 0.0751 | 0.07s/step | ETA 00:05m
[Epoch 1] Step 1150/6250 Loss: 0.0726 | 0.06s/step | ETA 00:05m
[Epoch 1] Step 1200/6250 Loss: 0.0711 | 0.06s/step | ETA 00:05m
[Epoch 1] Step 1250/6250 Loss: 0.0703 | 0.06s/step | ETA 00:05m
[Epoch 1] Step 1300/6250 Loss: 0.0687 | 0.06s/step | ETA 00:05m
[Epoch 1] Step 1350/6250 Loss: 0.0690 | 0.06s/step | ETA 00:04m
[Epoch 1] Step 1400/6250 Loss: 0.0698 | 0.06s/step | ETA 00:04m
[Epoch 1] Step 1450/6250 Loss: 0.0695 | 0.06s/step | ETA 00:04m
[Epoch 1] Step 1500/6250 Loss: 0.0693 | 0.06s/step | ETA 00:04m
[Epoch 1] Step 1550/6250 Loss: 0.0696 | 0.06s/step | ETA 00:04m
[Epoch 1] Step 1600/6250 Loss: 0.0665 | 0.06s/step | ETA 00:04m
[Epoch 1] Step 1650/6250 Loss: 0.0691 | 0.06s/step | ETA 00:04m
[Epoch 1] Step 1700/6250 Loss: 0.0679 | 0.06s/step | ETA 00:04m
[Epoch 1] Step 1750/6250 Loss: 0.0668 | 0.06s/step | ETA 00:04m
[Epoch 1] Step 1800/6250 Loss: 0.0671 | 0.06s/step | ETA 00:04m
[Epoch 1] Step 1850/6250 Loss: 0.0651 | 0.06s/step | ETA 00:04m
[Epoch 1] Step 1900/6250 Loss: 0.0660 | 0.06s/step | ETA 00:04m
[Epoch 1] Step 1950/6250 Loss: 0.0640 | 0.06s/step | ETA 00:04m
[Epoch 1] Step 2000/6250 Loss: 0.0617 | 0.06s/step | ETA 00:04m
[Epoch 1] Step 2050/6250 Loss: 0.0625 | 0.06s/step | ETA 00:04m
[Epoch 1] Step 2100/6250 Loss: 0.0626 | 0.06s/step | ETA 00:04m
[Epoch 1] Step 2150/6250 Loss: 0.0610 | 0.06s/step | ETA 00:04m
[Epoch 1] Step 2200/6250 Loss: 0.0596 | 0.06s/step | ETA 00:04m
[Epoch 1] Step 2250/6250 Loss: 0.0633 | 0.06s/step | ETA 00:04m
[Epoch 1] Step 2300/6250 Loss: 0.0624 | 0.06s/step | ETA 00:03m
[Epoch 1] Step 2350/6250 Loss: 0.0613 | 0.06s/step | ETA 00:03m
[Epoch 1] Step 2400/6250 Loss: 0.0605 | 0.06s/step | ETA 00:03m
[Epoch 1] Step 2450/6250 Loss: 0.0642 | 0.06s/step | ETA 00:03m
[Epoch 1] Step 2500/6250 Loss: 0.0618 | 0.06s/step | ETA 00:03m
[Epoch 1] Step 2550/6250 Loss: 0.0622 | 0.06s/step | ETA 00:03m
[Epoch 1] Step 2600/6250 Loss: 0.0589 | 0.06s/step | ETA 00:03m
[Epoch 1] Step 2650/6250 Loss: 0.0620 | 0.06s/step | ETA 00:03m
[Epoch 1] Step 2700/6250 Loss: 0.0589 | 0.06s/step | ETA 00:03m
[Epoch 1] Step 2750/6250 Loss: 0.0597 | 0.06s/step | ETA 00:03m
[Epoch 1] Step 2800/6250 Loss: 0.0585 | 0.06s/step | ETA 00:03m
[Epoch 1] Step 2850/6250 Loss: 0.0586 | 0.06s/step | ETA 00:03m
[Epoch 1] Step 2900/6250 Loss: 0.0594 | 0.06s/step | ETA 00:03m
[Epoch 1] Step 2950/6250 Loss: 0.0574 | 0.06s/step | ETA 00:03m
[Epoch 1] Step 3000/6250 Loss: 0.0560 | 0.06s/step | ETA 00:03m
[Epoch 1] Step 3050/6250 Loss: 0.0593 | 0.06s/step | ETA 00:03m
[Epoch 1] Step 3100/6250 Loss: 0.0577 | 0.06s/step | ETA 00:03m
[Epoch 1] Step 3150/6250 Loss: 0.0563 | 0.06s/step | ETA 00:03m
[Epoch 1] Step 3200/6250 Loss: 0.0565 | 0.06s/step | ETA 00:03m
[Epoch 1] Step 3250/6250 Loss: 0.0565 | 0.06s/step | ETA 00:03m
[Epoch 1] Step 3300/6250 Loss: 0.0559 | 0.06s/step | ETA 00:02m
[Epoch 1] Step 3350/6250 Loss: 0.0572 | 0.06s/step | ETA 00:02m
[Epoch 1] Step 3400/6250 Loss: 0.0584 | 0.06s/step | ETA 00:03m
[Epoch 1] Step 3450/6250 Loss: 0.0553 | 0.06s/step | ETA 00:02m
[Epoch 1] Step 3500/6250 Loss: 0.0574 | 0.06s/step | ETA 00:02m
[Epoch 1] Step 3550/6250 Loss: 0.0581 | 0.06s/step | ETA 00:02m
[Epoch 1] Step 3600/6250 Loss: 0.0550 | 0.06s/step | ETA 00:02m
[Epoch 1] Step 3650/6250 Loss: 0.0546 | 0.06s/step | ETA 00:02m
[Epoch 1] Step 3700/6250 Loss: 0.0551 | 0.06s/step | ETA 00:02m
[Epoch 1] Step 3750/6250 Loss: 0.0535 | 0.06s/step | ETA 00:02m
[Epoch 1] Step 3800/6250 Loss: 0.0539 | 0.06s/step | ETA 00:02m
[Epoch 1] Step 3850/6250 Loss: 0.0541 | 0.06s/step | ETA 00:02m
[Epoch 1] Step 3900/6250 Loss: 0.0515 | 0.06s/step | ETA 00:02m
[Epoch 1] Step 3950/6250 Loss: 0.0518 | 0.06s/step | ETA 00:02m
[Epoch 1] Step 4000/6250 Loss: 0.0516 | 0.06s/step | ETA 00:02m
[Epoch 1] Step 4050/6250 Loss: 0.0524 | 0.06s/step | ETA 00:02m
[Epoch 1] Step 4100/6250 Loss: 0.0535 | 0.06s/step | ETA 00:02m
[Epoch 1] Step 4150/6250 Loss: 0.0537 | 0.06s/step | ETA 00:02m
[Epoch 1] Step 4200/6250 Loss: 0.0519 | 0.06s/step | ETA 00:02m
[Epoch 1] Step 4250/6250 Loss: 0.0523 | 0.06s/step | ETA 00:02m
[Epoch 1] Step 4300/6250 Loss: 0.0536 | 0.06s/step | ETA 00:01m
[Epoch 1] Step 4350/6250 Loss: 0.0503 | 0.06s/step | ETA 00:01m
[Epoch 1] Step 4400/6250 Loss: 0.0529 | 0.06s/step | ETA 00:01m
[Epoch 1] Step 4450/6250 Loss: 0.0524 | 0.06s/step | ETA 00:01m
[Epoch 1] Step 4500/6250 Loss: 0.0497 | 0.06s/step | ETA 00:01m
[Epoch 1] Step 4550/6250 Loss: 0.0500 | 0.06s/step | ETA 00:01m
[Epoch 1] Step 4600/6250 Loss: 0.0530 | 0.06s/step | ETA 00:01m
[Epoch 1] Step 4650/6250 Loss: 0.0500 | 0.06s/step | ETA 00:01m
[Epoch 1] Step 4700/6250 Loss: 0.0506 | 0.06s/step | ETA 00:01m
[Epoch 1] Step 4750/6250 Loss: 0.0524 | 0.06s/step | ETA 00:01m
[Epoch 1] Step 4800/6250 Loss: 0.0506 | 0.06s/step | ETA 00:01m
[Epoch 1] Step 4850/6250 Loss: 0.0490 | 0.06s/step | ETA 00:01m
[Epoch 1] Step 4900/6250 Loss: 0.0476 | 0.06s/step | ETA 00:01m
[Epoch 1] Step 4950/6250 Loss: 0.0474 | 0.06s/step | ETA 00:01m
[Epoch 1] Step 5000/6250 Loss: 0.0491 | 0.06s/step | ETA 00:01m
[Epoch 1] Step 5050/6250 Loss: 0.0470 | 0.06s/step | ETA 00:01m
[Epoch 1] Step 5100/6250 Loss: 0.0465 | 0.06s/step | ETA 00:01m
[Epoch 1] Step 5150/6250 Loss: 0.0461 | 0.06s/step | ETA 00:01m
[Epoch 1] Step 5200/6250 Loss: 0.0468 | 0.06s/step | ETA 00:01m
[Epoch 1] Step 5250/6250 Loss: 0.0442 | 0.06s/step | ETA 00:01m
[Epoch 1] Step 5300/6250 Loss: 0.0455 | 0.06s/step | ETA 00:00m
[Epoch 1] Step 5350/6250 Loss: 0.0466 | 0.06s/step | ETA 00:00m
[Epoch 1] Step 5400/6250 Loss: 0.0471 | 0.06s/step | ETA 00:00m
[Epoch 1] Step 5450/6250 Loss: 0.0458 | 0.06s/step | ETA 00:00m
[Epoch 1] Step 5500/6250 Loss: 0.0458 | 0.06s/step | ETA 00:00m
[Epoch 1] Step 5550/6250 Loss: 0.0456 | 0.06s/step | ETA 00:00m
[Epoch 1] Step 5600/6250 Loss: 0.0453 | 0.06s/step | ETA 00:00m
[Epoch 1] Step 5650/6250 Loss: 0.0448 | 0.06s/step | ETA 00:00m
[Epoch 1] Step 5700/6250 Loss: 0.0442 | 0.06s/step | ETA 00:00m
[Epoch 1] Step 5750/6250 Loss: 0.0444 | 0.06s/step | ETA 00:00m
[Epoch 1] Step 5800/6250 Loss: 0.0461 | 0.06s/step | ETA 00:00m
[Epoch 1] Step 5850/6250 Loss: 0.0444 | 0.06s/step | ETA 00:00m
[Epoch 1] Step 5900/6250 Loss: 0.0414 | 0.06s/step | ETA 00:00m
[Epoch 1] Step 5950/6250 Loss: 0.0451 | 0.06s/step | ETA 00:00m
[Epoch 1] Step 6000/6250 Loss: 0.0441 | 0.06s/step | ETA 00:00m
[Epoch 1] Step 6050/6250 Loss: 0.0422 | 0.06s/step | ETA 00:00m
[Epoch 1] Step 6100/6250 Loss: 0.0431 | 0.06s/step | ETA 00:00m
[Epoch 1] Step 6150/6250 Loss: 0.0431 | 0.06s/step | ETA 00:00m
[Epoch 1] Step 6200/6250 Loss: 0.0435 | 0.06s/step | ETA 00:00m
[Epoch 1] Step 6250/6250 Loss: 0.0431 | 0.06s/step | ETA 00:00m
[Epoch 1] ValLoss: 0.0715 | Acc: 0.9758 | mIoU: 0.2920 | 6.9 min
[Checkpoint] Saved to /home/channagiri.b/SmallData_Project/Output_Sanity/segformer_b2_best.pth
[Checkpoint] Saved to /home/channagiri.b/SmallData_Project/Output_Sanity/segformer_b2_epoch_1.pth
[Training Complete]
