[Device] Using cuda
[SURREAL] Scanning: /home/channagiri.b/SmallData_Project/Dataset/SURREAL/data/cmu/train
[SURREAL] [train] Total samples indexed: 200000
[SURREAL] Scanning: /home/channagiri.b/SmallData_Project/Dataset/SURREAL/data/cmu/val
[SURREAL] [val] Total samples indexed: 20000
[Resume] Loaded from /home/channagiri.b/SmallData_Project/Output_Sanity/segformer_b2_epoch_2.pth (epoch 2)
[Epoch 3] Step 50/25000 Loss: 0.0605 | 0.14s/step | ETA 00:56m
[Epoch 3] Step 100/25000 Loss: 0.0677 | 0.07s/step | ETA 00:30m
[Epoch 3] Step 150/25000 Loss: 0.0591 | 0.07s/step | ETA 00:30m
[Epoch 3] Step 200/25000 Loss: 0.0538 | 0.07s/step | ETA 00:29m
[Epoch 3] Step 250/25000 Loss: 0.0537 | 0.07s/step | ETA 00:30m
[Epoch 3] Step 300/25000 Loss: 0.0526 | 0.07s/step | ETA 00:30m
[Epoch 3] Step 350/25000 Loss: 0.0509 | 0.07s/step | ETA 00:29m
[Epoch 3] Step 400/25000 Loss: 0.0514 | 0.07s/step | ETA 00:29m
[Epoch 3] Step 450/25000 Loss: 0.0582 | 0.07s/step | ETA 00:29m
[Epoch 3] Step 500/25000 Loss: 0.0523 | 0.07s/step | ETA 00:29m
[Epoch 3] Step 550/25000 Loss: 0.0513 | 0.07s/step | ETA 00:29m
[Epoch 3] Step 600/25000 Loss: 0.0507 | 0.07s/step | ETA 00:29m
[Epoch 3] Step 650/25000 Loss: 0.0495 | 0.07s/step | ETA 00:29m
[Epoch 3] Step 700/25000 Loss: 0.0485 | 0.07s/step | ETA 00:28m
[Epoch 3] Step 750/25000 Loss: 0.0492 | 0.07s/step | ETA 00:29m
[Epoch 3] Step 800/25000 Loss: 0.0468 | 0.07s/step | ETA 00:28m
[Epoch 3] Step 850/25000 Loss: 0.0485 | 0.07s/step | ETA 00:28m
[Epoch 3] Step 900/25000 Loss: 0.0490 | 0.08s/step | ETA 00:30m
[Epoch 3] Step 950/25000 Loss: 0.0459 | 0.07s/step | ETA 00:28m
[Epoch 3] Step 1000/25000 Loss: 0.0470 | 0.07s/step | ETA 00:28m
[Epoch 3] Step 1050/25000 Loss: 0.0489 | 0.07s/step | ETA 00:29m
[Epoch 3] Step 1100/25000 Loss: 0.0466 | 0.07s/step | ETA 00:28m
[Epoch 3] Step 1150/25000 Loss: 0.0456 | 0.07s/step | ETA 00:29m
[Epoch 3] Step 1200/25000 Loss: 0.0495 | 0.07s/step | ETA 00:28m
[Epoch 3] Step 1250/25000 Loss: 0.0462 | 0.07s/step | ETA 00:28m
[Epoch 3] Step 1300/25000 Loss: 0.0485 | 0.07s/step | ETA 00:28m
[Epoch 3] Step 1350/25000 Loss: 0.0441 | 0.07s/step | ETA 00:28m
[Epoch 3] Step 1400/25000 Loss: 0.0449 | 0.07s/step | ETA 00:28m
[Epoch 3] Step 1450/25000 Loss: 0.0449 | 0.07s/step | ETA 00:28m
[Epoch 3] Step 1500/25000 Loss: 0.0479 | 0.07s/step | ETA 00:28m
[Epoch 3] Step 1550/25000 Loss: 0.0468 | 0.07s/step | ETA 00:28m
[Epoch 3] Step 1600/25000 Loss: 0.0455 | 0.07s/step | ETA 00:27m
[Epoch 3] Step 1650/25000 Loss: 0.0470 | 0.07s/step | ETA 00:28m
[Epoch 3] Step 1700/25000 Loss: 0.0461 | 0.07s/step | ETA 00:28m
[Epoch 3] Step 1750/25000 Loss: 0.0469 | 0.07s/step | ETA 00:27m
[Epoch 3] Step 1800/25000 Loss: 0.0460 | 0.07s/step | ETA 00:27m
[Epoch 3] Step 1850/25000 Loss: 0.0506 | 0.07s/step | ETA 00:27m
[Epoch 3] Step 1900/25000 Loss: 0.0490 | 0.07s/step | ETA 00:27m
[Epoch 3] Step 1950/25000 Loss: 0.0445 | 0.07s/step | ETA 00:27m
[Epoch 3] Step 2000/25000 Loss: 0.0461 | 0.07s/step | ETA 00:28m
[Epoch 3] Step 2050/25000 Loss: 0.0467 | 0.07s/step | ETA 00:27m
[Epoch 3] Step 2100/25000 Loss: 0.0449 | 0.08s/step | ETA 00:28m
[Epoch 3] Step 2150/25000 Loss: 0.0454 | 0.07s/step | ETA 00:27m
[Epoch 3] Step 2200/25000 Loss: 0.0457 | 0.07s/step | ETA 00:27m
[Epoch 3] Step 2250/25000 Loss: 0.0453 | 0.07s/step | ETA 00:27m
[Epoch 3] Step 2300/25000 Loss: 0.0434 | 0.07s/step | ETA 00:27m
[Epoch 3] Step 2350/25000 Loss: 0.0440 | 0.07s/step | ETA 00:27m
[Epoch 3] Step 2400/25000 Loss: 0.0477 | 0.07s/step | ETA 00:27m
[Epoch 3] Step 2450/25000 Loss: 0.0458 | 0.07s/step | ETA 00:27m
[Epoch 3] Step 2500/25000 Loss: 0.0448 | 0.07s/step | ETA 00:27m
[Epoch 3] Step 2550/25000 Loss: 0.0446 | 0.07s/step | ETA 00:27m
[Epoch 3] Step 2600/25000 Loss: 0.0461 | 0.07s/step | ETA 00:27m
[Epoch 3] Step 2650/25000 Loss: 0.0466 | 0.07s/step | ETA 00:26m
[Epoch 3] Step 2700/25000 Loss: 0.0435 | 0.07s/step | ETA 00:27m
[Epoch 3] Step 2750/25000 Loss: 0.0435 | 0.07s/step | ETA 00:27m
[Epoch 3] Step 2800/25000 Loss: 0.0407 | 0.07s/step | ETA 00:26m
[Epoch 3] Step 2850/25000 Loss: 0.0426 | 0.07s/step | ETA 00:26m
[Epoch 3] Step 2900/25000 Loss: 0.0443 | 0.07s/step | ETA 00:26m
[Epoch 3] Step 2950/25000 Loss: 0.0454 | 0.07s/step | ETA 00:26m
[Epoch 3] Step 3000/25000 Loss: 0.0437 | 0.07s/step | ETA 00:26m
[Epoch 3] Step 3050/25000 Loss: 0.0441 | 0.07s/step | ETA 00:26m
[Epoch 3] Step 3100/25000 Loss: 0.0430 | 0.07s/step | ETA 00:26m
[Epoch 3] Step 3150/25000 Loss: 0.0409 | 0.07s/step | ETA 00:26m
[Epoch 3] Step 3200/25000 Loss: 0.0412 | 0.07s/step | ETA 00:26m
[Epoch 3] Step 3250/25000 Loss: 0.0411 | 0.08s/step | ETA 00:27m
[Epoch 3] Step 3300/25000 Loss: 0.0435 | 0.07s/step | ETA 00:26m
[Epoch 3] Step 3350/25000 Loss: 0.0428 | 0.07s/step | ETA 00:25m
[Epoch 3] Step 3400/25000 Loss: 0.0450 | 0.07s/step | ETA 00:26m
[Epoch 3] Step 3450/25000 Loss: 0.0407 | 0.07s/step | ETA 00:25m
[Epoch 3] Step 3500/25000 Loss: 0.0423 | 0.07s/step | ETA 00:26m
[Epoch 3] Step 3550/25000 Loss: 0.0421 | 0.07s/step | ETA 00:25m
[Epoch 3] Step 3600/25000 Loss: 0.0433 | 0.07s/step | ETA 00:25m
[Epoch 3] Step 3650/25000 Loss: 0.0428 | 0.07s/step | ETA 00:25m
[Epoch 3] Step 3700/25000 Loss: 0.0416 | 0.07s/step | ETA 00:25m
[Epoch 3] Step 3750/25000 Loss: 0.0404 | 0.07s/step | ETA 00:25m
[Epoch 3] Step 3800/25000 Loss: 0.0397 | 0.07s/step | ETA 00:25m
[Epoch 3] Step 3850/25000 Loss: 0.0417 | 0.07s/step | ETA 00:25m
[Epoch 3] Step 3900/25000 Loss: 0.0407 | 0.07s/step | ETA 00:25m
[Epoch 3] Step 3950/25000 Loss: 0.0428 | 0.07s/step | ETA 00:25m
[Epoch 3] Step 4000/25000 Loss: 0.0400 | 0.07s/step | ETA 00:25m
[Epoch 3] Step 4050/25000 Loss: 0.0416 | 0.07s/step | ETA 00:25m
[Epoch 3] Step 4100/25000 Loss: 0.0402 | 0.07s/step | ETA 00:24m
[Epoch 3] Step 4150/25000 Loss: 0.0435 | 0.07s/step | ETA 00:25m
[Epoch 3] Step 4200/25000 Loss: 0.0408 | 0.07s/step | ETA 00:25m
[Epoch 3] Step 4250/25000 Loss: 0.0411 | 0.07s/step | ETA 00:24m
[Epoch 3] Step 4300/25000 Loss: 0.0394 | 0.07s/step | ETA 00:24m
[Epoch 3] Step 4350/25000 Loss: 0.0431 | 0.07s/step | ETA 00:24m
[Epoch 3] Step 4400/25000 Loss: 0.0445 | 0.08s/step | ETA 00:25m
[Epoch 3] Step 4450/25000 Loss: 0.0419 | 0.07s/step | ETA 00:24m
[Epoch 3] Step 4500/25000 Loss: 0.0429 | 0.07s/step | ETA 00:24m
[Epoch 3] Step 4550/25000 Loss: 0.0407 | 0.07s/step | ETA 00:24m
[Epoch 3] Step 4600/25000 Loss: 0.0409 | 0.07s/step | ETA 00:24m
[Epoch 3] Step 4650/25000 Loss: 0.0387 | 0.07s/step | ETA 00:24m
[Epoch 3] Step 4700/25000 Loss: 0.0401 | 0.07s/step | ETA 00:24m
[Epoch 3] Step 4750/25000 Loss: 0.0394 | 0.07s/step | ETA 00:24m
[Epoch 3] Step 4800/25000 Loss: 0.0436 | 0.07s/step | ETA 00:24m
[Epoch 3] Step 4850/25000 Loss: 0.0413 | 0.07s/step | ETA 00:24m
[Epoch 3] Step 4900/25000 Loss: 0.0405 | 0.07s/step | ETA 00:24m
[Epoch 3] Step 4950/25000 Loss: 0.0421 | 0.07s/step | ETA 00:23m
[Epoch 3] Step 5000/25000 Loss: 0.0392 | 0.07s/step | ETA 00:23m
[Epoch 3] Step 5050/25000 Loss: 0.0402 | 0.07s/step | ETA 00:23m
[Epoch 3] Step 5100/25000 Loss: 0.0388 | 0.07s/step | ETA 00:23m
[Epoch 3] Step 5150/25000 Loss: 0.0403 | 0.07s/step | ETA 00:24m
[Epoch 3] Step 5200/25000 Loss: 0.0410 | 0.07s/step | ETA 00:23m
[Epoch 3] Step 5250/25000 Loss: 0.0405 | 0.07s/step | ETA 00:23m
[Epoch 3] Step 5300/25000 Loss: 0.0402 | 0.07s/step | ETA 00:23m
[Epoch 3] Step 5350/25000 Loss: 0.0390 | 0.07s/step | ETA 00:23m
[Epoch 3] Step 5400/25000 Loss: 0.0413 | 0.07s/step | ETA 00:23m
[Epoch 3] Step 5450/25000 Loss: 0.0404 | 0.07s/step | ETA 00:23m
[Epoch 3] Step 5500/25000 Loss: 0.0425 | 0.07s/step | ETA 00:23m
[Epoch 3] Step 5550/25000 Loss: 0.0413 | 0.07s/step | ETA 00:23m
[Epoch 3] Step 5600/25000 Loss: 0.0422 | 0.08s/step | ETA 00:24m
[Epoch 3] Step 5650/25000 Loss: 0.0437 | 0.07s/step | ETA 00:23m
[Epoch 3] Step 5700/25000 Loss: 0.0415 | 0.07s/step | ETA 00:23m
[Epoch 3] Step 5750/25000 Loss: 0.0412 | 0.07s/step | ETA 00:23m
[Epoch 3] Step 5800/25000 Loss: 0.0406 | 0.07s/step | ETA 00:22m
[Epoch 3] Step 5850/25000 Loss: 0.0407 | 0.07s/step | ETA 00:23m
[Epoch 3] Step 5900/25000 Loss: 0.0390 | 0.07s/step | ETA 00:22m
[Epoch 3] Step 5950/25000 Loss: 0.0406 | 0.07s/step | ETA 00:23m
[Epoch 3] Step 6000/25000 Loss: 0.0405 | 0.07s/step | ETA 00:22m
[Epoch 3] Step 6050/25000 Loss: 0.0389 | 0.07s/step | ETA 00:22m
[Epoch 3] Step 6100/25000 Loss: 0.0389 | 0.07s/step | ETA 00:22m
[Epoch 3] Step 6150/25000 Loss: 0.0400 | 0.07s/step | ETA 00:22m
[Epoch 3] Step 6200/25000 Loss: 0.0392 | 0.07s/step | ETA 00:22m
[Epoch 3] Step 6250/25000 Loss: 0.0399 | 0.07s/step | ETA 00:22m
[Epoch 3] Step 6300/25000 Loss: 0.0388 | 0.07s/step | ETA 00:22m
[Epoch 3] Step 6350/25000 Loss: 0.0389 | 0.07s/step | ETA 00:22m
[Epoch 3] Step 6400/25000 Loss: 0.0393 | 0.07s/step | ETA 00:22m
[Epoch 3] Step 6450/25000 Loss: 0.0383 | 0.07s/step | ETA 00:22m
[Epoch 3] Step 6500/25000 Loss: 0.0411 | 0.07s/step | ETA 00:22m
[Epoch 3] Step 6550/25000 Loss: 0.0394 | 0.07s/step | ETA 00:22m
[Epoch 3] Step 6600/25000 Loss: 0.0410 | 0.07s/step | ETA 00:22m
[Epoch 3] Step 6650/25000 Loss: 0.0398 | 0.07s/step | ETA 00:21m
[Epoch 3] Step 6700/25000 Loss: 0.0400 | 0.07s/step | ETA 00:21m
[Epoch 3] Step 6750/25000 Loss: 0.0405 | 0.07s/step | ETA 00:22m
[Epoch 3] Step 6800/25000 Loss: 0.0401 | 0.07s/step | ETA 00:21m
[Epoch 3] Step 6850/25000 Loss: 0.0394 | 0.07s/step | ETA 00:21m
[Epoch 3] Step 6900/25000 Loss: 0.0417 | 0.07s/step | ETA 00:21m
[Epoch 3] Step 6950/25000 Loss: 0.0398 | 0.07s/step | ETA 00:21m
[Epoch 3] Step 7000/25000 Loss: 0.0404 | 0.07s/step | ETA 00:21m
[Epoch 3] Step 7050/25000 Loss: 0.0389 | 0.07s/step | ETA 00:21m
[Epoch 3] Step 7100/25000 Loss: 0.0395 | 0.07s/step | ETA 00:21m
[Epoch 3] Step 7150/25000 Loss: 0.0395 | 0.07s/step | ETA 00:21m
[Epoch 3] Step 7200/25000 Loss: 0.0403 | 0.07s/step | ETA 00:21m
[Epoch 3] Step 7250/25000 Loss: 0.0385 | 0.07s/step | ETA 00:21m
[Epoch 3] Step 7300/25000 Loss: 0.0373 | 0.07s/step | ETA 00:21m
[Epoch 3] Step 7350/25000 Loss: 0.0379 | 0.07s/step | ETA 00:20m
[Epoch 3] Step 7400/25000 Loss: 0.0393 | 0.07s/step | ETA 00:21m
[Epoch 3] Step 7450/25000 Loss: 0.0378 | 0.07s/step | ETA 00:20m
[Epoch 3] Step 7500/25000 Loss: 0.0373 | 0.07s/step | ETA 00:20m
[Epoch 3] Step 7550/25000 Loss: 0.0383 | 0.07s/step | ETA 00:20m
[Epoch 3] Step 7600/25000 Loss: 0.0404 | 0.07s/step | ETA 00:20m
[Epoch 3] Step 7650/25000 Loss: 0.0370 | 0.07s/step | ETA 00:20m
[Epoch 3] Step 7700/25000 Loss: 0.0380 | 0.07s/step | ETA 00:20m
[Epoch 3] Step 7750/25000 Loss: 0.0362 | 0.07s/step | ETA 00:20m
[Epoch 3] Step 7800/25000 Loss: 0.0368 | 0.07s/step | ETA 00:20m
[Epoch 3] Step 7850/25000 Loss: 0.0403 | 0.07s/step | ETA 00:20m
[Epoch 3] Step 7900/25000 Loss: 0.0389 | 0.07s/step | ETA 00:20m
[Epoch 3] Step 7950/25000 Loss: 0.0369 | 0.07s/step | ETA 00:21m
[Epoch 3] Step 8000/25000 Loss: 0.0387 | 0.07s/step | ETA 00:20m
[Epoch 3] Step 8050/25000 Loss: 0.0369 | 0.07s/step | ETA 00:20m
[Epoch 3] Step 8100/25000 Loss: 0.0380 | 0.07s/step | ETA 00:20m
[Epoch 3] Step 8150/25000 Loss: 0.0398 | 0.07s/step | ETA 00:20m
[Epoch 3] Step 8200/25000 Loss: 0.0368 | 0.07s/step | ETA 00:19m
[Epoch 3] Step 8250/25000 Loss: 0.0388 | 0.07s/step | ETA 00:19m
[Epoch 3] Step 8300/25000 Loss: 0.0390 | 0.07s/step | ETA 00:19m
[Epoch 3] Step 8350/25000 Loss: 0.0363 | 0.07s/step | ETA 00:20m
[Epoch 3] Step 8400/25000 Loss: 0.0382 | 0.07s/step | ETA 00:19m
[Epoch 3] Step 8450/25000 Loss: 0.0389 | 0.07s/step | ETA 00:19m
[Epoch 3] Step 8500/25000 Loss: 0.0382 | 0.07s/step | ETA 00:19m
[Epoch 3] Step 8550/25000 Loss: 0.0383 | 0.07s/step | ETA 00:19m
[Epoch 3] Step 8600/25000 Loss: 0.0394 | 0.07s/step | ETA 00:19m
[Epoch 3] Step 8650/25000 Loss: 0.0393 | 0.07s/step | ETA 00:19m
[Epoch 3] Step 8700/25000 Loss: 0.0396 | 0.07s/step | ETA 00:19m
[Epoch 3] Step 8750/25000 Loss: 0.0373 | 0.07s/step | ETA 00:19m
[Epoch 3] Step 8800/25000 Loss: 0.0414 | 0.07s/step | ETA 00:19m
[Epoch 3] Step 8850/25000 Loss: 0.0388 | 0.07s/step | ETA 00:19m
[Epoch 3] Step 8900/25000 Loss: 0.0375 | 0.07s/step | ETA 00:19m
[Epoch 3] Step 8950/25000 Loss: 0.0385 | 0.07s/step | ETA 00:18m
[Epoch 3] Step 9000/25000 Loss: 0.0395 | 0.07s/step | ETA 00:19m
[Epoch 3] Step 9050/25000 Loss: 0.0404 | 0.07s/step | ETA 00:18m
[Epoch 3] Step 9100/25000 Loss: 0.0394 | 0.07s/step | ETA 00:19m
[Epoch 3] Step 9150/25000 Loss: 0.0372 | 0.07s/step | ETA 00:18m
[Epoch 3] Step 9200/25000 Loss: 0.0374 | 0.07s/step | ETA 00:18m
[Epoch 3] Step 9250/25000 Loss: 0.0379 | 0.07s/step | ETA 00:18m
[Epoch 3] Step 9300/25000 Loss: 0.0372 | 0.07s/step | ETA 00:18m
[Epoch 3] Step 9350/25000 Loss: 0.0384 | 0.07s/step | ETA 00:18m
[Epoch 3] Step 9400/25000 Loss: 0.0379 | 0.07s/step | ETA 00:18m
[Epoch 3] Step 9450/25000 Loss: 0.0366 | 0.07s/step | ETA 00:18m
[Epoch 3] Step 9500/25000 Loss: 0.0359 | 0.07s/step | ETA 00:18m
[Epoch 3] Step 9550/25000 Loss: 0.0378 | 0.07s/step | ETA 00:18m
[Epoch 3] Step 9600/25000 Loss: 0.0343 | 0.07s/step | ETA 00:18m
[Epoch 3] Step 9650/25000 Loss: 0.0359 | 0.07s/step | ETA 00:18m
[Epoch 3] Step 9700/25000 Loss: 0.0350 | 0.07s/step | ETA 00:18m
[Epoch 3] Step 9750/25000 Loss: 0.0391 | 0.07s/step | ETA 00:17m
[Epoch 3] Step 9800/25000 Loss: 0.0383 | 0.07s/step | ETA 00:18m
[Epoch 3] Step 9850/25000 Loss: 0.0380 | 0.07s/step | ETA 00:18m
[Epoch 3] Step 9900/25000 Loss: 0.0371 | 0.07s/step | ETA 00:17m
[Epoch 3] Step 9950/25000 Loss: 0.0384 | 0.07s/step | ETA 00:17m
[Epoch 3] Step 10000/25000 Loss: 0.0360 | 0.07s/step | ETA 00:17m
[Epoch 3] Step 10050/25000 Loss: 0.0362 | 0.07s/step | ETA 00:17m
[Epoch 3] Step 10100/25000 Loss: 0.0357 | 0.07s/step | ETA 00:17m
[Epoch 3] Step 10150/25000 Loss: 0.0343 | 0.07s/step | ETA 00:17m
[Epoch 3] Step 10200/25000 Loss: 0.0363 | 0.07s/step | ETA 00:17m
[Epoch 3] Step 10250/25000 Loss: 0.0363 | 0.07s/step | ETA 00:17m
[Epoch 3] Step 10300/25000 Loss: 0.0357 | 0.07s/step | ETA 00:18m
[Epoch 3] Step 10350/25000 Loss: 0.0360 | 0.07s/step | ETA 00:17m
[Epoch 3] Step 10400/25000 Loss: 0.0362 | 0.07s/step | ETA 00:17m
[Epoch 3] Step 10450/25000 Loss: 0.0361 | 0.07s/step | ETA 00:17m
[Epoch 3] Step 10500/25000 Loss: 0.0370 | 0.07s/step | ETA 00:17m
[Epoch 3] Step 10550/25000 Loss: 0.0375 | 0.07s/step | ETA 00:17m
[Epoch 3] Step 10600/25000 Loss: 0.0374 | 0.07s/step | ETA 00:17m
[Epoch 3] Step 10650/25000 Loss: 0.0363 | 0.07s/step | ETA 00:16m
[Epoch 3] Step 10700/25000 Loss: 0.0362 | 0.07s/step | ETA 00:17m
[Epoch 3] Step 10750/25000 Loss: 0.0371 | 0.07s/step | ETA 00:16m
[Epoch 3] Step 10800/25000 Loss: 0.0365 | 0.07s/step | ETA 00:16m
[Epoch 3] Step 10850/25000 Loss: 0.0361 | 0.07s/step | ETA 00:16m
[Epoch 3] Step 10900/25000 Loss: 0.0364 | 0.07s/step | ETA 00:16m
[Epoch 3] Step 10950/25000 Loss: 0.0370 | 0.07s/step | ETA 00:16m
[Epoch 3] Step 11000/25000 Loss: 0.0350 | 0.07s/step | ETA 00:16m
[Epoch 3] Step 11050/25000 Loss: 0.0555 | 0.07s/step | ETA 00:16m
[Epoch 3] Step 11100/25000 Loss: 0.0442 | 0.07s/step | ETA 00:16m
[Epoch 3] Step 11150/25000 Loss: 0.0407 | 0.07s/step | ETA 00:16m
[Epoch 3] Step 11200/25000 Loss: 0.0385 | 0.07s/step | ETA 00:16m
[Epoch 3] Step 11250/25000 Loss: 0.0387 | 0.07s/step | ETA 00:16m
[Epoch 3] Step 11300/25000 Loss: 0.0406 | 0.07s/step | ETA 00:16m
[Epoch 3] Step 11350/25000 Loss: 0.0394 | 0.07s/step | ETA 00:16m
[Epoch 3] Step 11400/25000 Loss: 0.0373 | 0.07s/step | ETA 00:16m
[Epoch 3] Step 11450/25000 Loss: 0.0375 | 0.07s/step | ETA 00:16m
[Epoch 3] Step 11500/25000 Loss: 0.0357 | 0.07s/step | ETA 00:16m
[Epoch 3] Step 11550/25000 Loss: 0.0366 | 0.07s/step | ETA 00:16m
[Epoch 3] Step 11600/25000 Loss: 0.0365 | 0.07s/step | ETA 00:16m
[Epoch 3] Step 11650/25000 Loss: 0.0365 | 0.07s/step | ETA 00:15m
[Epoch 3] Step 11700/25000 Loss: 0.0382 | 0.07s/step | ETA 00:15m
[Epoch 3] Step 11750/25000 Loss: 0.0362 | 0.07s/step | ETA 00:16m
[Epoch 3] Step 11800/25000 Loss: 0.0367 | 0.07s/step | ETA 00:15m
[Epoch 3] Step 11850/25000 Loss: 0.0377 | 0.07s/step | ETA 00:15m
[Epoch 3] Step 11900/25000 Loss: 0.0353 | 0.07s/step | ETA 00:15m
[Epoch 3] Step 11950/25000 Loss: 0.0358 | 0.07s/step | ETA 00:15m
[Epoch 3] Step 12000/25000 Loss: 0.0359 | 0.07s/step | ETA 00:15m
[Epoch 3] Step 12050/25000 Loss: 0.0358 | 0.07s/step | ETA 00:15m
[Epoch 3] Step 12100/25000 Loss: 0.0363 | 0.07s/step | ETA 00:15m
[Epoch 3] Step 12150/25000 Loss: 0.0347 | 0.07s/step | ETA 00:15m
[Epoch 3] Step 12200/25000 Loss: 0.0399 | 0.07s/step | ETA 00:15m
[Epoch 3] Step 12250/25000 Loss: 0.0364 | 0.07s/step | ETA 00:15m
[Epoch 3] Step 12300/25000 Loss: 0.0358 | 0.07s/step | ETA 00:15m
[Epoch 3] Step 12350/25000 Loss: 0.0336 | 0.07s/step | ETA 00:15m
[Epoch 3] Step 12400/25000 Loss: 0.0406 | 0.07s/step | ETA 00:15m
[Epoch 3] Step 12450/25000 Loss: 0.0379 | 0.07s/step | ETA 00:14m
[Epoch 3] Step 12500/25000 Loss: 0.0383 | 0.07s/step | ETA 00:14m
[Epoch 3] Step 12550/25000 Loss: 0.0361 | 0.07s/step | ETA 00:14m
[Epoch 3] Step 12600/25000 Loss: 0.0373 | 0.08s/step | ETA 00:15m
[Epoch 3] Step 12650/25000 Loss: 0.0370 | 0.07s/step | ETA 00:14m
[Epoch 3] Step 12700/25000 Loss: 0.0359 | 0.07s/step | ETA 00:14m
[Epoch 3] Step 12750/25000 Loss: 0.0350 | 0.07s/step | ETA 00:14m
[Epoch 3] Step 12800/25000 Loss: 0.0364 | 0.07s/step | ETA 00:14m
[Epoch 3] Step 12850/25000 Loss: 0.0377 | 0.07s/step | ETA 00:14m
[Epoch 3] Step 12900/25000 Loss: 0.0351 | 0.07s/step | ETA 00:14m
[Epoch 3] Step 12950/25000 Loss: 0.0355 | 0.07s/step | ETA 00:14m
[Epoch 3] Step 13000/25000 Loss: 0.0347 | 0.07s/step | ETA 00:14m
[Epoch 3] Step 13050/25000 Loss: 0.0357 | 0.07s/step | ETA 00:14m
[Epoch 3] Step 13100/25000 Loss: 0.0338 | 0.07s/step | ETA 00:14m
[Epoch 3] Step 13150/25000 Loss: 0.0352 | 0.07s/step | ETA 00:14m
[Epoch 3] Step 13200/25000 Loss: 0.0357 | 0.07s/step | ETA 00:13m
[Epoch 3] Step 13250/25000 Loss: 0.0380 | 0.07s/step | ETA 00:14m
[Epoch 3] Step 13300/25000 Loss: 0.0383 | 0.07s/step | ETA 00:13m
[Epoch 3] Step 13350/25000 Loss: 0.0368 | 0.07s/step | ETA 00:13m
[Epoch 3] Step 13400/25000 Loss: 0.0359 | 0.07s/step | ETA 00:13m
[Epoch 3] Step 13450/25000 Loss: 0.0350 | 0.07s/step | ETA 00:13m
[Epoch 3] Step 13500/25000 Loss: 0.0374 | 0.07s/step | ETA 00:13m
[Epoch 3] Step 13550/25000 Loss: 0.0350 | 0.07s/step | ETA 00:13m
[Epoch 3] Step 13600/25000 Loss: 0.0368 | 0.07s/step | ETA 00:13m
[Epoch 3] Step 13650/25000 Loss: 0.0359 | 0.07s/step | ETA 00:13m
[Epoch 3] Step 13700/25000 Loss: 0.0373 | 0.07s/step | ETA 00:13m
[Epoch 3] Step 13750/25000 Loss: 0.0363 | 0.07s/step | ETA 00:13m
[Epoch 3] Step 13800/25000 Loss: 0.0423 | 0.07s/step | ETA 00:13m
[Epoch 3] Step 13850/25000 Loss: 0.0409 | 0.07s/step | ETA 00:13m
[Epoch 3] Step 13900/25000 Loss: 0.0380 | 0.07s/step | ETA 00:13m
[Epoch 3] Step 13950/25000 Loss: 0.0372 | 0.07s/step | ETA 00:13m
[Epoch 3] Step 14000/25000 Loss: 0.0378 | 0.07s/step | ETA 00:13m
[Epoch 3] Step 14050/25000 Loss: 0.0332 | 0.07s/step | ETA 00:12m
[Epoch 3] Step 14100/25000 Loss: 0.0346 | 0.07s/step | ETA 00:12m
[Epoch 3] Step 14150/25000 Loss: 0.0361 | 0.07s/step | ETA 00:12m
[Epoch 3] Step 14200/25000 Loss: 0.0382 | 0.07s/step | ETA 00:12m
[Epoch 3] Step 14250/25000 Loss: 0.0380 | 0.07s/step | ETA 00:12m
[Epoch 3] Step 14300/25000 Loss: 0.0348 | 0.07s/step | ETA 00:12m
[Epoch 3] Step 14350/25000 Loss: 0.0365 | 0.07s/step | ETA 00:12m
[Epoch 3] Step 14400/25000 Loss: 0.0352 | 0.07s/step | ETA 00:12m
[Epoch 3] Step 14450/25000 Loss: 0.0335 | 0.07s/step | ETA 00:12m
[Epoch 3] Step 14500/25000 Loss: 0.0344 | 0.07s/step | ETA 00:12m
[Epoch 3] Step 14550/25000 Loss: 0.0334 | 0.07s/step | ETA 00:12m
[Epoch 3] Step 14600/25000 Loss: 0.0365 | 0.07s/step | ETA 00:12m
[Epoch 3] Step 14650/25000 Loss: 0.0356 | 0.07s/step | ETA 00:12m
[Epoch 3] Step 14700/25000 Loss: 0.0375 | 0.07s/step | ETA 00:12m
[Epoch 3] Step 14750/25000 Loss: 0.0356 | 0.07s/step | ETA 00:12m
[Epoch 3] Step 14800/25000 Loss: 0.0366 | 0.07s/step | ETA 00:12m
[Epoch 3] Step 14850/25000 Loss: 0.0333 | 0.07s/step | ETA 00:11m
[Epoch 3] Step 14900/25000 Loss: 0.0349 | 0.07s/step | ETA 00:12m
[Epoch 3] Step 14950/25000 Loss: 0.0340 | 0.07s/step | ETA 00:12m
[Epoch 3] Step 15000/25000 Loss: 0.0366 | 0.07s/step | ETA 00:12m
[Epoch 3] Step 15050/25000 Loss: 0.0348 | 0.07s/step | ETA 00:11m
[Epoch 3] Step 15100/25000 Loss: 0.0351 | 0.07s/step | ETA 00:11m
[Epoch 3] Step 15150/25000 Loss: 0.0352 | 0.07s/step | ETA 00:11m
[Epoch 3] Step 15200/25000 Loss: 0.0343 | 0.07s/step | ETA 00:11m
[Epoch 3] Step 15250/25000 Loss: 0.0342 | 0.07s/step | ETA 00:11m
[Epoch 3] Step 15300/25000 Loss: 0.0357 | 0.07s/step | ETA 00:11m
[Epoch 3] Step 15350/25000 Loss: 0.0372 | 0.07s/step | ETA 00:11m
[Epoch 3] Step 15400/25000 Loss: 0.0366 | 0.07s/step | ETA 00:11m
[Epoch 3] Step 15450/25000 Loss: 0.0345 | 0.07s/step | ETA 00:11m
[Epoch 3] Step 15500/25000 Loss: 0.0334 | 0.07s/step | ETA 00:11m
[Epoch 3] Step 15550/25000 Loss: 0.0350 | 0.07s/step | ETA 00:11m
[Epoch 3] Step 15600/25000 Loss: 0.0365 | 0.07s/step | ETA 00:11m
[Epoch 3] Step 15650/25000 Loss: 0.0363 | 0.07s/step | ETA 00:11m
[Epoch 3] Step 15700/25000 Loss: 0.0342 | 0.07s/step | ETA 00:11m
[Epoch 3] Step 15750/25000 Loss: 0.0354 | 0.07s/step | ETA 00:10m
[Epoch 3] Step 15800/25000 Loss: 0.0340 | 0.07s/step | ETA 00:10m
[Epoch 3] Step 15850/25000 Loss: 0.0335 | 0.07s/step | ETA 00:10m
[Epoch 3] Step 15900/25000 Loss: 0.0350 | 0.07s/step | ETA 00:10m
[Epoch 3] Step 15950/25000 Loss: 0.0358 | 0.07s/step | ETA 00:10m
[Epoch 3] Step 16000/25000 Loss: 0.0397 | 0.07s/step | ETA 00:10m
[Epoch 3] Step 16050/25000 Loss: 0.0335 | 0.07s/step | ETA 00:10m
[Epoch 3] Step 16100/25000 Loss: 0.0360 | 0.07s/step | ETA 00:10m
[Epoch 3] Step 16150/25000 Loss: 0.0336 | 0.08s/step | ETA 00:11m
[Epoch 3] Step 16200/25000 Loss: 0.0347 | 0.07s/step | ETA 00:10m
[Epoch 3] Step 16250/25000 Loss: 0.0354 | 0.07s/step | ETA 00:10m
[Epoch 3] Step 16300/25000 Loss: 0.0351 | 0.07s/step | ETA 00:10m
[Epoch 3] Step 16350/25000 Loss: 0.0375 | 0.07s/step | ETA 00:10m
[Epoch 3] Step 16400/25000 Loss: 0.0333 | 0.07s/step | ETA 00:10m
[Epoch 3] Step 16450/25000 Loss: 0.0341 | 0.07s/step | ETA 00:10m
[Epoch 3] Step 16500/25000 Loss: 0.0342 | 0.07s/step | ETA 00:10m
[Epoch 3] Step 16550/25000 Loss: 0.0338 | 0.07s/step | ETA 00:10m
[Epoch 3] Step 16600/25000 Loss: 0.0332 | 0.07s/step | ETA 00:10m
[Epoch 3] Step 16650/25000 Loss: 0.0349 | 0.07s/step | ETA 00:10m
[Epoch 3] Step 16700/25000 Loss: 0.0348 | 0.07s/step | ETA 00:10m
[Epoch 3] Step 16750/25000 Loss: 0.0333 | 0.07s/step | ETA 00:10m
[Epoch 3] Step 16800/25000 Loss: 0.0350 | 0.07s/step | ETA 00:09m
[Epoch 3] Step 16850/25000 Loss: 0.0349 | 0.07s/step | ETA 00:09m
[Epoch 3] Step 16900/25000 Loss: 0.0350 | 0.07s/step | ETA 00:09m
[Epoch 3] Step 16950/25000 Loss: 0.0356 | 0.07s/step | ETA 00:09m
[Epoch 3] Step 17000/25000 Loss: 0.0348 | 0.07s/step | ETA 00:09m
[Epoch 3] Step 17050/25000 Loss: 0.0349 | 0.07s/step | ETA 00:09m
[Epoch 3] Step 17100/25000 Loss: 0.0344 | 0.07s/step | ETA 00:09m
[Epoch 3] Step 17150/25000 Loss: 0.0342 | 0.07s/step | ETA 00:09m
[Epoch 3] Step 17200/25000 Loss: 0.0336 | 0.07s/step | ETA 00:09m
[Epoch 3] Step 17250/25000 Loss: 0.0354 | 0.07s/step | ETA 00:09m
[Epoch 3] Step 17300/25000 Loss: 0.0361 | 0.08s/step | ETA 00:09m
[Epoch 3] Step 17350/25000 Loss: 0.0344 | 0.07s/step | ETA 00:09m
[Epoch 3] Step 17400/25000 Loss: 0.0364 | 0.07s/step | ETA 00:09m
[Epoch 3] Step 17450/25000 Loss: 0.0351 | 0.07s/step | ETA 00:08m
[Epoch 3] Step 17500/25000 Loss: 0.0368 | 0.07s/step | ETA 00:08m
[Epoch 3] Step 17550/25000 Loss: 0.0366 | 0.07s/step | ETA 00:08m
[Epoch 3] Step 17600/25000 Loss: 0.0351 | 0.07s/step | ETA 00:08m
[Epoch 3] Step 17650/25000 Loss: 0.0336 | 0.07s/step | ETA 00:08m
[Epoch 3] Step 17700/25000 Loss: 0.0340 | 0.07s/step | ETA 00:08m
[Epoch 3] Step 17750/25000 Loss: 0.0338 | 0.07s/step | ETA 00:08m
[Epoch 3] Step 17800/25000 Loss: 0.0339 | 0.07s/step | ETA 00:08m
[Epoch 3] Step 17850/25000 Loss: 0.0353 | 0.07s/step | ETA 00:08m
[Epoch 3] Step 17900/25000 Loss: 0.0338 | 0.07s/step | ETA 00:08m
[Epoch 3] Step 17950/25000 Loss: 0.0335 | 0.07s/step | ETA 00:08m
[Epoch 3] Step 18000/25000 Loss: 0.0332 | 0.07s/step | ETA 00:08m
[Epoch 3] Step 18050/25000 Loss: 0.0354 | 0.07s/step | ETA 00:08m
[Epoch 3] Step 18100/25000 Loss: 0.0362 | 0.07s/step | ETA 00:08m
[Epoch 3] Step 18150/25000 Loss: 0.0335 | 0.07s/step | ETA 00:08m
[Epoch 3] Step 18200/25000 Loss: 0.0351 | 0.07s/step | ETA 00:08m
[Epoch 3] Step 18250/25000 Loss: 0.0332 | 0.07s/step | ETA 00:07m
[Epoch 3] Step 18300/25000 Loss: 0.0345 | 0.07s/step | ETA 00:07m
[Epoch 3] Step 18350/25000 Loss: 0.0351 | 0.07s/step | ETA 00:07m
[Epoch 3] Step 18400/25000 Loss: 0.0340 | 0.07s/step | ETA 00:07m
[Epoch 3] Step 18450/25000 Loss: 0.0337 | 0.07s/step | ETA 00:08m
[Epoch 3] Step 18500/25000 Loss: 0.0359 | 0.07s/step | ETA 00:07m
[Epoch 3] Step 18550/25000 Loss: 0.0351 | 0.07s/step | ETA 00:07m
[Epoch 3] Step 18600/25000 Loss: 0.0356 | 0.07s/step | ETA 00:07m
[Epoch 3] Step 18650/25000 Loss: 0.0336 | 0.07s/step | ETA 00:07m
[Epoch 3] Step 18700/25000 Loss: 0.0355 | 0.07s/step | ETA 00:07m
[Epoch 3] Step 18750/25000 Loss: 0.0344 | 0.07s/step | ETA 00:07m
[Epoch 3] Step 18800/25000 Loss: 0.0354 | 0.07s/step | ETA 00:07m
[Epoch 3] Step 18850/25000 Loss: 0.0344 | 0.07s/step | ETA 00:07m
[Epoch 3] Step 18900/25000 Loss: 0.0336 | 0.07s/step | ETA 00:07m
[Epoch 3] Step 18950/25000 Loss: 0.0333 | 0.07s/step | ETA 00:07m
[Epoch 3] Step 19000/25000 Loss: 0.0323 | 0.07s/step | ETA 00:07m
[Epoch 3] Step 19050/25000 Loss: 0.0326 | 0.07s/step | ETA 00:07m
[Epoch 3] Step 19100/25000 Loss: 0.0339 | 0.07s/step | ETA 00:07m
[Epoch 3] Step 19150/25000 Loss: 0.0328 | 0.07s/step | ETA 00:06m
[Epoch 3] Step 19200/25000 Loss: 0.0331 | 0.07s/step | ETA 00:06m
[Epoch 3] Step 19250/25000 Loss: 0.0339 | 0.07s/step | ETA 00:06m
[Epoch 3] Step 19300/25000 Loss: 0.0342 | 0.07s/step | ETA 00:06m
[Epoch 3] Step 19350/25000 Loss: 0.0329 | 0.07s/step | ETA 00:06m
[Epoch 3] Step 19400/25000 Loss: 0.0329 | 0.07s/step | ETA 00:06m
[Epoch 3] Step 19450/25000 Loss: 0.0315 | 0.07s/step | ETA 00:06m
[Epoch 3] Step 19500/25000 Loss: 0.0354 | 0.07s/step | ETA 00:06m
[Epoch 3] Step 19550/25000 Loss: 0.0338 | 0.07s/step | ETA 00:06m
[Epoch 3] Step 19600/25000 Loss: 0.0347 | 0.07s/step | ETA 00:06m
[Epoch 3] Step 19650/25000 Loss: 0.0343 | 0.08s/step | ETA 00:06m
[Epoch 3] Step 19700/25000 Loss: 0.0337 | 0.07s/step | ETA 00:06m
[Epoch 3] Step 19750/25000 Loss: 0.0369 | 0.07s/step | ETA 00:06m
[Epoch 3] Step 19800/25000 Loss: 0.0362 | 0.07s/step | ETA 00:06m
[Epoch 3] Step 19850/25000 Loss: 0.0349 | 0.07s/step | ETA 00:06m
[Epoch 3] Step 19900/25000 Loss: 0.0337 | 0.07s/step | ETA 00:06m
[Epoch 3] Step 19950/25000 Loss: 0.0329 | 0.07s/step | ETA 00:05m
[Epoch 3] Step 20000/25000 Loss: 0.0352 | 0.07s/step | ETA 00:06m
[Epoch 3] Step 20050/25000 Loss: 0.0380 | 0.07s/step | ETA 00:05m
[Epoch 3] Step 20100/25000 Loss: 0.0355 | 0.07s/step | ETA 00:05m
[Epoch 3] Step 20150/25000 Loss: 0.0344 | 0.07s/step | ETA 00:05m
[Epoch 3] Step 20200/25000 Loss: 0.0346 | 0.07s/step | ETA 00:05m
[Epoch 3] Step 20250/25000 Loss: 0.0336 | 0.07s/step | ETA 00:05m
[Epoch 3] Step 20300/25000 Loss: 0.0348 | 0.07s/step | ETA 00:05m
[Epoch 3] Step 20350/25000 Loss: 0.0330 | 0.07s/step | ETA 00:05m
[Epoch 3] Step 20400/25000 Loss: 0.0347 | 0.07s/step | ETA 00:05m
[Epoch 3] Step 20450/25000 Loss: 0.0367 | 0.07s/step | ETA 00:05m
[Epoch 3] Step 20500/25000 Loss: 0.0331 | 0.07s/step | ETA 00:05m
[Epoch 3] Step 20550/25000 Loss: 0.0324 | 0.07s/step | ETA 00:05m
[Epoch 3] Step 20600/25000 Loss: 0.0315 | 0.07s/step | ETA 00:05m
[Epoch 3] Step 20650/25000 Loss: 0.0336 | 0.07s/step | ETA 00:05m
[Epoch 3] Step 20700/25000 Loss: 0.0323 | 0.07s/step | ETA 00:05m
[Epoch 3] Step 20750/25000 Loss: 0.0332 | 0.07s/step | ETA 00:05m
[Epoch 3] Step 20800/25000 Loss: 0.0326 | 0.07s/step | ETA 00:05m
[Epoch 3] Step 20850/25000 Loss: 0.0314 | 0.07s/step | ETA 00:04m
[Epoch 3] Step 20900/25000 Loss: 0.0317 | 0.07s/step | ETA 00:04m
[Epoch 3] Step 20950/25000 Loss: 0.0318 | 0.07s/step | ETA 00:04m
[Epoch 3] Step 21000/25000 Loss: 0.0329 | 0.07s/step | ETA 00:04m
[Epoch 3] Step 21050/25000 Loss: 0.0305 | 0.07s/step | ETA 00:04m
[Epoch 3] Step 21100/25000 Loss: 0.0331 | 0.07s/step | ETA 00:04m
[Epoch 3] Step 21150/25000 Loss: 0.0311 | 0.07s/step | ETA 00:04m
[Epoch 3] Step 21200/25000 Loss: 0.0324 | 0.07s/step | ETA 00:04m
[Epoch 3] Step 21250/25000 Loss: 0.0323 | 0.07s/step | ETA 00:04m
[Epoch 3] Step 21300/25000 Loss: 0.0322 | 0.07s/step | ETA 00:04m
[Epoch 3] Step 21350/25000 Loss: 0.0338 | 0.07s/step | ETA 00:04m
[Epoch 3] Step 21400/25000 Loss: 0.0351 | 0.07s/step | ETA 00:04m
[Epoch 3] Step 21450/25000 Loss: 0.0356 | 0.07s/step | ETA 00:04m
[Epoch 3] Step 21500/25000 Loss: 0.0336 | 0.07s/step | ETA 00:04m
[Epoch 3] Step 21550/25000 Loss: 0.0338 | 0.07s/step | ETA 00:04m
[Epoch 3] Step 21600/25000 Loss: 0.0343 | 0.07s/step | ETA 00:03m
[Epoch 3] Step 21650/25000 Loss: 0.0338 | 0.07s/step | ETA 00:04m
[Epoch 3] Step 21700/25000 Loss: 0.0330 | 0.07s/step | ETA 00:03m
[Epoch 3] Step 21750/25000 Loss: 0.0341 | 0.07s/step | ETA 00:03m
[Epoch 3] Step 21800/25000 Loss: 0.0340 | 0.07s/step | ETA 00:03m
[Epoch 3] Step 21850/25000 Loss: 0.0329 | 0.07s/step | ETA 00:03m
[Epoch 3] Step 21900/25000 Loss: 0.0364 | 0.07s/step | ETA 00:03m
[Epoch 3] Step 21950/25000 Loss: 0.0336 | 0.07s/step | ETA 00:03m
[Epoch 3] Step 22000/25000 Loss: 0.0329 | 0.07s/step | ETA 00:03m
[Epoch 3] Step 22050/25000 Loss: 0.0332 | 0.07s/step | ETA 00:03m
[Epoch 3] Step 22100/25000 Loss: 0.0331 | 0.07s/step | ETA 00:03m
[Epoch 3] Step 22150/25000 Loss: 0.0335 | 0.07s/step | ETA 00:03m
[Epoch 3] Step 22200/25000 Loss: 0.0329 | 0.07s/step | ETA 00:03m
[Epoch 3] Step 22250/25000 Loss: 0.0325 | 0.07s/step | ETA 00:03m
[Epoch 3] Step 22300/25000 Loss: 0.0346 | 0.07s/step | ETA 00:03m
[Epoch 3] Step 22350/25000 Loss: 0.0324 | 0.07s/step | ETA 00:03m
[Epoch 3] Step 22400/25000 Loss: 0.0351 | 0.07s/step | ETA 00:03m
[Epoch 3] Step 22450/25000 Loss: 0.0328 | 0.07s/step | ETA 00:03m
[Epoch 3] Step 22500/25000 Loss: 0.0308 | 0.07s/step | ETA 00:03m
[Epoch 3] Step 22550/25000 Loss: 0.0322 | 0.07s/step | ETA 00:02m
[Epoch 3] Step 22600/25000 Loss: 0.0323 | 0.07s/step | ETA 00:02m
[Epoch 3] Step 22650/25000 Loss: 0.0319 | 0.07s/step | ETA 00:02m
[Epoch 3] Step 22700/25000 Loss: 0.0325 | 0.07s/step | ETA 00:02m
[Epoch 3] Step 22750/25000 Loss: 0.0344 | 0.07s/step | ETA 00:02m
[Epoch 3] Step 22800/25000 Loss: 0.0320 | 0.07s/step | ETA 00:02m
[Epoch 3] Step 22850/25000 Loss: 0.0307 | 0.07s/step | ETA 00:02m
[Epoch 3] Step 22900/25000 Loss: 0.0328 | 0.07s/step | ETA 00:02m
[Epoch 3] Step 22950/25000 Loss: 0.0324 | 0.07s/step | ETA 00:02m
[Epoch 3] Step 23000/25000 Loss: 0.0342 | 0.07s/step | ETA 00:02m
[Epoch 3] Step 23050/25000 Loss: 0.0344 | 0.07s/step | ETA 00:02m
[Epoch 3] Step 23100/25000 Loss: 0.0326 | 0.07s/step | ETA 00:02m
[Epoch 3] Step 23150/25000 Loss: 0.0351 | 0.08s/step | ETA 00:02m
[Epoch 3] Step 23200/25000 Loss: 0.0325 | 0.07s/step | ETA 00:02m
[Epoch 3] Step 23250/25000 Loss: 0.0315 | 0.07s/step | ETA 00:02m
[Epoch 3] Step 23300/25000 Loss: 0.0314 | 0.07s/step | ETA 00:02m
[Epoch 3] Step 23350/25000 Loss: 0.0325 | 0.07s/step | ETA 00:01m
[Epoch 3] Step 23400/25000 Loss: 0.0353 | 0.07s/step | ETA 00:01m
[Epoch 3] Step 23450/25000 Loss: 0.0357 | 0.07s/step | ETA 00:01m
[Epoch 3] Step 23500/25000 Loss: 0.0361 | 0.07s/step | ETA 00:01m
[Epoch 3] Step 23550/25000 Loss: 0.0317 | 0.07s/step | ETA 00:01m
[Epoch 3] Step 23600/25000 Loss: 0.0312 | 0.07s/step | ETA 00:01m
[Epoch 3] Step 23650/25000 Loss: 0.0335 | 0.07s/step | ETA 00:01m
[Epoch 3] Step 23700/25000 Loss: 0.0314 | 0.07s/step | ETA 00:01m
[Epoch 3] Step 23750/25000 Loss: 0.0321 | 0.07s/step | ETA 00:01m
[Epoch 3] Step 23800/25000 Loss: 0.0384 | 0.07s/step | ETA 00:01m
[Epoch 3] Step 23850/25000 Loss: 0.0343 | 0.07s/step | ETA 00:01m
[Epoch 3] Step 23900/25000 Loss: 0.0346 | 0.07s/step | ETA 00:01m
[Epoch 3] Step 23950/25000 Loss: 0.0323 | 0.07s/step | ETA 00:01m
[Epoch 3] Step 24000/25000 Loss: 0.0334 | 0.07s/step | ETA 00:01m
[Epoch 3] Step 24050/25000 Loss: 0.0338 | 0.07s/step | ETA 00:01m
[Epoch 3] Step 24100/25000 Loss: 0.0336 | 0.07s/step | ETA 00:01m
[Epoch 3] Step 24150/25000 Loss: 0.0332 | 0.07s/step | ETA 00:01m
[Epoch 3] Step 24200/25000 Loss: 0.0345 | 0.07s/step | ETA 00:00m
[Epoch 3] Step 24250/25000 Loss: 0.0336 | 0.07s/step | ETA 00:00m
[Epoch 3] Step 24300/25000 Loss: 0.0356 | 0.08s/step | ETA 00:00m
[Epoch 3] Step 24350/25000 Loss: 0.0325 | 0.07s/step | ETA 00:00m
[Epoch 3] Step 24400/25000 Loss: 0.0328 | 0.07s/step | ETA 00:00m
[Epoch 3] Step 24450/25000 Loss: 0.0350 | 0.07s/step | ETA 00:00m
[Epoch 3] Step 24500/25000 Loss: 0.0321 | 0.07s/step | ETA 00:00m
[Epoch 3] Step 24550/25000 Loss: 0.0308 | 0.07s/step | ETA 00:00m
[Epoch 3] Step 24600/25000 Loss: 0.0308 | 0.07s/step | ETA 00:00m
[Epoch 3] Step 24650/25000 Loss: 0.0315 | 0.07s/step | ETA 00:00m
[Epoch 3] Step 24700/25000 Loss: 0.0314 | 0.07s/step | ETA 00:00m
[Epoch 3] Step 24750/25000 Loss: 0.0326 | 0.07s/step | ETA 00:00m
[Epoch 3] Step 24800/25000 Loss: 0.0331 | 0.07s/step | ETA 00:00m
[Epoch 3] Step 24850/25000 Loss: 0.0318 | 0.07s/step | ETA 00:00m
[Epoch 3] Step 24900/25000 Loss: 0.0323 | 0.07s/step | ETA 00:00m
[Epoch 3] Step 24950/25000 Loss: 0.0307 | 0.07s/step | ETA 00:00m
[Epoch 3] Step 25000/25000 Loss: 0.0314 | 0.07s/step | ETA 00:00m
[Epoch 3] ValLoss: 0.0845 | Acc: 0.9785 | mIoU: 0.3696 | 31.9 min
[Checkpoint] Saved to /home/channagiri.b/SmallData_Project/Output_Sanity/segformer_b2_best.pth
[Checkpoint] Saved to /home/channagiri.b/SmallData_Project/Output_Sanity/segformer_b2_epoch_3.pth
[Training Complete]
